abr 07, 2021 4:35:24 PM org.eclipse.birt.report.engine.api.impl.ReportEngine <init>
DETALLADO: ReportEngine created. EngineConfig: EngineConfig: logDest=/usr/share/tomcat/webapps/birt2/logs;maxRowsPerQuery=-1;logLevel=ALL;org.eclipse.birt.report.engine.api.EngineConfig.scriptObjects={webapplication.projectclasspath=, PARENT_CLASSLOADER=WebappClassLoader
  context: /birt2
  delegate: false
  repositories:
----------> Parent Classloader:
java.net.URLClassLoader@7a81197d
};BIRT_HOME=;PLATFORM_CONTEXT=org.eclipse.birt.core.framework.PlatformServletContext@31681c8a;org.eclipse.birt.report.engine.api.EngineConfig.emitterConfigs={html=org.eclipse.birt.report.engine.api.HTMLRenderOption@1488ff8b}; 
abr 07, 2021 4:35:24 PM org.eclipse.birt.report.engine.extension.internal.ExtensionManager getExtensions
DETALLADO: Start load extension point: org.eclipse.birt.report.engine.reportitemGeneration
abr 07, 2021 4:35:24 PM org.eclipse.birt.report.engine.extension.internal.ExtensionManager loadGenerationExtensionDefns
DETALLADO: Load generation extension: Chart
abr 07, 2021 4:35:24 PM org.eclipse.birt.report.engine.extension.internal.ExtensionManager getExtensions
DETALLADO: Start load extension point: org.eclipse.birt.report.engine.reportitemPresentation
abr 07, 2021 4:35:24 PM org.eclipse.birt.report.engine.extension.internal.ExtensionManager loadPresentationExtensionDefns
DETALLADO: Load prsentation extension: Chart
abr 07, 2021 4:35:24 PM org.eclipse.birt.report.engine.extension.internal.ExtensionManager getExtensions
DETALLADO: Start load extension point: org.eclipse.birt.report.engine.reportitemQuery
abr 07, 2021 4:35:24 PM org.eclipse.birt.report.engine.extension.internal.ExtensionManager loadQueryExtensionDefns
DETALLADO: Load query extension: Chart
abr 07, 2021 4:35:24 PM org.eclipse.birt.report.engine.extension.internal.ExtensionManager getExtensions
DETALLADO: Start load extension point: org.eclipse.birt.report.engine.emitters
abr 07, 2021 4:35:24 PM org.eclipse.birt.report.engine.extension.internal.ExtensionManager loadEmitterExtensionDefns
DETALLADO: Load html emitter org.eclipse.birt.report.engine.emitter.html
abr 07, 2021 4:35:24 PM org.eclipse.birt.report.engine.extension.internal.ExtensionManager loadEmitterExtensionDefns
DETALLADO: Load pdf emitter org.eclipse.birt.report.engine.emitter.pdf
abr 07, 2021 4:35:24 PM org.eclipse.birt.report.engine.extension.internal.ExtensionManager loadEmitterExtensionDefns
DETALLADO: Load ppt emitter org.eclipse.birt.report.engine.emitter.ppt
abr 07, 2021 4:35:24 PM org.eclipse.birt.report.engine.extension.internal.ExtensionManager loadEmitterExtensionDefns
DETALLADO: Load postscript emitter org.eclipse.birt.report.engine.emitter.postscript
abr 07, 2021 4:35:24 PM org.eclipse.birt.report.engine.extension.internal.ExtensionManager loadEmitterExtensionDefns
DETALLADO: Load xls emitter org.eclipse.birt.report.engine.emitter.prototype.excel
abr 07, 2021 4:35:24 PM org.eclipse.birt.report.engine.extension.internal.ExtensionManager loadEmitterExtensionDefns
DETALLADO: Load doc emitter org.eclipse.birt.report.engine.emitter.word
abr 07, 2021 4:35:24 PM org.eclipse.birt.report.engine.extension.internal.ExtensionManager getExtensions
DETALLADO: Start load extension point: org.eclipse.birt.report.engine.reportEventHandler
abr 07, 2021 4:35:24 PM org.eclipse.birt.report.engine.extension.internal.ExtensionManager getExtensions
DETALLADO: Start load extension point: org.eclipse.birt.report.engine.reportItemPreparation
abr 07, 2021 4:35:24 PM org.eclipse.birt.report.engine.extension.internal.ExtensionManager getExtensions
DETALLADO: Start load extension point: org.eclipse.birt.report.engine.dataExtraction
abr 07, 2021 4:35:24 PM org.eclipse.birt.report.engine.extension.internal.ExtensionManager loadDataExtractionExtensions
DETALLADO: Load data extraction extension: org.eclipse.birt.report.engine.dataextraction.csv
abr 07, 2021 4:35:24 PM org.eclipse.birt.report.engine.extension.internal.ExtensionManager getExtensions
DETALLADO: Start load extension point: org.eclipse.birt.report.engine.extendedItemFactory
abr 07, 2021 4:35:24 PM org.eclipse.birt.report.engine.extension.internal.ExtensionManager loadExtendedItems
DETALLADO: Load extendedItem extension: Crosstab
abr 07, 2021 4:35:24 PM org.eclipse.birt.report.engine.extension.internal.ExtensionManager loadExtendedItems
DETALLADO: Load extendedItem extension: CrosstabCell
abr 07, 2021 4:35:24 PM org.eclipse.birt.report.engine.extension.internal.ExtensionManager loadExtendedItems
DETALLADO: Load extendedItem extension: AggregationCell
abr 07, 2021 4:35:38 PM org.eclipse.birt.report.engine.api.impl.ReportEngine openReportDesign
DETALLADO: ReportEngine.openReportDesign: name=file:/usr/share/tomcat/webapps/birt2/remisionxnro.rptdesign, designStream=java.io.FileInputStream@548bcd8e, options={3} 
abr 07, 2021 4:35:38 PM org.eclipse.birt.report.model.util.XMLParserPoolImpl createParser
MÁS DETALLADO: created a new SAX parser
abr 07, 2021 4:35:38 PM org.eclipse.birt.report.model.util.XMLParserPoolImpl createParser
MÁS DETALLADO: created a new SAX parser
abr 07, 2021 4:35:38 PM org.eclipse.birt.report.engine.api.impl.ReportEngine createGetParameterDefinitionTask
DETALLADO: ReportEngine.createGetParameterDefinitionTask: reportRunnable=org.eclipse.birt.report.engine.api.impl.ReportRunnable@50b25d9c 
abr 07, 2021 4:35:38 PM org.eclipse.birt.report.engine.api.impl.EngineTask setAppContext
DETALLADO: EngineTask.setAppContext: context=webapplication.projectclasspath=;PARENT_CLASSLOADER=WebappClassLoader
  context: /birt2
  delegate: false
  repositories:
----------> Parent Classloader:
java.net.URLClassLoader@7a81197d
;
abr 07, 2021 4:35:38 PM org.eclipse.birt.report.engine.api.impl.EngineTask setLocale
DETALLADO: EngineTask.setLocale: locale=español (España)
abr 07, 2021 4:35:39 PM org.eclipse.birt.report.engine.api.impl.EngineTask setAppContext
DETALLADO: EngineTask.setAppContext: context=webapplication.projectclasspath=;CHART_RESOLUTION=null;org.eclipse.birt.data.engine.dataset.cache.option=false;birt.viewer.resource.path=/usr/share/tomcat/webapps/birt2;org.eclipse.birt.data.engine.cube.inmemory.size=0;PARENT_CLASSLOADER=WebappClassLoader
  context: /birt2
  delegate: false
  repositories:
----------> Parent Classloader:
java.net.URLClassLoader@7a81197d
;BIRT_VIEWER_HTTPSERVET_REQUEST=org.apache.catalina.connector.RequestFacade@42166abf;
abr 07, 2021 4:35:39 PM org.eclipse.birt.report.engine.api.impl.EngineTask setAppContext
DETALLADO: EngineTask.setAppContext: context=webapplication.projectclasspath=;PARENT_CLASSLOADER=WebappClassLoader
  context: /birt2
  delegate: false
  repositories:
----------> Parent Classloader:
java.net.URLClassLoader@7a81197d
;BIRT_VIEWER_HTTPSERVET_REQUEST=org.apache.catalina.connector.RequestFacade@42166abf;
abr 07, 2021 4:35:39 PM org.eclipse.birt.report.engine.api.impl.ReportEngine createGetParameterDefinitionTask
DETALLADO: ReportEngine.createGetParameterDefinitionTask: reportRunnable=org.eclipse.birt.report.engine.api.impl.ReportRunnable@50b25d9c 
abr 07, 2021 4:35:39 PM org.eclipse.birt.report.engine.api.impl.EngineTask setAppContext
DETALLADO: EngineTask.setAppContext: context=webapplication.projectclasspath=;PARENT_CLASSLOADER=WebappClassLoader
  context: /birt2
  delegate: false
  repositories:
----------> Parent Classloader:
java.net.URLClassLoader@7a81197d
;
abr 07, 2021 4:35:39 PM org.eclipse.birt.report.engine.api.impl.EngineTask setLocale
DETALLADO: EngineTask.setLocale: locale=español (España)
abr 07, 2021 4:35:39 PM org.eclipse.birt.report.engine.api.impl.EngineTask setAppContext
DETALLADO: EngineTask.setAppContext: context=webapplication.projectclasspath=;CHART_RESOLUTION=null;org.eclipse.birt.data.engine.dataset.cache.option=false;birt.viewer.resource.path=/usr/share/tomcat/webapps/birt2;org.eclipse.birt.data.engine.cube.inmemory.size=0;PARENT_CLASSLOADER=WebappClassLoader
  context: /birt2
  delegate: false
  repositories:
----------> Parent Classloader:
java.net.URLClassLoader@7a81197d
;BIRT_VIEWER_HTTPSERVET_REQUEST=org.apache.catalina.connector.RequestFacade@42166abf;
abr 07, 2021 4:35:39 PM org.eclipse.birt.report.engine.api.impl.EngineTask setAppContext
DETALLADO: EngineTask.setAppContext: context=webapplication.projectclasspath=;PARENT_CLASSLOADER=WebappClassLoader
  context: /birt2
  delegate: false
  repositories:
----------> Parent Classloader:
java.net.URLClassLoader@7a81197d
;BIRT_VIEWER_HTTPSERVET_REQUEST=org.apache.catalina.connector.RequestFacade@42166abf;
abr 07, 2021 4:35:39 PM org.eclipse.birt.report.engine.api.impl.ReportEngine createGetParameterDefinitionTask
DETALLADO: ReportEngine.createGetParameterDefinitionTask: reportRunnable=org.eclipse.birt.report.engine.api.impl.ReportRunnable@50b25d9c 
abr 07, 2021 4:35:39 PM org.eclipse.birt.report.engine.api.impl.EngineTask setAppContext
DETALLADO: EngineTask.setAppContext: context=webapplication.projectclasspath=;PARENT_CLASSLOADER=WebappClassLoader
  context: /birt2
  delegate: false
  repositories:
----------> Parent Classloader:
java.net.URLClassLoader@7a81197d
;
abr 07, 2021 4:35:39 PM org.eclipse.birt.report.engine.api.impl.EngineTask setLocale
DETALLADO: EngineTask.setLocale: locale=español (España)
abr 07, 2021 4:35:39 PM org.eclipse.birt.report.engine.api.impl.EngineTask setAppContext
DETALLADO: EngineTask.setAppContext: context=webapplication.projectclasspath=;CHART_RESOLUTION=null;org.eclipse.birt.data.engine.dataset.cache.option=false;birt.viewer.resource.path=/usr/share/tomcat/webapps/birt2;org.eclipse.birt.data.engine.cube.inmemory.size=0;PARENT_CLASSLOADER=WebappClassLoader
  context: /birt2
  delegate: false
  repositories:
----------> Parent Classloader:
java.net.URLClassLoader@7a81197d
;BIRT_VIEWER_HTTPSERVET_REQUEST=org.apache.catalina.connector.RequestFacade@42166abf;
abr 07, 2021 4:35:39 PM org.eclipse.birt.report.engine.api.impl.EngineTask setAppContext
DETALLADO: EngineTask.setAppContext: context=webapplication.projectclasspath=;PARENT_CLASSLOADER=WebappClassLoader
  context: /birt2
  delegate: false
  repositories:
----------> Parent Classloader:
java.net.URLClassLoader@7a81197d
;BIRT_VIEWER_HTTPSERVET_REQUEST=org.apache.catalina.connector.RequestFacade@42166abf;
abr 07, 2021 4:35:39 PM org.eclipse.birt.report.engine.api.impl.ReportEngine createRunAndRenderTask
DETALLADO: ReportEngine.createRunAndRenderTask: reportRunnable=org.eclipse.birt.report.engine.api.impl.ReportRunnable@50b25d9c 
abr 07, 2021 4:35:39 PM org.eclipse.birt.report.engine.api.impl.EngineTask setAppContext
DETALLADO: EngineTask.setAppContext: context=webapplication.projectclasspath=;PARENT_CLASSLOADER=WebappClassLoader
  context: /birt2
  delegate: false
  repositories:
----------> Parent Classloader:
java.net.URLClassLoader@7a81197d
;
abr 07, 2021 4:35:39 PM org.eclipse.birt.report.engine.api.impl.EngineTask setLocale
DETALLADO: EngineTask.setLocale: locale=español (España)
abr 07, 2021 4:35:39 PM org.eclipse.birt.report.engine.api.impl.EngineTask setParameterValue
DETALLADO: EngineTask.setParameterValue: Numero=4595 [java.lang.String]
abr 07, 2021 4:35:39 PM org.eclipse.birt.report.engine.api.impl.EngineTask setParameterValue
DETALLADO: EngineTask.setParameterValue: tipo=SIMPLE [java.lang.String]
abr 07, 2021 4:35:39 PM org.eclipse.birt.report.engine.api.impl.EngineTask setAppContext
DETALLADO: EngineTask.setAppContext: context=webapplication.projectclasspath=;CHART_RESOLUTION=null;org.eclipse.birt.data.engine.dataset.cache.option=false;birt.viewer.resource.path=/usr/share/tomcat/webapps/birt2;org.eclipse.birt.data.engine.cube.inmemory.size=0;PARENT_CLASSLOADER=WebappClassLoader
  context: /birt2
  delegate: false
  repositories:
----------> Parent Classloader:
java.net.URLClassLoader@7a81197d
;BIRT_VIEWER_HTTPSERVET_REQUEST=org.apache.catalina.connector.RequestFacade@42166abf;
abr 07, 2021 4:35:39 PM org.eclipse.birt.report.engine.api.impl.EngineTask loggerParamters
DETALLADO: Running the report with paramters: tipo:SIMPLE
Numero:4595

abr 07, 2021 4:36:11 PM org.eclipse.birt.report.engine.api.impl.ReportEngine openReportDesign
DETALLADO: ReportEngine.openReportDesign: name=file:/usr/share/tomcat/webapps/birt2/remisionxnro.rptdesign, designStream=java.io.FileInputStream@440d44f0, options={3} 
abr 07, 2021 4:36:11 PM org.eclipse.birt.report.engine.api.impl.ReportEngine createGetParameterDefinitionTask
DETALLADO: ReportEngine.createGetParameterDefinitionTask: reportRunnable=org.eclipse.birt.report.engine.api.impl.ReportRunnable@44d2389b 
abr 07, 2021 4:36:11 PM org.eclipse.birt.report.engine.api.impl.EngineTask setAppContext
DETALLADO: EngineTask.setAppContext: context=webapplication.projectclasspath=;PARENT_CLASSLOADER=WebappClassLoader
  context: /birt2
  delegate: false
  repositories:
----------> Parent Classloader:
java.net.URLClassLoader@7a81197d
;
abr 07, 2021 4:36:11 PM org.eclipse.birt.report.engine.api.impl.EngineTask setLocale
DETALLADO: EngineTask.setLocale: locale=español (España)
abr 07, 2021 4:36:11 PM org.eclipse.birt.report.engine.api.impl.EngineTask setAppContext
DETALLADO: EngineTask.setAppContext: context=webapplication.projectclasspath=;CHART_RESOLUTION=null;org.eclipse.birt.data.engine.dataset.cache.option=false;birt.viewer.resource.path=/usr/share/tomcat/webapps/birt2;org.eclipse.birt.data.engine.cube.inmemory.size=0;PARENT_CLASSLOADER=WebappClassLoader
  context: /birt2
  delegate: false
  repositories:
----------> Parent Classloader:
java.net.URLClassLoader@7a81197d
;BIRT_VIEWER_HTTPSERVET_REQUEST=org.apache.catalina.connector.RequestFacade@42166abf;
abr 07, 2021 4:36:11 PM org.eclipse.birt.report.engine.api.impl.EngineTask setAppContext
DETALLADO: EngineTask.setAppContext: context=webapplication.projectclasspath=;PARENT_CLASSLOADER=WebappClassLoader
  context: /birt2
  delegate: false
  repositories:
----------> Parent Classloader:
java.net.URLClassLoader@7a81197d
;BIRT_VIEWER_HTTPSERVET_REQUEST=org.apache.catalina.connector.RequestFacade@42166abf;
abr 07, 2021 4:36:11 PM org.eclipse.birt.report.engine.api.impl.ReportEngine createGetParameterDefinitionTask
DETALLADO: ReportEngine.createGetParameterDefinitionTask: reportRunnable=org.eclipse.birt.report.engine.api.impl.ReportRunnable@44d2389b 
abr 07, 2021 4:36:11 PM org.eclipse.birt.report.engine.api.impl.EngineTask setAppContext
DETALLADO: EngineTask.setAppContext: context=webapplication.projectclasspath=;PARENT_CLASSLOADER=WebappClassLoader
  context: /birt2
  delegate: false
  repositories:
----------> Parent Classloader:
java.net.URLClassLoader@7a81197d
;
abr 07, 2021 4:36:11 PM org.eclipse.birt.report.engine.api.impl.EngineTask setLocale
DETALLADO: EngineTask.setLocale: locale=español (España)
abr 07, 2021 4:36:11 PM org.eclipse.birt.report.engine.api.impl.EngineTask setAppContext
DETALLADO: EngineTask.setAppContext: context=webapplication.projectclasspath=;CHART_RESOLUTION=null;org.eclipse.birt.data.engine.dataset.cache.option=false;birt.viewer.resource.path=/usr/share/tomcat/webapps/birt2;org.eclipse.birt.data.engine.cube.inmemory.size=0;PARENT_CLASSLOADER=WebappClassLoader
  context: /birt2
  delegate: false
  repositories:
----------> Parent Classloader:
java.net.URLClassLoader@7a81197d
;BIRT_VIEWER_HTTPSERVET_REQUEST=org.apache.catalina.connector.RequestFacade@42166abf;
abr 07, 2021 4:36:11 PM org.eclipse.birt.report.engine.api.impl.EngineTask setAppContext
DETALLADO: EngineTask.setAppContext: context=webapplication.projectclasspath=;PARENT_CLASSLOADER=WebappClassLoader
  context: /birt2
  delegate: false
  repositories:
----------> Parent Classloader:
java.net.URLClassLoader@7a81197d
;BIRT_VIEWER_HTTPSERVET_REQUEST=org.apache.catalina.connector.RequestFacade@42166abf;
abr 07, 2021 4:36:11 PM org.eclipse.birt.report.engine.api.impl.ReportEngine createGetParameterDefinitionTask
DETALLADO: ReportEngine.createGetParameterDefinitionTask: reportRunnable=org.eclipse.birt.report.engine.api.impl.ReportRunnable@44d2389b 
abr 07, 2021 4:36:11 PM org.eclipse.birt.report.engine.api.impl.EngineTask setAppContext
DETALLADO: EngineTask.setAppContext: context=webapplication.projectclasspath=;PARENT_CLASSLOADER=WebappClassLoader
  context: /birt2
  delegate: false
  repositories:
----------> Parent Classloader:
java.net.URLClassLoader@7a81197d
;
abr 07, 2021 4:36:11 PM org.eclipse.birt.report.engine.api.impl.EngineTask setLocale
DETALLADO: EngineTask.setLocale: locale=español (España)
abr 07, 2021 4:36:11 PM org.eclipse.birt.report.engine.api.impl.EngineTask setAppContext
DETALLADO: EngineTask.setAppContext: context=webapplication.projectclasspath=;CHART_RESOLUTION=null;org.eclipse.birt.data.engine.dataset.cache.option=false;birt.viewer.resource.path=/usr/share/tomcat/webapps/birt2;org.eclipse.birt.data.engine.cube.inmemory.size=0;PARENT_CLASSLOADER=WebappClassLoader
  context: /birt2
  delegate: false
  repositories:
----------> Parent Classloader:
java.net.URLClassLoader@7a81197d
;BIRT_VIEWER_HTTPSERVET_REQUEST=org.apache.catalina.connector.RequestFacade@42166abf;
abr 07, 2021 4:36:11 PM org.eclipse.birt.report.engine.api.impl.EngineTask setAppContext
DETALLADO: EngineTask.setAppContext: context=webapplication.projectclasspath=;PARENT_CLASSLOADER=WebappClassLoader
  context: /birt2
  delegate: false
  repositories:
----------> Parent Classloader:
java.net.URLClassLoader@7a81197d
;BIRT_VIEWER_HTTPSERVET_REQUEST=org.apache.catalina.connector.RequestFacade@42166abf;
abr 07, 2021 4:36:11 PM org.eclipse.birt.report.engine.api.impl.ReportEngine createGetParameterDefinitionTask
DETALLADO: ReportEngine.createGetParameterDefinitionTask: reportRunnable=org.eclipse.birt.report.engine.api.impl.ReportRunnable@44d2389b 
abr 07, 2021 4:36:11 PM org.eclipse.birt.report.engine.api.impl.EngineTask setAppContext
DETALLADO: EngineTask.setAppContext: context=webapplication.projectclasspath=;PARENT_CLASSLOADER=WebappClassLoader
  context: /birt2
  delegate: false
  repositories:
----------> Parent Classloader:
java.net.URLClassLoader@7a81197d
;
abr 07, 2021 4:36:11 PM org.eclipse.birt.report.engine.api.impl.EngineTask setLocale
DETALLADO: EngineTask.setLocale: locale=español (España)
abr 07, 2021 4:36:11 PM org.eclipse.birt.report.engine.api.impl.EngineTask setAppContext
DETALLADO: EngineTask.setAppContext: context=webapplication.projectclasspath=;CHART_RESOLUTION=null;org.eclipse.birt.data.engine.dataset.cache.option=false;birt.viewer.resource.path=/usr/share/tomcat/webapps/birt2;org.eclipse.birt.data.engine.cube.inmemory.size=0;PARENT_CLASSLOADER=WebappClassLoader
  context: /birt2
  delegate: false
  repositories:
----------> Parent Classloader:
java.net.URLClassLoader@7a81197d
;BIRT_VIEWER_HTTPSERVET_REQUEST=org.apache.catalina.core.ApplicationHttpRequest@1b944fdb;
abr 07, 2021 4:36:11 PM org.eclipse.birt.report.engine.api.impl.EngineTask setAppContext
DETALLADO: EngineTask.setAppContext: context=webapplication.projectclasspath=;PARENT_CLASSLOADER=WebappClassLoader
  context: /birt2
  delegate: false
  repositories:
----------> Parent Classloader:
java.net.URLClassLoader@7a81197d
;BIRT_VIEWER_HTTPSERVET_REQUEST=org.apache.catalina.core.ApplicationHttpRequest@1b944fdb;
abr 07, 2021 4:36:11 PM org.eclipse.birt.report.engine.api.impl.ReportEngine createGetParameterDefinitionTask
DETALLADO: ReportEngine.createGetParameterDefinitionTask: reportRunnable=org.eclipse.birt.report.engine.api.impl.ReportRunnable@44d2389b 
abr 07, 2021 4:36:11 PM org.eclipse.birt.report.engine.api.impl.EngineTask setAppContext
DETALLADO: EngineTask.setAppContext: context=webapplication.projectclasspath=;PARENT_CLASSLOADER=WebappClassLoader
  context: /birt2
  delegate: false
  repositories:
----------> Parent Classloader:
java.net.URLClassLoader@7a81197d
;
abr 07, 2021 4:36:11 PM org.eclipse.birt.report.engine.api.impl.EngineTask setLocale
DETALLADO: EngineTask.setLocale: locale=español (España)
abr 07, 2021 4:36:11 PM org.eclipse.birt.report.engine.api.impl.EngineTask setAppContext
DETALLADO: EngineTask.setAppContext: context=webapplication.projectclasspath=;CHART_RESOLUTION=null;org.eclipse.birt.data.engine.dataset.cache.option=false;birt.viewer.resource.path=/usr/share/tomcat/webapps/birt2;org.eclipse.birt.data.engine.cube.inmemory.size=0;PARENT_CLASSLOADER=WebappClassLoader
  context: /birt2
  delegate: false
  repositories:
----------> Parent Classloader:
java.net.URLClassLoader@7a81197d
;BIRT_VIEWER_HTTPSERVET_REQUEST=org.apache.catalina.core.ApplicationHttpRequest@18c52dd5;
abr 07, 2021 4:36:11 PM org.eclipse.birt.report.engine.api.impl.EngineTask setAppContext
DETALLADO: EngineTask.setAppContext: context=webapplication.projectclasspath=;PARENT_CLASSLOADER=WebappClassLoader
  context: /birt2
  delegate: false
  repositories:
----------> Parent Classloader:
java.net.URLClassLoader@7a81197d
;BIRT_VIEWER_HTTPSERVET_REQUEST=org.apache.catalina.core.ApplicationHttpRequest@18c52dd5;
abr 07, 2021 4:36:11 PM org.eclipse.birt.report.engine.api.impl.EngineTask setLocale
DETALLADO: EngineTask.setLocale: locale=español (España)
abr 07, 2021 4:36:11 PM org.eclipse.birt.report.engine.api.impl.EngineTask setParameterValue
DETALLADO: EngineTask.setParameterValue: Numero=null [null]
abr 07, 2021 4:36:11 PM org.eclipse.birt.report.engine.api.impl.EngineTask setParameterValue
DETALLADO: EngineTask.setParameterValue: tipo=null [null]
abr 07, 2021 4:36:15 PM org.eclipse.birt.report.engine.api.impl.ReportEngine openReportDesign
DETALLADO: ReportEngine.openReportDesign: name=file:/usr/share/tomcat/webapps/birt2/remisionxnro.rptdesign, designStream=java.io.FileInputStream@5d23b692, options={3} 
abr 07, 2021 4:36:15 PM org.eclipse.birt.report.engine.api.impl.ReportEngine createGetParameterDefinitionTask
DETALLADO: ReportEngine.createGetParameterDefinitionTask: reportRunnable=org.eclipse.birt.report.engine.api.impl.ReportRunnable@22723d2d 
abr 07, 2021 4:36:15 PM org.eclipse.birt.report.engine.api.impl.EngineTask setAppContext
DETALLADO: EngineTask.setAppContext: context=webapplication.projectclasspath=;PARENT_CLASSLOADER=WebappClassLoader
  context: /birt2
  delegate: false
  repositories:
----------> Parent Classloader:
java.net.URLClassLoader@7a81197d
;
abr 07, 2021 4:36:15 PM org.eclipse.birt.report.engine.api.impl.EngineTask setLocale
DETALLADO: EngineTask.setLocale: locale=español (España)
abr 07, 2021 4:36:15 PM org.eclipse.birt.report.engine.api.impl.EngineTask setAppContext
DETALLADO: EngineTask.setAppContext: context=webapplication.projectclasspath=;CHART_RESOLUTION=null;org.eclipse.birt.data.engine.dataset.cache.option=false;birt.viewer.resource.path=/usr/share/tomcat/webapps/birt2;org.eclipse.birt.data.engine.cube.inmemory.size=0;PARENT_CLASSLOADER=WebappClassLoader
  context: /birt2
  delegate: false
  repositories:
----------> Parent Classloader:
java.net.URLClassLoader@7a81197d
;BIRT_VIEWER_HTTPSERVET_REQUEST=org.apache.catalina.connector.RequestFacade@54fddac2;
abr 07, 2021 4:36:15 PM org.eclipse.birt.report.engine.api.impl.EngineTask setAppContext
DETALLADO: EngineTask.setAppContext: context=webapplication.projectclasspath=;PARENT_CLASSLOADER=WebappClassLoader
  context: /birt2
  delegate: false
  repositories:
----------> Parent Classloader:
java.net.URLClassLoader@7a81197d
;BIRT_VIEWER_HTTPSERVET_REQUEST=org.apache.catalina.connector.RequestFacade@54fddac2;
abr 07, 2021 4:36:15 PM org.eclipse.birt.report.engine.api.impl.ReportEngine createGetParameterDefinitionTask
DETALLADO: ReportEngine.createGetParameterDefinitionTask: reportRunnable=org.eclipse.birt.report.engine.api.impl.ReportRunnable@22723d2d 
abr 07, 2021 4:36:15 PM org.eclipse.birt.report.engine.api.impl.EngineTask setAppContext
DETALLADO: EngineTask.setAppContext: context=webapplication.projectclasspath=;PARENT_CLASSLOADER=WebappClassLoader
  context: /birt2
  delegate: false
  repositories:
----------> Parent Classloader:
java.net.URLClassLoader@7a81197d
;
abr 07, 2021 4:36:15 PM org.eclipse.birt.report.engine.api.impl.EngineTask setLocale
DETALLADO: EngineTask.setLocale: locale=español (España)
abr 07, 2021 4:36:15 PM org.eclipse.birt.report.engine.api.impl.EngineTask setAppContext
DETALLADO: EngineTask.setAppContext: context=webapplication.projectclasspath=;CHART_RESOLUTION=null;org.eclipse.birt.data.engine.dataset.cache.option=false;birt.viewer.resource.path=/usr/share/tomcat/webapps/birt2;org.eclipse.birt.data.engine.cube.inmemory.size=0;PARENT_CLASSLOADER=WebappClassLoader
  context: /birt2
  delegate: false
  repositories:
----------> Parent Classloader:
java.net.URLClassLoader@7a81197d
;BIRT_VIEWER_HTTPSERVET_REQUEST=org.apache.catalina.connector.RequestFacade@54fddac2;
abr 07, 2021 4:36:15 PM org.eclipse.birt.report.engine.api.impl.EngineTask setAppContext
DETALLADO: EngineTask.setAppContext: context=webapplication.projectclasspath=;PARENT_CLASSLOADER=WebappClassLoader
  context: /birt2
  delegate: false
  repositories:
----------> Parent Classloader:
java.net.URLClassLoader@7a81197d
;BIRT_VIEWER_HTTPSERVET_REQUEST=org.apache.catalina.connector.RequestFacade@54fddac2;
abr 07, 2021 4:36:15 PM org.eclipse.birt.report.engine.api.impl.ReportEngine createGetParameterDefinitionTask
DETALLADO: ReportEngine.createGetParameterDefinitionTask: reportRunnable=org.eclipse.birt.report.engine.api.impl.ReportRunnable@22723d2d 
abr 07, 2021 4:36:15 PM org.eclipse.birt.report.engine.api.impl.EngineTask setAppContext
DETALLADO: EngineTask.setAppContext: context=webapplication.projectclasspath=;PARENT_CLASSLOADER=WebappClassLoader
  context: /birt2
  delegate: false
  repositories:
----------> Parent Classloader:
java.net.URLClassLoader@7a81197d
;
abr 07, 2021 4:36:15 PM org.eclipse.birt.report.engine.api.impl.EngineTask setLocale
DETALLADO: EngineTask.setLocale: locale=español (España)
abr 07, 2021 4:36:15 PM org.eclipse.birt.report.engine.api.impl.EngineTask setAppContext
DETALLADO: EngineTask.setAppContext: context=webapplication.projectclasspath=;CHART_RESOLUTION=null;org.eclipse.birt.data.engine.dataset.cache.option=false;birt.viewer.resource.path=/usr/share/tomcat/webapps/birt2;org.eclipse.birt.data.engine.cube.inmemory.size=0;PARENT_CLASSLOADER=WebappClassLoader
  context: /birt2
  delegate: false
  repositories:
----------> Parent Classloader:
java.net.URLClassLoader@7a81197d
;BIRT_VIEWER_HTTPSERVET_REQUEST=org.apache.catalina.connector.RequestFacade@54fddac2;
abr 07, 2021 4:36:15 PM org.eclipse.birt.report.engine.api.impl.EngineTask setAppContext
DETALLADO: EngineTask.setAppContext: context=webapplication.projectclasspath=;PARENT_CLASSLOADER=WebappClassLoader
  context: /birt2
  delegate: false
  repositories:
----------> Parent Classloader:
java.net.URLClassLoader@7a81197d
;BIRT_VIEWER_HTTPSERVET_REQUEST=org.apache.catalina.connector.RequestFacade@54fddac2;
abr 07, 2021 4:36:15 PM org.eclipse.birt.report.engine.api.impl.ReportEngine createRunAndRenderTask
DETALLADO: ReportEngine.createRunAndRenderTask: reportRunnable=org.eclipse.birt.report.engine.api.impl.ReportRunnable@22723d2d 
abr 07, 2021 4:36:15 PM org.eclipse.birt.report.engine.api.impl.EngineTask setAppContext
DETALLADO: EngineTask.setAppContext: context=webapplication.projectclasspath=;PARENT_CLASSLOADER=WebappClassLoader
  context: /birt2
  delegate: false
  repositories:
----------> Parent Classloader:
java.net.URLClassLoader@7a81197d
;
abr 07, 2021 4:36:15 PM org.eclipse.birt.report.engine.api.impl.EngineTask setLocale
DETALLADO: EngineTask.setLocale: locale=español (España)
abr 07, 2021 4:36:15 PM org.eclipse.birt.report.engine.api.impl.EngineTask setParameterValue
DETALLADO: EngineTask.setParameterValue: Numero=1 [java.lang.String]
abr 07, 2021 4:36:15 PM org.eclipse.birt.report.engine.api.impl.EngineTask setParameterValue
DETALLADO: EngineTask.setParameterValue: tipo=SIMPLE [java.lang.String]
abr 07, 2021 4:36:15 PM org.eclipse.birt.report.engine.api.impl.EngineTask setAppContext
DETALLADO: EngineTask.setAppContext: context=webapplication.projectclasspath=;CHART_RESOLUTION=null;org.eclipse.birt.data.engine.dataset.cache.option=false;birt.viewer.resource.path=/usr/share/tomcat/webapps/birt2;org.eclipse.birt.data.engine.cube.inmemory.size=0;PARENT_CLASSLOADER=WebappClassLoader
  context: /birt2
  delegate: false
  repositories:
----------> Parent Classloader:
java.net.URLClassLoader@7a81197d
;BIRT_VIEWER_HTTPSERVET_REQUEST=org.apache.catalina.connector.RequestFacade@54fddac2;
abr 07, 2021 4:36:15 PM org.eclipse.birt.report.engine.api.impl.EngineTask loggerParamters
DETALLADO: Running the report with paramters: tipo:SIMPLE
Numero:1

abr 07, 2021 4:36:18 PM org.eclipse.birt.report.engine.api.impl.ReportEngine openReportDesign
DETALLADO: ReportEngine.openReportDesign: name=file:/usr/share/tomcat/webapps/birt2/remisionxnro.rptdesign, designStream=java.io.FileInputStream@6ccffddb, options={3} 
abr 07, 2021 4:36:18 PM org.eclipse.birt.report.engine.api.impl.ReportEngine createGetParameterDefinitionTask
DETALLADO: ReportEngine.createGetParameterDefinitionTask: reportRunnable=org.eclipse.birt.report.engine.api.impl.ReportRunnable@54549990 
abr 07, 2021 4:36:18 PM org.eclipse.birt.report.engine.api.impl.EngineTask setAppContext
DETALLADO: EngineTask.setAppContext: context=webapplication.projectclasspath=;PARENT_CLASSLOADER=WebappClassLoader
  context: /birt2
  delegate: false
  repositories:
----------> Parent Classloader:
java.net.URLClassLoader@7a81197d
;
abr 07, 2021 4:36:18 PM org.eclipse.birt.report.engine.api.impl.EngineTask setLocale
DETALLADO: EngineTask.setLocale: locale=español (España)
abr 07, 2021 4:36:18 PM org.eclipse.birt.report.engine.api.impl.EngineTask setAppContext
DETALLADO: EngineTask.setAppContext: context=webapplication.projectclasspath=;CHART_RESOLUTION=null;org.eclipse.birt.data.engine.dataset.cache.option=false;birt.viewer.resource.path=/usr/share/tomcat/webapps/birt2;org.eclipse.birt.data.engine.cube.inmemory.size=0;PARENT_CLASSLOADER=WebappClassLoader
  context: /birt2
  delegate: false
  repositories:
----------> Parent Classloader:
java.net.URLClassLoader@7a81197d
;BIRT_VIEWER_HTTPSERVET_REQUEST=org.apache.catalina.connector.RequestFacade@37397f8a;
abr 07, 2021 4:36:18 PM org.eclipse.birt.report.engine.api.impl.EngineTask setAppContext
DETALLADO: EngineTask.setAppContext: context=webapplication.projectclasspath=;PARENT_CLASSLOADER=WebappClassLoader
  context: /birt2
  delegate: false
  repositories:
----------> Parent Classloader:
java.net.URLClassLoader@7a81197d
;BIRT_VIEWER_HTTPSERVET_REQUEST=org.apache.catalina.connector.RequestFacade@37397f8a;
abr 07, 2021 4:36:18 PM org.eclipse.birt.report.engine.api.impl.ReportEngine createGetParameterDefinitionTask
DETALLADO: ReportEngine.createGetParameterDefinitionTask: reportRunnable=org.eclipse.birt.report.engine.api.impl.ReportRunnable@54549990 
abr 07, 2021 4:36:18 PM org.eclipse.birt.report.engine.api.impl.EngineTask setAppContext
DETALLADO: EngineTask.setAppContext: context=webapplication.projectclasspath=;PARENT_CLASSLOADER=WebappClassLoader
  context: /birt2
  delegate: false
  repositories:
----------> Parent Classloader:
java.net.URLClassLoader@7a81197d
;
abr 07, 2021 4:36:18 PM org.eclipse.birt.report.engine.api.impl.EngineTask setLocale
DETALLADO: EngineTask.setLocale: locale=español (España)
abr 07, 2021 4:36:18 PM org.eclipse.birt.report.engine.api.impl.EngineTask setAppContext
DETALLADO: EngineTask.setAppContext: context=webapplication.projectclasspath=;CHART_RESOLUTION=null;org.eclipse.birt.data.engine.dataset.cache.option=false;birt.viewer.resource.path=/usr/share/tomcat/webapps/birt2;org.eclipse.birt.data.engine.cube.inmemory.size=0;PARENT_CLASSLOADER=WebappClassLoader
  context: /birt2
  delegate: false
  repositories:
----------> Parent Classloader:
java.net.URLClassLoader@7a81197d
;BIRT_VIEWER_HTTPSERVET_REQUEST=org.apache.catalina.connector.RequestFacade@37397f8a;
abr 07, 2021 4:36:18 PM org.eclipse.birt.report.engine.api.impl.EngineTask setAppContext
DETALLADO: EngineTask.setAppContext: context=webapplication.projectclasspath=;PARENT_CLASSLOADER=WebappClassLoader
  context: /birt2
  delegate: false
  repositories:
----------> Parent Classloader:
java.net.URLClassLoader@7a81197d
;BIRT_VIEWER_HTTPSERVET_REQUEST=org.apache.catalina.connector.RequestFacade@37397f8a;
abr 07, 2021 4:36:18 PM org.eclipse.birt.report.engine.api.impl.ReportEngine createGetParameterDefinitionTask
DETALLADO: ReportEngine.createGetParameterDefinitionTask: reportRunnable=org.eclipse.birt.report.engine.api.impl.ReportRunnable@54549990 
abr 07, 2021 4:36:18 PM org.eclipse.birt.report.engine.api.impl.EngineTask setAppContext
DETALLADO: EngineTask.setAppContext: context=webapplication.projectclasspath=;PARENT_CLASSLOADER=WebappClassLoader
  context: /birt2
  delegate: false
  repositories:
----------> Parent Classloader:
java.net.URLClassLoader@7a81197d
;
abr 07, 2021 4:36:18 PM org.eclipse.birt.report.engine.api.impl.EngineTask setLocale
DETALLADO: EngineTask.setLocale: locale=español (España)
abr 07, 2021 4:36:18 PM org.eclipse.birt.report.engine.api.impl.EngineTask setAppContext
DETALLADO: EngineTask.setAppContext: context=webapplication.projectclasspath=;CHART_RESOLUTION=null;org.eclipse.birt.data.engine.dataset.cache.option=false;birt.viewer.resource.path=/usr/share/tomcat/webapps/birt2;org.eclipse.birt.data.engine.cube.inmemory.size=0;PARENT_CLASSLOADER=WebappClassLoader
  context: /birt2
  delegate: false
  repositories:
----------> Parent Classloader:
java.net.URLClassLoader@7a81197d
;BIRT_VIEWER_HTTPSERVET_REQUEST=org.apache.catalina.connector.RequestFacade@37397f8a;
abr 07, 2021 4:36:18 PM org.eclipse.birt.report.engine.api.impl.EngineTask setAppContext
DETALLADO: EngineTask.setAppContext: context=webapplication.projectclasspath=;PARENT_CLASSLOADER=WebappClassLoader
  context: /birt2
  delegate: false
  repositories:
----------> Parent Classloader:
java.net.URLClassLoader@7a81197d
;BIRT_VIEWER_HTTPSERVET_REQUEST=org.apache.catalina.connector.RequestFacade@37397f8a;
abr 07, 2021 4:36:18 PM org.eclipse.birt.report.engine.api.impl.ReportEngine createGetParameterDefinitionTask
DETALLADO: ReportEngine.createGetParameterDefinitionTask: reportRunnable=org.eclipse.birt.report.engine.api.impl.ReportRunnable@54549990 
abr 07, 2021 4:36:18 PM org.eclipse.birt.report.engine.api.impl.EngineTask setAppContext
DETALLADO: EngineTask.setAppContext: context=webapplication.projectclasspath=;PARENT_CLASSLOADER=WebappClassLoader
  context: /birt2
  delegate: false
  repositories:
----------> Parent Classloader:
java.net.URLClassLoader@7a81197d
;
abr 07, 2021 4:36:18 PM org.eclipse.birt.report.engine.api.impl.EngineTask setLocale
DETALLADO: EngineTask.setLocale: locale=español (España)
abr 07, 2021 4:36:18 PM org.eclipse.birt.report.engine.api.impl.EngineTask setAppContext
DETALLADO: EngineTask.setAppContext: context=webapplication.projectclasspath=;CHART_RESOLUTION=null;org.eclipse.birt.data.engine.dataset.cache.option=false;birt.viewer.resource.path=/usr/share/tomcat/webapps/birt2;org.eclipse.birt.data.engine.cube.inmemory.size=0;PARENT_CLASSLOADER=WebappClassLoader
  context: /birt2
  delegate: false
  repositories:
----------> Parent Classloader:
java.net.URLClassLoader@7a81197d
;BIRT_VIEWER_HTTPSERVET_REQUEST=org.apache.catalina.core.ApplicationHttpRequest@5f1857a3;
abr 07, 2021 4:36:18 PM org.eclipse.birt.report.engine.api.impl.EngineTask setAppContext
DETALLADO: EngineTask.setAppContext: context=webapplication.projectclasspath=;PARENT_CLASSLOADER=WebappClassLoader
  context: /birt2
  delegate: false
  repositories:
----------> Parent Classloader:
java.net.URLClassLoader@7a81197d
;BIRT_VIEWER_HTTPSERVET_REQUEST=org.apache.catalina.core.ApplicationHttpRequest@5f1857a3;
abr 07, 2021 4:36:18 PM org.eclipse.birt.report.engine.api.impl.ReportEngine createGetParameterDefinitionTask
DETALLADO: ReportEngine.createGetParameterDefinitionTask: reportRunnable=org.eclipse.birt.report.engine.api.impl.ReportRunnable@54549990 
abr 07, 2021 4:36:18 PM org.eclipse.birt.report.engine.api.impl.EngineTask setAppContext
DETALLADO: EngineTask.setAppContext: context=webapplication.projectclasspath=;PARENT_CLASSLOADER=WebappClassLoader
  context: /birt2
  delegate: false
  repositories:
----------> Parent Classloader:
java.net.URLClassLoader@7a81197d
;
abr 07, 2021 4:36:18 PM org.eclipse.birt.report.engine.api.impl.EngineTask setLocale
DETALLADO: EngineTask.setLocale: locale=español (España)
abr 07, 2021 4:36:18 PM org.eclipse.birt.report.engine.api.impl.EngineTask setAppContext
DETALLADO: EngineTask.setAppContext: context=webapplication.projectclasspath=;CHART_RESOLUTION=null;org.eclipse.birt.data.engine.dataset.cache.option=false;birt.viewer.resource.path=/usr/share/tomcat/webapps/birt2;org.eclipse.birt.data.engine.cube.inmemory.size=0;PARENT_CLASSLOADER=WebappClassLoader
  context: /birt2
  delegate: false
  repositories:
----------> Parent Classloader:
java.net.URLClassLoader@7a81197d
;BIRT_VIEWER_HTTPSERVET_REQUEST=org.apache.catalina.core.ApplicationHttpRequest@1081ef43;
abr 07, 2021 4:36:18 PM org.eclipse.birt.report.engine.api.impl.EngineTask setAppContext
DETALLADO: EngineTask.setAppContext: context=webapplication.projectclasspath=;PARENT_CLASSLOADER=WebappClassLoader
  context: /birt2
  delegate: false
  repositories:
----------> Parent Classloader:
java.net.URLClassLoader@7a81197d
;BIRT_VIEWER_HTTPSERVET_REQUEST=org.apache.catalina.core.ApplicationHttpRequest@1081ef43;
abr 07, 2021 4:36:18 PM org.eclipse.birt.report.engine.api.impl.EngineTask setLocale
DETALLADO: EngineTask.setLocale: locale=español (España)
abr 07, 2021 4:36:18 PM org.eclipse.birt.report.engine.api.impl.EngineTask setParameterValue
DETALLADO: EngineTask.setParameterValue: Numero=null [null]
abr 07, 2021 4:36:18 PM org.eclipse.birt.report.engine.api.impl.EngineTask setParameterValue
DETALLADO: EngineTask.setParameterValue: tipo=null [null]
abr 07, 2021 4:36:24 PM org.eclipse.birt.report.engine.api.impl.ReportEngine openReportDesign
DETALLADO: ReportEngine.openReportDesign: name=file:/usr/share/tomcat/webapps/birt2/remisionxnro.rptdesign, designStream=java.io.FileInputStream@51b604d6, options={3} 
abr 07, 2021 4:36:24 PM org.eclipse.birt.report.engine.api.impl.ReportEngine createGetParameterDefinitionTask
DETALLADO: ReportEngine.createGetParameterDefinitionTask: reportRunnable=org.eclipse.birt.report.engine.api.impl.ReportRunnable@6d847f82 
abr 07, 2021 4:36:24 PM org.eclipse.birt.report.engine.api.impl.EngineTask setAppContext
DETALLADO: EngineTask.setAppContext: context=webapplication.projectclasspath=;PARENT_CLASSLOADER=WebappClassLoader
  context: /birt2
  delegate: false
  repositories:
----------> Parent Classloader:
java.net.URLClassLoader@7a81197d
;
abr 07, 2021 4:36:24 PM org.eclipse.birt.report.engine.api.impl.EngineTask setLocale
DETALLADO: EngineTask.setLocale: locale=español (España)
abr 07, 2021 4:36:24 PM org.eclipse.birt.report.engine.api.impl.EngineTask setAppContext
DETALLADO: EngineTask.setAppContext: context=webapplication.projectclasspath=;CHART_RESOLUTION=null;org.eclipse.birt.data.engine.dataset.cache.option=false;birt.viewer.resource.path=/usr/share/tomcat/webapps/birt2;org.eclipse.birt.data.engine.cube.inmemory.size=0;PARENT_CLASSLOADER=WebappClassLoader
  context: /birt2
  delegate: false
  repositories:
----------> Parent Classloader:
java.net.URLClassLoader@7a81197d
;BIRT_VIEWER_HTTPSERVET_REQUEST=org.apache.catalina.connector.RequestFacade@5abb1543;
abr 07, 2021 4:36:24 PM org.eclipse.birt.report.engine.api.impl.EngineTask setAppContext
DETALLADO: EngineTask.setAppContext: context=webapplication.projectclasspath=;PARENT_CLASSLOADER=WebappClassLoader
  context: /birt2
  delegate: false
  repositories:
----------> Parent Classloader:
java.net.URLClassLoader@7a81197d
;BIRT_VIEWER_HTTPSERVET_REQUEST=org.apache.catalina.connector.RequestFacade@5abb1543;
abr 07, 2021 4:36:24 PM org.eclipse.birt.report.engine.api.impl.ReportEngine createGetParameterDefinitionTask
DETALLADO: ReportEngine.createGetParameterDefinitionTask: reportRunnable=org.eclipse.birt.report.engine.api.impl.ReportRunnable@6d847f82 
abr 07, 2021 4:36:24 PM org.eclipse.birt.report.engine.api.impl.EngineTask setAppContext
DETALLADO: EngineTask.setAppContext: context=webapplication.projectclasspath=;PARENT_CLASSLOADER=WebappClassLoader
  context: /birt2
  delegate: false
  repositories:
----------> Parent Classloader:
java.net.URLClassLoader@7a81197d
;
abr 07, 2021 4:36:24 PM org.eclipse.birt.report.engine.api.impl.EngineTask setLocale
DETALLADO: EngineTask.setLocale: locale=español (España)
abr 07, 2021 4:36:24 PM org.eclipse.birt.report.engine.api.impl.EngineTask setAppContext
DETALLADO: EngineTask.setAppContext: context=webapplication.projectclasspath=;CHART_RESOLUTION=null;org.eclipse.birt.data.engine.dataset.cache.option=false;birt.viewer.resource.path=/usr/share/tomcat/webapps/birt2;org.eclipse.birt.data.engine.cube.inmemory.size=0;PARENT_CLASSLOADER=WebappClassLoader
  context: /birt2
  delegate: false
  repositories:
----------> Parent Classloader:
java.net.URLClassLoader@7a81197d
;BIRT_VIEWER_HTTPSERVET_REQUEST=org.apache.catalina.connector.RequestFacade@5abb1543;
abr 07, 2021 4:36:24 PM org.eclipse.birt.report.engine.api.impl.EngineTask setAppContext
DETALLADO: EngineTask.setAppContext: context=webapplication.projectclasspath=;PARENT_CLASSLOADER=WebappClassLoader
  context: /birt2
  delegate: false
  repositories:
----------> Parent Classloader:
java.net.URLClassLoader@7a81197d
;BIRT_VIEWER_HTTPSERVET_REQUEST=org.apache.catalina.connector.RequestFacade@5abb1543;
abr 07, 2021 4:36:24 PM org.eclipse.birt.report.engine.api.impl.ReportEngine createGetParameterDefinitionTask
DETALLADO: ReportEngine.createGetParameterDefinitionTask: reportRunnable=org.eclipse.birt.report.engine.api.impl.ReportRunnable@6d847f82 
abr 07, 2021 4:36:24 PM org.eclipse.birt.report.engine.api.impl.EngineTask setAppContext
DETALLADO: EngineTask.setAppContext: context=webapplication.projectclasspath=;PARENT_CLASSLOADER=WebappClassLoader
  context: /birt2
  delegate: false
  repositories:
----------> Parent Classloader:
java.net.URLClassLoader@7a81197d
;
abr 07, 2021 4:36:24 PM org.eclipse.birt.report.engine.api.impl.EngineTask setLocale
DETALLADO: EngineTask.setLocale: locale=español (España)
abr 07, 2021 4:36:24 PM org.eclipse.birt.report.engine.api.impl.EngineTask setAppContext
DETALLADO: EngineTask.setAppContext: context=webapplication.projectclasspath=;CHART_RESOLUTION=null;org.eclipse.birt.data.engine.dataset.cache.option=false;birt.viewer.resource.path=/usr/share/tomcat/webapps/birt2;org.eclipse.birt.data.engine.cube.inmemory.size=0;PARENT_CLASSLOADER=WebappClassLoader
  context: /birt2
  delegate: false
  repositories:
----------> Parent Classloader:
java.net.URLClassLoader@7a81197d
;BIRT_VIEWER_HTTPSERVET_REQUEST=org.apache.catalina.connector.RequestFacade@5abb1543;
abr 07, 2021 4:36:24 PM org.eclipse.birt.report.engine.api.impl.EngineTask setAppContext
DETALLADO: EngineTask.setAppContext: context=webapplication.projectclasspath=;PARENT_CLASSLOADER=WebappClassLoader
  context: /birt2
  delegate: false
  repositories:
----------> Parent Classloader:
java.net.URLClassLoader@7a81197d
;BIRT_VIEWER_HTTPSERVET_REQUEST=org.apache.catalina.connector.RequestFacade@5abb1543;
abr 07, 2021 4:36:24 PM org.eclipse.birt.report.engine.api.impl.ReportEngine createRunAndRenderTask
DETALLADO: ReportEngine.createRunAndRenderTask: reportRunnable=org.eclipse.birt.report.engine.api.impl.ReportRunnable@6d847f82 
abr 07, 2021 4:36:24 PM org.eclipse.birt.report.engine.api.impl.EngineTask setAppContext
DETALLADO: EngineTask.setAppContext: context=webapplication.projectclasspath=;PARENT_CLASSLOADER=WebappClassLoader
  context: /birt2
  delegate: false
  repositories:
----------> Parent Classloader:
java.net.URLClassLoader@7a81197d
;
abr 07, 2021 4:36:24 PM org.eclipse.birt.report.engine.api.impl.EngineTask setLocale
DETALLADO: EngineTask.setLocale: locale=español (España)
abr 07, 2021 4:36:24 PM org.eclipse.birt.report.engine.api.impl.EngineTask setParameterValue
DETALLADO: EngineTask.setParameterValue: Numero=4595 [java.lang.String]
abr 07, 2021 4:36:24 PM org.eclipse.birt.report.engine.api.impl.EngineTask setParameterValue
DETALLADO: EngineTask.setParameterValue: tipo=SIMPLE [java.lang.String]
abr 07, 2021 4:36:24 PM org.eclipse.birt.report.engine.api.impl.EngineTask setAppContext
DETALLADO: EngineTask.setAppContext: context=webapplication.projectclasspath=;CHART_RESOLUTION=null;org.eclipse.birt.data.engine.dataset.cache.option=false;birt.viewer.resource.path=/usr/share/tomcat/webapps/birt2;org.eclipse.birt.data.engine.cube.inmemory.size=0;PARENT_CLASSLOADER=WebappClassLoader
  context: /birt2
  delegate: false
  repositories:
----------> Parent Classloader:
java.net.URLClassLoader@7a81197d
;BIRT_VIEWER_HTTPSERVET_REQUEST=org.apache.catalina.connector.RequestFacade@5abb1543;
abr 07, 2021 4:36:24 PM org.eclipse.birt.report.engine.api.impl.EngineTask loggerParamters
DETALLADO: Running the report with paramters: tipo:SIMPLE
Numero:4595

abr 07, 2021 4:36:43 PM org.eclipse.birt.report.engine.api.impl.ReportEngine openReportDesign
DETALLADO: ReportEngine.openReportDesign: name=file:/usr/share/tomcat/webapps/birt2/remisionxnro.rptdesign, designStream=java.io.FileInputStream@7c2c3294, options={3} 
abr 07, 2021 4:36:43 PM org.eclipse.birt.report.engine.api.impl.ReportEngine createGetParameterDefinitionTask
DETALLADO: ReportEngine.createGetParameterDefinitionTask: reportRunnable=org.eclipse.birt.report.engine.api.impl.ReportRunnable@338b6f12 
abr 07, 2021 4:36:43 PM org.eclipse.birt.report.engine.api.impl.EngineTask setAppContext
DETALLADO: EngineTask.setAppContext: context=webapplication.projectclasspath=;PARENT_CLASSLOADER=WebappClassLoader
  context: /birt2
  delegate: false
  repositories:
----------> Parent Classloader:
java.net.URLClassLoader@7a81197d
;
abr 07, 2021 4:36:43 PM org.eclipse.birt.report.engine.api.impl.EngineTask setLocale
DETALLADO: EngineTask.setLocale: locale=español (España)
abr 07, 2021 4:36:43 PM org.eclipse.birt.report.engine.api.impl.EngineTask setAppContext
DETALLADO: EngineTask.setAppContext: context=webapplication.projectclasspath=;CHART_RESOLUTION=null;org.eclipse.birt.data.engine.dataset.cache.option=false;birt.viewer.resource.path=/usr/share/tomcat/webapps/birt2;org.eclipse.birt.data.engine.cube.inmemory.size=0;PARENT_CLASSLOADER=WebappClassLoader
  context: /birt2
  delegate: false
  repositories:
----------> Parent Classloader:
java.net.URLClassLoader@7a81197d
;BIRT_VIEWER_HTTPSERVET_REQUEST=org.apache.catalina.connector.RequestFacade@54fddac2;
abr 07, 2021 4:36:43 PM org.eclipse.birt.report.engine.api.impl.EngineTask setAppContext
DETALLADO: EngineTask.setAppContext: context=webapplication.projectclasspath=;PARENT_CLASSLOADER=WebappClassLoader
  context: /birt2
  delegate: false
  repositories:
----------> Parent Classloader:
java.net.URLClassLoader@7a81197d
;BIRT_VIEWER_HTTPSERVET_REQUEST=org.apache.catalina.connector.RequestFacade@54fddac2;
abr 07, 2021 4:36:43 PM org.eclipse.birt.report.engine.api.impl.ReportEngine createGetParameterDefinitionTask
DETALLADO: ReportEngine.createGetParameterDefinitionTask: reportRunnable=org.eclipse.birt.report.engine.api.impl.ReportRunnable@338b6f12 
abr 07, 2021 4:36:43 PM org.eclipse.birt.report.engine.api.impl.EngineTask setAppContext
DETALLADO: EngineTask.setAppContext: context=webapplication.projectclasspath=;PARENT_CLASSLOADER=WebappClassLoader
  context: /birt2
  delegate: false
  repositories:
----------> Parent Classloader:
java.net.URLClassLoader@7a81197d
;
abr 07, 2021 4:36:43 PM org.eclipse.birt.report.engine.api.impl.EngineTask setLocale
DETALLADO: EngineTask.setLocale: locale=español (España)
abr 07, 2021 4:36:43 PM org.eclipse.birt.report.engine.api.impl.EngineTask setAppContext
DETALLADO: EngineTask.setAppContext: context=webapplication.projectclasspath=;CHART_RESOLUTION=null;org.eclipse.birt.data.engine.dataset.cache.option=false;birt.viewer.resource.path=/usr/share/tomcat/webapps/birt2;org.eclipse.birt.data.engine.cube.inmemory.size=0;PARENT_CLASSLOADER=WebappClassLoader
  context: /birt2
  delegate: false
  repositories:
----------> Parent Classloader:
java.net.URLClassLoader@7a81197d
;BIRT_VIEWER_HTTPSERVET_REQUEST=org.apache.catalina.connector.RequestFacade@54fddac2;
abr 07, 2021 4:36:43 PM org.eclipse.birt.report.engine.api.impl.EngineTask setAppContext
DETALLADO: EngineTask.setAppContext: context=webapplication.projectclasspath=;PARENT_CLASSLOADER=WebappClassLoader
  context: /birt2
  delegate: false
  repositories:
----------> Parent Classloader:
java.net.URLClassLoader@7a81197d
;BIRT_VIEWER_HTTPSERVET_REQUEST=org.apache.catalina.connector.RequestFacade@54fddac2;
abr 07, 2021 4:36:43 PM org.eclipse.birt.report.engine.api.impl.ReportEngine createGetParameterDefinitionTask
DETALLADO: ReportEngine.createGetParameterDefinitionTask: reportRunnable=org.eclipse.birt.report.engine.api.impl.ReportRunnable@338b6f12 
abr 07, 2021 4:36:43 PM org.eclipse.birt.report.engine.api.impl.EngineTask setAppContext
DETALLADO: EngineTask.setAppContext: context=webapplication.projectclasspath=;PARENT_CLASSLOADER=WebappClassLoader
  context: /birt2
  delegate: false
  repositories:
----------> Parent Classloader:
java.net.URLClassLoader@7a81197d
;
abr 07, 2021 4:36:43 PM org.eclipse.birt.report.engine.api.impl.EngineTask setLocale
DETALLADO: EngineTask.setLocale: locale=español (España)
abr 07, 2021 4:36:43 PM org.eclipse.birt.report.engine.api.impl.EngineTask setAppContext
DETALLADO: EngineTask.setAppContext: context=webapplication.projectclasspath=;CHART_RESOLUTION=null;org.eclipse.birt.data.engine.dataset.cache.option=false;birt.viewer.resource.path=/usr/share/tomcat/webapps/birt2;org.eclipse.birt.data.engine.cube.inmemory.size=0;PARENT_CLASSLOADER=WebappClassLoader
  context: /birt2
  delegate: false
  repositories:
----------> Parent Classloader:
java.net.URLClassLoader@7a81197d
;BIRT_VIEWER_HTTPSERVET_REQUEST=org.apache.catalina.connector.RequestFacade@54fddac2;
abr 07, 2021 4:36:43 PM org.eclipse.birt.report.engine.api.impl.EngineTask setAppContext
DETALLADO: EngineTask.setAppContext: context=webapplication.projectclasspath=;PARENT_CLASSLOADER=WebappClassLoader
  context: /birt2
  delegate: false
  repositories:
----------> Parent Classloader:
java.net.URLClassLoader@7a81197d
;BIRT_VIEWER_HTTPSERVET_REQUEST=org.apache.catalina.connector.RequestFacade@54fddac2;
abr 07, 2021 4:36:43 PM org.eclipse.birt.report.engine.api.impl.ReportEngine createGetParameterDefinitionTask
DETALLADO: ReportEngine.createGetParameterDefinitionTask: reportRunnable=org.eclipse.birt.report.engine.api.impl.ReportRunnable@338b6f12 
abr 07, 2021 4:36:43 PM org.eclipse.birt.report.engine.api.impl.EngineTask setAppContext
DETALLADO: EngineTask.setAppContext: context=webapplication.projectclasspath=;PARENT_CLASSLOADER=WebappClassLoader
  context: /birt2
  delegate: false
  repositories:
----------> Parent Classloader:
java.net.URLClassLoader@7a81197d
;
abr 07, 2021 4:36:43 PM org.eclipse.birt.report.engine.api.impl.EngineTask setLocale
DETALLADO: EngineTask.setLocale: locale=español (España)
abr 07, 2021 4:36:43 PM org.eclipse.birt.report.engine.api.impl.EngineTask setAppContext
DETALLADO: EngineTask.setAppContext: context=webapplication.projectclasspath=;CHART_RESOLUTION=null;org.eclipse.birt.data.engine.dataset.cache.option=false;birt.viewer.resource.path=/usr/share/tomcat/webapps/birt2;org.eclipse.birt.data.engine.cube.inmemory.size=0;PARENT_CLASSLOADER=WebappClassLoader
  context: /birt2
  delegate: false
  repositories:
----------> Parent Classloader:
java.net.URLClassLoader@7a81197d
;BIRT_VIEWER_HTTPSERVET_REQUEST=org.apache.catalina.core.ApplicationHttpRequest@3a23c016;
abr 07, 2021 4:36:43 PM org.eclipse.birt.report.engine.api.impl.EngineTask setAppContext
DETALLADO: EngineTask.setAppContext: context=webapplication.projectclasspath=;PARENT_CLASSLOADER=WebappClassLoader
  context: /birt2
  delegate: false
  repositories:
----------> Parent Classloader:
java.net.URLClassLoader@7a81197d
;BIRT_VIEWER_HTTPSERVET_REQUEST=org.apache.catalina.core.ApplicationHttpRequest@3a23c016;
abr 07, 2021 4:36:43 PM org.eclipse.birt.report.engine.api.impl.ReportEngine createGetParameterDefinitionTask
DETALLADO: ReportEngine.createGetParameterDefinitionTask: reportRunnable=org.eclipse.birt.report.engine.api.impl.ReportRunnable@338b6f12 
abr 07, 2021 4:36:43 PM org.eclipse.birt.report.engine.api.impl.EngineTask setAppContext
DETALLADO: EngineTask.setAppContext: context=webapplication.projectclasspath=;PARENT_CLASSLOADER=WebappClassLoader
  context: /birt2
  delegate: false
  repositories:
----------> Parent Classloader:
java.net.URLClassLoader@7a81197d
;
abr 07, 2021 4:36:43 PM org.eclipse.birt.report.engine.api.impl.EngineTask setLocale
DETALLADO: EngineTask.setLocale: locale=español (España)
abr 07, 2021 4:36:43 PM org.eclipse.birt.report.engine.api.impl.EngineTask setAppContext
DETALLADO: EngineTask.setAppContext: context=webapplication.projectclasspath=;CHART_RESOLUTION=null;org.eclipse.birt.data.engine.dataset.cache.option=false;birt.viewer.resource.path=/usr/share/tomcat/webapps/birt2;org.eclipse.birt.data.engine.cube.inmemory.size=0;PARENT_CLASSLOADER=WebappClassLoader
  context: /birt2
  delegate: false
  repositories:
----------> Parent Classloader:
java.net.URLClassLoader@7a81197d
;BIRT_VIEWER_HTTPSERVET_REQUEST=org.apache.catalina.core.ApplicationHttpRequest@584e3aef;
abr 07, 2021 4:36:43 PM org.eclipse.birt.report.engine.api.impl.EngineTask setAppContext
DETALLADO: EngineTask.setAppContext: context=webapplication.projectclasspath=;PARENT_CLASSLOADER=WebappClassLoader
  context: /birt2
  delegate: false
  repositories:
----------> Parent Classloader:
java.net.URLClassLoader@7a81197d
;BIRT_VIEWER_HTTPSERVET_REQUEST=org.apache.catalina.core.ApplicationHttpRequest@584e3aef;
abr 07, 2021 4:36:43 PM org.eclipse.birt.report.engine.api.impl.EngineTask setLocale
DETALLADO: EngineTask.setLocale: locale=español (España)
abr 07, 2021 4:36:43 PM org.eclipse.birt.report.engine.api.impl.EngineTask setParameterValue
DETALLADO: EngineTask.setParameterValue: Numero=null [null]
abr 07, 2021 4:36:43 PM org.eclipse.birt.report.engine.api.impl.EngineTask setParameterValue
DETALLADO: EngineTask.setParameterValue: tipo=null [null]
abr 07, 2021 4:36:48 PM org.eclipse.birt.report.engine.api.impl.ReportEngine openReportDesign
DETALLADO: ReportEngine.openReportDesign: name=file:/usr/share/tomcat/webapps/birt2/remisionxnro.rptdesign, designStream=java.io.FileInputStream@eb184c3, options={3} 
abr 07, 2021 4:36:48 PM org.eclipse.birt.report.engine.api.impl.ReportEngine createGetParameterDefinitionTask
DETALLADO: ReportEngine.createGetParameterDefinitionTask: reportRunnable=org.eclipse.birt.report.engine.api.impl.ReportRunnable@4ad19a4b 
abr 07, 2021 4:36:48 PM org.eclipse.birt.report.engine.api.impl.EngineTask setAppContext
DETALLADO: EngineTask.setAppContext: context=webapplication.projectclasspath=;PARENT_CLASSLOADER=WebappClassLoader
  context: /birt2
  delegate: false
  repositories:
----------> Parent Classloader:
java.net.URLClassLoader@7a81197d
;
abr 07, 2021 4:36:48 PM org.eclipse.birt.report.engine.api.impl.EngineTask setLocale
DETALLADO: EngineTask.setLocale: locale=español (España)
abr 07, 2021 4:36:48 PM org.eclipse.birt.report.engine.api.impl.EngineTask setAppContext
DETALLADO: EngineTask.setAppContext: context=webapplication.projectclasspath=;CHART_RESOLUTION=null;org.eclipse.birt.data.engine.dataset.cache.option=false;birt.viewer.resource.path=/usr/share/tomcat/webapps/birt2;org.eclipse.birt.data.engine.cube.inmemory.size=0;PARENT_CLASSLOADER=WebappClassLoader
  context: /birt2
  delegate: false
  repositories:
----------> Parent Classloader:
java.net.URLClassLoader@7a81197d
;BIRT_VIEWER_HTTPSERVET_REQUEST=org.apache.catalina.connector.RequestFacade@575addb9;
abr 07, 2021 4:36:48 PM org.eclipse.birt.report.engine.api.impl.EngineTask setAppContext
DETALLADO: EngineTask.setAppContext: context=webapplication.projectclasspath=;PARENT_CLASSLOADER=WebappClassLoader
  context: /birt2
  delegate: false
  repositories:
----------> Parent Classloader:
java.net.URLClassLoader@7a81197d
;BIRT_VIEWER_HTTPSERVET_REQUEST=org.apache.catalina.connector.RequestFacade@575addb9;
abr 07, 2021 4:36:48 PM org.eclipse.birt.report.engine.api.impl.ReportEngine createGetParameterDefinitionTask
DETALLADO: ReportEngine.createGetParameterDefinitionTask: reportRunnable=org.eclipse.birt.report.engine.api.impl.ReportRunnable@4ad19a4b 
abr 07, 2021 4:36:48 PM org.eclipse.birt.report.engine.api.impl.EngineTask setAppContext
DETALLADO: EngineTask.setAppContext: context=webapplication.projectclasspath=;PARENT_CLASSLOADER=WebappClassLoader
  context: /birt2
  delegate: false
  repositories:
----------> Parent Classloader:
java.net.URLClassLoader@7a81197d
;
abr 07, 2021 4:36:48 PM org.eclipse.birt.report.engine.api.impl.EngineTask setLocale
DETALLADO: EngineTask.setLocale: locale=español (España)
abr 07, 2021 4:36:48 PM org.eclipse.birt.report.engine.api.impl.EngineTask setAppContext
DETALLADO: EngineTask.setAppContext: context=webapplication.projectclasspath=;CHART_RESOLUTION=null;org.eclipse.birt.data.engine.dataset.cache.option=false;birt.viewer.resource.path=/usr/share/tomcat/webapps/birt2;org.eclipse.birt.data.engine.cube.inmemory.size=0;PARENT_CLASSLOADER=WebappClassLoader
  context: /birt2
  delegate: false
  repositories:
----------> Parent Classloader:
java.net.URLClassLoader@7a81197d
;BIRT_VIEWER_HTTPSERVET_REQUEST=org.apache.catalina.connector.RequestFacade@575addb9;
abr 07, 2021 4:36:48 PM org.eclipse.birt.report.engine.api.impl.EngineTask setAppContext
DETALLADO: EngineTask.setAppContext: context=webapplication.projectclasspath=;PARENT_CLASSLOADER=WebappClassLoader
  context: /birt2
  delegate: false
  repositories:
----------> Parent Classloader:
java.net.URLClassLoader@7a81197d
;BIRT_VIEWER_HTTPSERVET_REQUEST=org.apache.catalina.connector.RequestFacade@575addb9;
abr 07, 2021 4:36:48 PM org.eclipse.birt.report.engine.api.impl.ReportEngine createGetParameterDefinitionTask
DETALLADO: ReportEngine.createGetParameterDefinitionTask: reportRunnable=org.eclipse.birt.report.engine.api.impl.ReportRunnable@4ad19a4b 
abr 07, 2021 4:36:48 PM org.eclipse.birt.report.engine.api.impl.EngineTask setAppContext
DETALLADO: EngineTask.setAppContext: context=webapplication.projectclasspath=;PARENT_CLASSLOADER=WebappClassLoader
  context: /birt2
  delegate: false
  repositories:
----------> Parent Classloader:
java.net.URLClassLoader@7a81197d
;
abr 07, 2021 4:36:48 PM org.eclipse.birt.report.engine.api.impl.EngineTask setLocale
DETALLADO: EngineTask.setLocale: locale=español (España)
abr 07, 2021 4:36:48 PM org.eclipse.birt.report.engine.api.impl.EngineTask setAppContext
DETALLADO: EngineTask.setAppContext: context=webapplication.projectclasspath=;CHART_RESOLUTION=null;org.eclipse.birt.data.engine.dataset.cache.option=false;birt.viewer.resource.path=/usr/share/tomcat/webapps/birt2;org.eclipse.birt.data.engine.cube.inmemory.size=0;PARENT_CLASSLOADER=WebappClassLoader
  context: /birt2
  delegate: false
  repositories:
----------> Parent Classloader:
java.net.URLClassLoader@7a81197d
;BIRT_VIEWER_HTTPSERVET_REQUEST=org.apache.catalina.connector.RequestFacade@575addb9;
abr 07, 2021 4:36:48 PM org.eclipse.birt.report.engine.api.impl.EngineTask setAppContext
DETALLADO: EngineTask.setAppContext: context=webapplication.projectclasspath=;PARENT_CLASSLOADER=WebappClassLoader
  context: /birt2
  delegate: false
  repositories:
----------> Parent Classloader:
java.net.URLClassLoader@7a81197d
;BIRT_VIEWER_HTTPSERVET_REQUEST=org.apache.catalina.connector.RequestFacade@575addb9;
abr 07, 2021 4:36:48 PM org.eclipse.birt.report.engine.api.impl.ReportEngine createRunAndRenderTask
DETALLADO: ReportEngine.createRunAndRenderTask: reportRunnable=org.eclipse.birt.report.engine.api.impl.ReportRunnable@4ad19a4b 
abr 07, 2021 4:36:48 PM org.eclipse.birt.report.engine.api.impl.EngineTask setAppContext
DETALLADO: EngineTask.setAppContext: context=webapplication.projectclasspath=;PARENT_CLASSLOADER=WebappClassLoader
  context: /birt2
  delegate: false
  repositories:
----------> Parent Classloader:
java.net.URLClassLoader@7a81197d
;
abr 07, 2021 4:36:48 PM org.eclipse.birt.report.engine.api.impl.EngineTask setLocale
DETALLADO: EngineTask.setLocale: locale=español (España)
abr 07, 2021 4:36:48 PM org.eclipse.birt.report.engine.api.impl.EngineTask setParameterValue
DETALLADO: EngineTask.setParameterValue: Numero=10503 [java.lang.String]
abr 07, 2021 4:36:48 PM org.eclipse.birt.report.engine.api.impl.EngineTask setParameterValue
DETALLADO: EngineTask.setParameterValue: tipo=SIMPLE [java.lang.String]
abr 07, 2021 4:36:48 PM org.eclipse.birt.report.engine.api.impl.EngineTask setAppContext
DETALLADO: EngineTask.setAppContext: context=webapplication.projectclasspath=;CHART_RESOLUTION=null;org.eclipse.birt.data.engine.dataset.cache.option=false;birt.viewer.resource.path=/usr/share/tomcat/webapps/birt2;org.eclipse.birt.data.engine.cube.inmemory.size=0;PARENT_CLASSLOADER=WebappClassLoader
  context: /birt2
  delegate: false
  repositories:
----------> Parent Classloader:
java.net.URLClassLoader@7a81197d
;BIRT_VIEWER_HTTPSERVET_REQUEST=org.apache.catalina.connector.RequestFacade@575addb9;
abr 07, 2021 4:36:48 PM org.eclipse.birt.report.engine.api.impl.EngineTask loggerParamters
DETALLADO: Running the report with paramters: tipo:SIMPLE
Numero:10503

abr 07, 2021 4:38:08 PM org.eclipse.birt.report.engine.api.impl.ReportEngine openReportDocument
DETALLADO: ReportEngine.openReportDocument: systemId=/usr/share/tomcat/webapps/birt2/depositos.rptdesign, file=/usr/share/tomcat/webapps/birt2/documents/BIRTDOC73C1BECE3F42AEFB21225F5FD730B9DF/20210407_163808_354/depositos.rptdocument, options={semanticCheck=false, resourceFolder=/usr/share/tomcat/webapps/birt2} 
abr 07, 2021 4:38:08 PM org.eclipse.birt.report.engine.api.impl.ReportEngine openReportDesign
DETALLADO: ReportEngine.openReportDesign: name=file:/usr/share/tomcat/webapps/birt2/depositos.rptdesign, designStream=java.io.FileInputStream@652d3461, options={3} 
abr 07, 2021 4:38:08 PM org.eclipse.birt.report.engine.api.impl.ReportEngine createGetParameterDefinitionTask
DETALLADO: ReportEngine.createGetParameterDefinitionTask: reportRunnable=org.eclipse.birt.report.engine.api.impl.ReportRunnable@785ca7c9 
abr 07, 2021 4:38:08 PM org.eclipse.birt.report.engine.api.impl.EngineTask setAppContext
DETALLADO: EngineTask.setAppContext: context=webapplication.projectclasspath=;PARENT_CLASSLOADER=WebappClassLoader
  context: /birt2
  delegate: false
  repositories:
----------> Parent Classloader:
java.net.URLClassLoader@7a81197d
;
abr 07, 2021 4:38:08 PM org.eclipse.birt.report.engine.api.impl.EngineTask setLocale
DETALLADO: EngineTask.setLocale: locale=español (España)
abr 07, 2021 4:38:08 PM org.eclipse.birt.report.engine.api.impl.EngineTask setAppContext
DETALLADO: EngineTask.setAppContext: context=webapplication.projectclasspath=;CHART_RESOLUTION=null;org.eclipse.birt.data.engine.dataset.cache.option=false;birt.viewer.resource.path=/usr/share/tomcat/webapps/birt2;org.eclipse.birt.data.engine.cube.inmemory.size=0;PARENT_CLASSLOADER=WebappClassLoader
  context: /birt2
  delegate: false
  repositories:
----------> Parent Classloader:
java.net.URLClassLoader@7a81197d
;BIRT_VIEWER_HTTPSERVET_REQUEST=org.apache.catalina.connector.RequestFacade@54fddac2;
abr 07, 2021 4:38:08 PM org.eclipse.birt.report.engine.api.impl.EngineTask setAppContext
DETALLADO: EngineTask.setAppContext: context=webapplication.projectclasspath=;PARENT_CLASSLOADER=WebappClassLoader
  context: /birt2
  delegate: false
  repositories:
----------> Parent Classloader:
java.net.URLClassLoader@7a81197d
;BIRT_VIEWER_HTTPSERVET_REQUEST=org.apache.catalina.connector.RequestFacade@54fddac2;
abr 07, 2021 4:38:08 PM org.eclipse.birt.report.engine.api.impl.ReportEngine createGetParameterDefinitionTask
DETALLADO: ReportEngine.createGetParameterDefinitionTask: reportRunnable=org.eclipse.birt.report.engine.api.impl.ReportRunnable@785ca7c9 
abr 07, 2021 4:38:08 PM org.eclipse.birt.report.engine.api.impl.EngineTask setAppContext
DETALLADO: EngineTask.setAppContext: context=webapplication.projectclasspath=;PARENT_CLASSLOADER=WebappClassLoader
  context: /birt2
  delegate: false
  repositories:
----------> Parent Classloader:
java.net.URLClassLoader@7a81197d
;
abr 07, 2021 4:38:08 PM org.eclipse.birt.report.engine.api.impl.EngineTask setLocale
DETALLADO: EngineTask.setLocale: locale=español (España)
abr 07, 2021 4:38:08 PM org.eclipse.birt.report.engine.api.impl.EngineTask setAppContext
DETALLADO: EngineTask.setAppContext: context=webapplication.projectclasspath=;CHART_RESOLUTION=null;org.eclipse.birt.data.engine.dataset.cache.option=false;birt.viewer.resource.path=/usr/share/tomcat/webapps/birt2;org.eclipse.birt.data.engine.cube.inmemory.size=0;PARENT_CLASSLOADER=WebappClassLoader
  context: /birt2
  delegate: false
  repositories:
----------> Parent Classloader:
java.net.URLClassLoader@7a81197d
;BIRT_VIEWER_HTTPSERVET_REQUEST=org.apache.catalina.core.ApplicationHttpRequest@1043305a;
abr 07, 2021 4:38:08 PM org.eclipse.birt.report.engine.api.impl.EngineTask setAppContext
DETALLADO: EngineTask.setAppContext: context=webapplication.projectclasspath=;PARENT_CLASSLOADER=WebappClassLoader
  context: /birt2
  delegate: false
  repositories:
----------> Parent Classloader:
java.net.URLClassLoader@7a81197d
;BIRT_VIEWER_HTTPSERVET_REQUEST=org.apache.catalina.core.ApplicationHttpRequest@1043305a;
abr 07, 2021 4:38:08 PM org.eclipse.birt.report.engine.api.impl.ReportEngine openReportDocument
DETALLADO: ReportEngine.openReportDocument: systemId=/usr/share/tomcat/webapps/birt2/depositos.rptdesign, file=/usr/share/tomcat/webapps/birt2/documents/BIRTDOC73C1BECE3F42AEFB21225F5FD730B9DF/20210407_163808_354/depositos.rptdocument, options={semanticCheck=false, resourceFolder=/usr/share/tomcat/webapps/birt2} 
abr 07, 2021 4:38:08 PM org.eclipse.birt.report.engine.api.impl.ReportEngine openReportDesign
DETALLADO: ReportEngine.openReportDesign: name=file:/usr/share/tomcat/webapps/birt2/depositos.rptdesign, designStream=java.io.FileInputStream@34952288, options={3} 
abr 07, 2021 4:38:08 PM org.eclipse.birt.report.engine.api.impl.ReportEngine createGetParameterDefinitionTask
DETALLADO: ReportEngine.createGetParameterDefinitionTask: reportRunnable=org.eclipse.birt.report.engine.api.impl.ReportRunnable@2d0e255e 
abr 07, 2021 4:38:08 PM org.eclipse.birt.report.engine.api.impl.EngineTask setAppContext
DETALLADO: EngineTask.setAppContext: context=webapplication.projectclasspath=;PARENT_CLASSLOADER=WebappClassLoader
  context: /birt2
  delegate: false
  repositories:
----------> Parent Classloader:
java.net.URLClassLoader@7a81197d
;
abr 07, 2021 4:38:08 PM org.eclipse.birt.report.engine.api.impl.EngineTask setLocale
DETALLADO: EngineTask.setLocale: locale=español (España)
abr 07, 2021 4:38:08 PM org.eclipse.birt.report.engine.api.impl.EngineTask setAppContext
DETALLADO: EngineTask.setAppContext: context=webapplication.projectclasspath=;CHART_RESOLUTION=null;org.eclipse.birt.data.engine.dataset.cache.option=false;birt.viewer.resource.path=/usr/share/tomcat/webapps/birt2;org.eclipse.birt.data.engine.cube.inmemory.size=0;PARENT_CLASSLOADER=WebappClassLoader
  context: /birt2
  delegate: false
  repositories:
----------> Parent Classloader:
java.net.URLClassLoader@7a81197d
;BIRT_VIEWER_HTTPSERVET_REQUEST=org.apache.catalina.connector.RequestFacade@575addb9;
abr 07, 2021 4:38:08 PM org.eclipse.birt.report.engine.api.impl.EngineTask setAppContext
DETALLADO: EngineTask.setAppContext: context=webapplication.projectclasspath=;PARENT_CLASSLOADER=WebappClassLoader
  context: /birt2
  delegate: false
  repositories:
----------> Parent Classloader:
java.net.URLClassLoader@7a81197d
;BIRT_VIEWER_HTTPSERVET_REQUEST=org.apache.catalina.connector.RequestFacade@575addb9;
abr 07, 2021 4:38:08 PM org.eclipse.birt.report.engine.api.impl.ReportEngine createRunTask
DETALLADO: ReportEngine.createRunTask: reportRunnable=org.eclipse.birt.report.engine.api.impl.ReportRunnable@2d0e255e 
abr 07, 2021 4:38:08 PM org.eclipse.birt.report.engine.api.impl.EngineTask setAppContext
DETALLADO: EngineTask.setAppContext: context=webapplication.projectclasspath=;PARENT_CLASSLOADER=WebappClassLoader
  context: /birt2
  delegate: false
  repositories:
----------> Parent Classloader:
java.net.URLClassLoader@7a81197d
;
abr 07, 2021 4:38:08 PM org.eclipse.birt.report.engine.api.impl.EngineTask setLocale
DETALLADO: EngineTask.setLocale: locale=español (España)
abr 07, 2021 4:38:08 PM org.eclipse.birt.report.engine.api.impl.EngineTask setAppContext
DETALLADO: EngineTask.setAppContext: context=webapplication.projectclasspath=;CHART_RESOLUTION=null;org.eclipse.birt.data.engine.dataset.cache.option=false;birt.viewer.resource.path=/usr/share/tomcat/webapps/birt2;org.eclipse.birt.data.engine.cube.inmemory.size=0;PARENT_CLASSLOADER=WebappClassLoader
  context: /birt2
  delegate: false
  repositories:
----------> Parent Classloader:
java.net.URLClassLoader@7a81197d
;BIRT_VIEWER_HTTPSERVET_REQUEST=org.apache.catalina.connector.RequestFacade@575addb9;
abr 07, 2021 4:38:08 PM org.eclipse.birt.report.engine.api.impl.EngineTask loggerParamters
DETALLADO: Running the report with paramters: 
abr 07, 2021 4:38:09 PM org.eclipse.birt.report.engine.api.impl.ReportEngine openReportDocument
DETALLADO: ReportEngine.openReportDocument: systemId=/usr/share/tomcat/webapps/birt2/depositos.rptdesign, file=/usr/share/tomcat/webapps/birt2/documents/BIRTDOC73C1BECE3F42AEFB21225F5FD730B9DF/20210407_163808_354/depositos.rptdocument, options={semanticCheck=false, resourceFolder=/usr/share/tomcat/webapps/birt2} 
abr 07, 2021 4:38:09 PM org.eclipse.birt.report.engine.api.impl.ReportEngine openReportDocument
DETALLADO: ReportEngine.openReportDocument: systemId=/usr/share/tomcat/webapps/birt2/depositos.rptdesign, file=/usr/share/tomcat/webapps/birt2/documents/BIRTDOC73C1BECE3F42AEFB21225F5FD730B9DF/20210407_163808_354/depositos.rptdocument, options={semanticCheck=false, resourceFolder=/usr/share/tomcat/webapps/birt2} 
abr 07, 2021 4:38:09 PM org.eclipse.birt.report.engine.api.impl.ReportEngine createRenderTask
DETALLADO: ReportEngine.createRenderTask: reportDocument=org.eclipse.birt.report.engine.api.impl.ReportDocumentReader@b65e79b 
abr 07, 2021 4:38:09 PM org.eclipse.birt.report.engine.api.impl.EngineTask setAppContext
DETALLADO: EngineTask.setAppContext: context=webapplication.projectclasspath=;PARENT_CLASSLOADER=WebappClassLoader
  context: /birt2
  delegate: false
  repositories:
----------> Parent Classloader:
java.net.URLClassLoader@7a81197d
;
abr 07, 2021 4:38:09 PM org.eclipse.birt.report.engine.api.impl.ReportEngine openReportDesign
DETALLADO: ReportEngine.openReportDesign: name=/usr/share/tomcat/webapps/birt2/depositos.rptdesign, designStream=org.eclipse.birt.core.archive.compound.ArchiveEntryInputStream@5290fc72, options={3} 
abr 07, 2021 4:38:09 PM org.eclipse.birt.report.engine.api.impl.EngineTask setAppContext
DETALLADO: EngineTask.setAppContext: context=webapplication.projectclasspath=;CHART_RESOLUTION=null;org.eclipse.birt.data.engine.dataset.cache.option=false;birt.viewer.resource.path=/usr/share/tomcat/webapps/birt2;org.eclipse.birt.data.engine.cube.inmemory.size=0;PARENT_CLASSLOADER=WebappClassLoader
  context: /birt2
  delegate: false
  repositories:
----------> Parent Classloader:
java.net.URLClassLoader@7a81197d
;BIRT_VIEWER_HTTPSERVET_REQUEST=org.apache.catalina.connector.RequestFacade@575addb9;
abr 07, 2021 4:38:09 PM org.eclipse.birt.report.engine.api.impl.EngineTask setLocale
DETALLADO: EngineTask.setLocale: locale=español (España)
abr 07, 2021 4:38:15 PM org.eclipse.birt.report.engine.api.impl.ReportEngine openReportDesign
DETALLADO: ReportEngine.openReportDesign: name=file:/usr/share/tomcat/webapps/birt2/depositos.rptdesign, designStream=java.io.FileInputStream@49b8ab85, options={3} 
abr 07, 2021 4:38:15 PM org.eclipse.birt.report.engine.api.impl.ReportEngine createGetParameterDefinitionTask
DETALLADO: ReportEngine.createGetParameterDefinitionTask: reportRunnable=org.eclipse.birt.report.engine.api.impl.ReportRunnable@5ab1441e 
abr 07, 2021 4:38:15 PM org.eclipse.birt.report.engine.api.impl.EngineTask setAppContext
DETALLADO: EngineTask.setAppContext: context=webapplication.projectclasspath=;PARENT_CLASSLOADER=WebappClassLoader
  context: /birt2
  delegate: false
  repositories:
----------> Parent Classloader:
java.net.URLClassLoader@7a81197d
;
abr 07, 2021 4:38:15 PM org.eclipse.birt.report.engine.api.impl.EngineTask setLocale
DETALLADO: EngineTask.setLocale: locale=español (España)
abr 07, 2021 4:38:15 PM org.eclipse.birt.report.engine.api.impl.EngineTask setAppContext
DETALLADO: EngineTask.setAppContext: context=webapplication.projectclasspath=;CHART_RESOLUTION=null;org.eclipse.birt.data.engine.dataset.cache.option=false;birt.viewer.resource.path=/usr/share/tomcat/webapps/birt2;org.eclipse.birt.data.engine.cube.inmemory.size=0;PARENT_CLASSLOADER=WebappClassLoader
  context: /birt2
  delegate: false
  repositories:
----------> Parent Classloader:
java.net.URLClassLoader@7a81197d
;BIRT_VIEWER_HTTPSERVET_REQUEST=org.apache.catalina.connector.RequestFacade@4cd5b061;
abr 07, 2021 4:38:15 PM org.eclipse.birt.report.engine.api.impl.EngineTask setAppContext
DETALLADO: EngineTask.setAppContext: context=webapplication.projectclasspath=;PARENT_CLASSLOADER=WebappClassLoader
  context: /birt2
  delegate: false
  repositories:
----------> Parent Classloader:
java.net.URLClassLoader@7a81197d
;BIRT_VIEWER_HTTPSERVET_REQUEST=org.apache.catalina.connector.RequestFacade@4cd5b061;
abr 07, 2021 4:38:15 PM org.eclipse.birt.report.engine.api.impl.ReportEngine createGetParameterDefinitionTask
DETALLADO: ReportEngine.createGetParameterDefinitionTask: reportRunnable=org.eclipse.birt.report.engine.api.impl.ReportRunnable@5ab1441e 
abr 07, 2021 4:38:15 PM org.eclipse.birt.report.engine.api.impl.EngineTask setAppContext
DETALLADO: EngineTask.setAppContext: context=webapplication.projectclasspath=;PARENT_CLASSLOADER=WebappClassLoader
  context: /birt2
  delegate: false
  repositories:
----------> Parent Classloader:
java.net.URLClassLoader@7a81197d
;
abr 07, 2021 4:38:15 PM org.eclipse.birt.report.engine.api.impl.EngineTask setLocale
DETALLADO: EngineTask.setLocale: locale=español (España)
abr 07, 2021 4:38:15 PM org.eclipse.birt.report.engine.api.impl.EngineTask setAppContext
DETALLADO: EngineTask.setAppContext: context=webapplication.projectclasspath=;CHART_RESOLUTION=null;org.eclipse.birt.data.engine.dataset.cache.option=false;birt.viewer.resource.path=/usr/share/tomcat/webapps/birt2;org.eclipse.birt.data.engine.cube.inmemory.size=0;PARENT_CLASSLOADER=WebappClassLoader
  context: /birt2
  delegate: false
  repositories:
----------> Parent Classloader:
java.net.URLClassLoader@7a81197d
;BIRT_VIEWER_HTTPSERVET_REQUEST=org.apache.catalina.core.ApplicationHttpRequest@75fa5de7;
abr 07, 2021 4:38:15 PM org.eclipse.birt.report.engine.api.impl.EngineTask setAppContext
DETALLADO: EngineTask.setAppContext: context=webapplication.projectclasspath=;PARENT_CLASSLOADER=WebappClassLoader
  context: /birt2
  delegate: false
  repositories:
----------> Parent Classloader:
java.net.URLClassLoader@7a81197d
;BIRT_VIEWER_HTTPSERVET_REQUEST=org.apache.catalina.core.ApplicationHttpRequest@75fa5de7;
abr 07, 2021 4:38:15 PM org.eclipse.birt.report.engine.api.impl.ReportEngine openReportDesign
DETALLADO: ReportEngine.openReportDesign: name=file:/usr/share/tomcat/webapps/birt2/depositos.rptdesign, designStream=java.io.FileInputStream@5ce6653f, options={3} 
abr 07, 2021 4:38:15 PM org.eclipse.birt.report.engine.api.impl.ReportEngine createGetParameterDefinitionTask
DETALLADO: ReportEngine.createGetParameterDefinitionTask: reportRunnable=org.eclipse.birt.report.engine.api.impl.ReportRunnable@2c8a492 
abr 07, 2021 4:38:15 PM org.eclipse.birt.report.engine.api.impl.EngineTask setAppContext
DETALLADO: EngineTask.setAppContext: context=webapplication.projectclasspath=;PARENT_CLASSLOADER=WebappClassLoader
  context: /birt2
  delegate: false
  repositories:
----------> Parent Classloader:
java.net.URLClassLoader@7a81197d
;
abr 07, 2021 4:38:15 PM org.eclipse.birt.report.engine.api.impl.EngineTask setLocale
DETALLADO: EngineTask.setLocale: locale=español (España)
abr 07, 2021 4:38:15 PM org.eclipse.birt.report.engine.api.impl.EngineTask setAppContext
DETALLADO: EngineTask.setAppContext: context=webapplication.projectclasspath=;CHART_RESOLUTION=null;org.eclipse.birt.data.engine.dataset.cache.option=false;birt.viewer.resource.path=/usr/share/tomcat/webapps/birt2;org.eclipse.birt.data.engine.cube.inmemory.size=0;PARENT_CLASSLOADER=WebappClassLoader
  context: /birt2
  delegate: false
  repositories:
----------> Parent Classloader:
java.net.URLClassLoader@7a81197d
;BIRT_VIEWER_HTTPSERVET_REQUEST=org.apache.catalina.connector.RequestFacade@42166abf;
abr 07, 2021 4:38:15 PM org.eclipse.birt.report.engine.api.impl.EngineTask setAppContext
DETALLADO: EngineTask.setAppContext: context=webapplication.projectclasspath=;PARENT_CLASSLOADER=WebappClassLoader
  context: /birt2
  delegate: false
  repositories:
----------> Parent Classloader:
java.net.URLClassLoader@7a81197d
;BIRT_VIEWER_HTTPSERVET_REQUEST=org.apache.catalina.connector.RequestFacade@42166abf;
abr 07, 2021 4:38:15 PM org.eclipse.birt.report.engine.api.impl.ReportEngine createRunAndRenderTask
DETALLADO: ReportEngine.createRunAndRenderTask: reportRunnable=org.eclipse.birt.report.engine.api.impl.ReportRunnable@2c8a492 
abr 07, 2021 4:38:15 PM org.eclipse.birt.report.engine.api.impl.EngineTask setAppContext
DETALLADO: EngineTask.setAppContext: context=webapplication.projectclasspath=;PARENT_CLASSLOADER=WebappClassLoader
  context: /birt2
  delegate: false
  repositories:
----------> Parent Classloader:
java.net.URLClassLoader@7a81197d
;
abr 07, 2021 4:38:15 PM org.eclipse.birt.report.engine.api.impl.EngineTask setLocale
DETALLADO: EngineTask.setLocale: locale=español (España)
abr 07, 2021 4:38:15 PM org.eclipse.birt.report.engine.api.impl.EngineTask setAppContext
DETALLADO: EngineTask.setAppContext: context=webapplication.projectclasspath=;CHART_RESOLUTION=null;org.eclipse.birt.data.engine.dataset.cache.option=false;birt.viewer.resource.path=/usr/share/tomcat/webapps/birt2;org.eclipse.birt.data.engine.cube.inmemory.size=0;PARENT_CLASSLOADER=WebappClassLoader
  context: /birt2
  delegate: false
  repositories:
----------> Parent Classloader:
java.net.URLClassLoader@7a81197d
;BIRT_VIEWER_HTTPSERVET_REQUEST=org.apache.catalina.connector.RequestFacade@42166abf;
abr 07, 2021 4:38:15 PM org.eclipse.birt.report.engine.api.impl.EngineTask loggerParamters
DETALLADO: Running the report with paramters: 
