mar 25, 2021 10:02:19 PM org.eclipse.birt.report.engine.api.impl.ReportEngine <init>
DETALLADO: ReportEngine created. EngineConfig: EngineConfig: logDest=/usr/share/tomcat/webapps/birt2/logs;maxRowsPerQuery=-1;logLevel=ALL;org.eclipse.birt.report.engine.api.EngineConfig.scriptObjects={webapplication.projectclasspath=, PARENT_CLASSLOADER=WebappClassLoader
  context: /birt2
  delegate: false
  repositories:
----------> Parent Classloader:
java.net.URLClassLoader@7a81197d
};BIRT_HOME=;PLATFORM_CONTEXT=org.eclipse.birt.core.framework.PlatformServletContext@56108232;org.eclipse.birt.report.engine.api.EngineConfig.emitterConfigs={html=org.eclipse.birt.report.engine.api.HTMLRenderOption@17d062d4}; 
mar 25, 2021 10:02:19 PM org.eclipse.birt.report.engine.extension.internal.ExtensionManager getExtensions
DETALLADO: Start load extension point: org.eclipse.birt.report.engine.reportitemGeneration
mar 25, 2021 10:02:19 PM org.eclipse.birt.report.engine.extension.internal.ExtensionManager loadGenerationExtensionDefns
DETALLADO: Load generation extension: Chart
mar 25, 2021 10:02:19 PM org.eclipse.birt.report.engine.extension.internal.ExtensionManager getExtensions
DETALLADO: Start load extension point: org.eclipse.birt.report.engine.reportitemPresentation
mar 25, 2021 10:02:19 PM org.eclipse.birt.report.engine.extension.internal.ExtensionManager loadPresentationExtensionDefns
DETALLADO: Load prsentation extension: Chart
mar 25, 2021 10:02:19 PM org.eclipse.birt.report.engine.extension.internal.ExtensionManager getExtensions
DETALLADO: Start load extension point: org.eclipse.birt.report.engine.reportitemQuery
mar 25, 2021 10:02:19 PM org.eclipse.birt.report.engine.extension.internal.ExtensionManager loadQueryExtensionDefns
DETALLADO: Load query extension: Chart
mar 25, 2021 10:02:19 PM org.eclipse.birt.report.engine.extension.internal.ExtensionManager getExtensions
DETALLADO: Start load extension point: org.eclipse.birt.report.engine.emitters
mar 25, 2021 10:02:19 PM org.eclipse.birt.report.engine.extension.internal.ExtensionManager loadEmitterExtensionDefns
DETALLADO: Load html emitter org.eclipse.birt.report.engine.emitter.html
mar 25, 2021 10:02:19 PM org.eclipse.birt.report.engine.extension.internal.ExtensionManager loadEmitterExtensionDefns
DETALLADO: Load pdf emitter org.eclipse.birt.report.engine.emitter.pdf
mar 25, 2021 10:02:19 PM org.eclipse.birt.report.engine.extension.internal.ExtensionManager loadEmitterExtensionDefns
DETALLADO: Load ppt emitter org.eclipse.birt.report.engine.emitter.ppt
mar 25, 2021 10:02:19 PM org.eclipse.birt.report.engine.extension.internal.ExtensionManager loadEmitterExtensionDefns
DETALLADO: Load postscript emitter org.eclipse.birt.report.engine.emitter.postscript
mar 25, 2021 10:02:19 PM org.eclipse.birt.report.engine.extension.internal.ExtensionManager loadEmitterExtensionDefns
DETALLADO: Load xls emitter org.eclipse.birt.report.engine.emitter.prototype.excel
mar 25, 2021 10:02:19 PM org.eclipse.birt.report.engine.extension.internal.ExtensionManager loadEmitterExtensionDefns
DETALLADO: Load doc emitter org.eclipse.birt.report.engine.emitter.word
mar 25, 2021 10:02:19 PM org.eclipse.birt.report.engine.extension.internal.ExtensionManager getExtensions
DETALLADO: Start load extension point: org.eclipse.birt.report.engine.reportEventHandler
mar 25, 2021 10:02:19 PM org.eclipse.birt.report.engine.extension.internal.ExtensionManager getExtensions
DETALLADO: Start load extension point: org.eclipse.birt.report.engine.reportItemPreparation
mar 25, 2021 10:02:19 PM org.eclipse.birt.report.engine.extension.internal.ExtensionManager getExtensions
DETALLADO: Start load extension point: org.eclipse.birt.report.engine.dataExtraction
mar 25, 2021 10:02:19 PM org.eclipse.birt.report.engine.extension.internal.ExtensionManager loadDataExtractionExtensions
DETALLADO: Load data extraction extension: org.eclipse.birt.report.engine.dataextraction.csv
mar 25, 2021 10:02:19 PM org.eclipse.birt.report.engine.extension.internal.ExtensionManager getExtensions
DETALLADO: Start load extension point: org.eclipse.birt.report.engine.extendedItemFactory
mar 25, 2021 10:02:19 PM org.eclipse.birt.report.engine.extension.internal.ExtensionManager loadExtendedItems
DETALLADO: Load extendedItem extension: Crosstab
mar 25, 2021 10:02:19 PM org.eclipse.birt.report.engine.extension.internal.ExtensionManager loadExtendedItems
DETALLADO: Load extendedItem extension: CrosstabCell
mar 25, 2021 10:02:19 PM org.eclipse.birt.report.engine.extension.internal.ExtensionManager loadExtendedItems
DETALLADO: Load extendedItem extension: AggregationCell
mar 25, 2021 10:04:26 PM org.eclipse.birt.report.engine.api.impl.ReportEngine openReportDocument
DETALLADO: ReportEngine.openReportDocument: systemId=/usr/share/tomcat/webapps/birt2/proveedores.rptdesign, file=/usr/share/tomcat/webapps/birt2/documents/BIRTDOCE9043BDED9F873C2F5F68014E11DBA6A/20210325_220426_056/proveedores.rptdocument, options={semanticCheck=false, resourceFolder=/usr/share/tomcat/webapps/birt2} 
mar 25, 2021 10:04:26 PM org.eclipse.birt.report.engine.api.impl.ReportEngine openReportDesign
DETALLADO: ReportEngine.openReportDesign: name=file:/usr/share/tomcat/webapps/birt2/proveedores.rptdesign, designStream=java.io.FileInputStream@15993d0e, options={3} 
mar 25, 2021 10:04:26 PM org.eclipse.birt.report.model.util.XMLParserPoolImpl createParser
MÁS DETALLADO: created a new SAX parser
mar 25, 2021 10:04:26 PM org.eclipse.birt.report.model.util.XMLParserPoolImpl createParser
MÁS DETALLADO: created a new SAX parser
mar 25, 2021 10:04:26 PM org.eclipse.birt.report.engine.api.impl.ReportEngine createGetParameterDefinitionTask
DETALLADO: ReportEngine.createGetParameterDefinitionTask: reportRunnable=org.eclipse.birt.report.engine.api.impl.ReportRunnable@ea8de97 
mar 25, 2021 10:04:26 PM org.eclipse.birt.report.engine.api.impl.EngineTask setAppContext
DETALLADO: EngineTask.setAppContext: context=webapplication.projectclasspath=;PARENT_CLASSLOADER=WebappClassLoader
  context: /birt2
  delegate: false
  repositories:
----------> Parent Classloader:
java.net.URLClassLoader@7a81197d
;
mar 25, 2021 10:04:26 PM org.eclipse.birt.report.engine.api.impl.EngineTask setLocale
DETALLADO: EngineTask.setLocale: locale=español (España)
mar 25, 2021 10:04:26 PM org.eclipse.birt.report.engine.api.impl.EngineTask setAppContext
DETALLADO: EngineTask.setAppContext: context=webapplication.projectclasspath=;CHART_RESOLUTION=null;org.eclipse.birt.data.engine.dataset.cache.option=false;birt.viewer.resource.path=/usr/share/tomcat/webapps/birt2;org.eclipse.birt.data.engine.cube.inmemory.size=0;PARENT_CLASSLOADER=WebappClassLoader
  context: /birt2
  delegate: false
  repositories:
----------> Parent Classloader:
java.net.URLClassLoader@7a81197d
;BIRT_VIEWER_HTTPSERVET_REQUEST=org.apache.catalina.connector.RequestFacade@1a25766f;
mar 25, 2021 10:04:26 PM org.eclipse.birt.report.engine.api.impl.EngineTask setAppContext
DETALLADO: EngineTask.setAppContext: context=webapplication.projectclasspath=;PARENT_CLASSLOADER=WebappClassLoader
  context: /birt2
  delegate: false
  repositories:
----------> Parent Classloader:
java.net.URLClassLoader@7a81197d
;BIRT_VIEWER_HTTPSERVET_REQUEST=org.apache.catalina.connector.RequestFacade@1a25766f;
mar 25, 2021 10:04:27 PM org.eclipse.birt.report.engine.api.impl.ReportEngine createGetParameterDefinitionTask
DETALLADO: ReportEngine.createGetParameterDefinitionTask: reportRunnable=org.eclipse.birt.report.engine.api.impl.ReportRunnable@ea8de97 
mar 25, 2021 10:04:27 PM org.eclipse.birt.report.engine.api.impl.EngineTask setAppContext
DETALLADO: EngineTask.setAppContext: context=webapplication.projectclasspath=;PARENT_CLASSLOADER=WebappClassLoader
  context: /birt2
  delegate: false
  repositories:
----------> Parent Classloader:
java.net.URLClassLoader@7a81197d
;
mar 25, 2021 10:04:27 PM org.eclipse.birt.report.engine.api.impl.EngineTask setLocale
DETALLADO: EngineTask.setLocale: locale=español (España)
mar 25, 2021 10:04:27 PM org.eclipse.birt.report.engine.api.impl.EngineTask setAppContext
DETALLADO: EngineTask.setAppContext: context=webapplication.projectclasspath=;CHART_RESOLUTION=null;org.eclipse.birt.data.engine.dataset.cache.option=false;birt.viewer.resource.path=/usr/share/tomcat/webapps/birt2;org.eclipse.birt.data.engine.cube.inmemory.size=0;PARENT_CLASSLOADER=WebappClassLoader
  context: /birt2
  delegate: false
  repositories:
----------> Parent Classloader:
java.net.URLClassLoader@7a81197d
;BIRT_VIEWER_HTTPSERVET_REQUEST=org.apache.catalina.core.ApplicationHttpRequest@561f4728;
mar 25, 2021 10:04:27 PM org.eclipse.birt.report.engine.api.impl.EngineTask setAppContext
DETALLADO: EngineTask.setAppContext: context=webapplication.projectclasspath=;PARENT_CLASSLOADER=WebappClassLoader
  context: /birt2
  delegate: false
  repositories:
----------> Parent Classloader:
java.net.URLClassLoader@7a81197d
;BIRT_VIEWER_HTTPSERVET_REQUEST=org.apache.catalina.core.ApplicationHttpRequest@561f4728;
mar 25, 2021 10:04:28 PM org.eclipse.birt.report.engine.api.impl.ReportEngine openReportDocument
DETALLADO: ReportEngine.openReportDocument: systemId=/usr/share/tomcat/webapps/birt2/proveedores.rptdesign, file=/usr/share/tomcat/webapps/birt2/documents/BIRTDOCE9043BDED9F873C2F5F68014E11DBA6A/20210325_220426_056/proveedores.rptdocument, options={semanticCheck=false, resourceFolder=/usr/share/tomcat/webapps/birt2} 
mar 25, 2021 10:04:28 PM org.eclipse.birt.report.engine.api.impl.ReportEngine openReportDesign
DETALLADO: ReportEngine.openReportDesign: name=file:/usr/share/tomcat/webapps/birt2/proveedores.rptdesign, designStream=java.io.FileInputStream@80c0e5d, options={3} 
mar 25, 2021 10:04:28 PM org.eclipse.birt.report.engine.api.impl.ReportEngine createGetParameterDefinitionTask
DETALLADO: ReportEngine.createGetParameterDefinitionTask: reportRunnable=org.eclipse.birt.report.engine.api.impl.ReportRunnable@3d892775 
mar 25, 2021 10:04:28 PM org.eclipse.birt.report.engine.api.impl.EngineTask setAppContext
DETALLADO: EngineTask.setAppContext: context=webapplication.projectclasspath=;PARENT_CLASSLOADER=WebappClassLoader
  context: /birt2
  delegate: false
  repositories:
----------> Parent Classloader:
java.net.URLClassLoader@7a81197d
;
mar 25, 2021 10:04:28 PM org.eclipse.birt.report.engine.api.impl.EngineTask setLocale
DETALLADO: EngineTask.setLocale: locale=español (España)
mar 25, 2021 10:04:28 PM org.eclipse.birt.report.engine.api.impl.EngineTask setAppContext
DETALLADO: EngineTask.setAppContext: context=webapplication.projectclasspath=;CHART_RESOLUTION=null;org.eclipse.birt.data.engine.dataset.cache.option=false;birt.viewer.resource.path=/usr/share/tomcat/webapps/birt2;org.eclipse.birt.data.engine.cube.inmemory.size=0;PARENT_CLASSLOADER=WebappClassLoader
  context: /birt2
  delegate: false
  repositories:
----------> Parent Classloader:
java.net.URLClassLoader@7a81197d
;BIRT_VIEWER_HTTPSERVET_REQUEST=org.apache.catalina.connector.RequestFacade@24ded18e;
mar 25, 2021 10:04:28 PM org.eclipse.birt.report.engine.api.impl.EngineTask setAppContext
DETALLADO: EngineTask.setAppContext: context=webapplication.projectclasspath=;PARENT_CLASSLOADER=WebappClassLoader
  context: /birt2
  delegate: false
  repositories:
----------> Parent Classloader:
java.net.URLClassLoader@7a81197d
;BIRT_VIEWER_HTTPSERVET_REQUEST=org.apache.catalina.connector.RequestFacade@24ded18e;
mar 25, 2021 10:04:28 PM org.eclipse.birt.report.engine.api.impl.ReportEngine createRunTask
DETALLADO: ReportEngine.createRunTask: reportRunnable=org.eclipse.birt.report.engine.api.impl.ReportRunnable@3d892775 
mar 25, 2021 10:04:28 PM org.eclipse.birt.report.engine.api.impl.EngineTask setAppContext
DETALLADO: EngineTask.setAppContext: context=webapplication.projectclasspath=;PARENT_CLASSLOADER=WebappClassLoader
  context: /birt2
  delegate: false
  repositories:
----------> Parent Classloader:
java.net.URLClassLoader@7a81197d
;
mar 25, 2021 10:04:28 PM org.eclipse.birt.report.engine.api.impl.EngineTask setLocale
DETALLADO: EngineTask.setLocale: locale=español (España)
mar 25, 2021 10:04:28 PM org.eclipse.birt.report.engine.api.impl.EngineTask setAppContext
DETALLADO: EngineTask.setAppContext: context=webapplication.projectclasspath=;CHART_RESOLUTION=null;org.eclipse.birt.data.engine.dataset.cache.option=false;birt.viewer.resource.path=/usr/share/tomcat/webapps/birt2;org.eclipse.birt.data.engine.cube.inmemory.size=0;PARENT_CLASSLOADER=WebappClassLoader
  context: /birt2
  delegate: false
  repositories:
----------> Parent Classloader:
java.net.URLClassLoader@7a81197d
;BIRT_VIEWER_HTTPSERVET_REQUEST=org.apache.catalina.connector.RequestFacade@24ded18e;
mar 25, 2021 10:04:28 PM org.eclipse.birt.report.engine.api.impl.EngineTask loggerParamters
DETALLADO: Running the report with paramters: 
mar 25, 2021 10:04:29 PM org.eclipse.birt.report.engine.api.impl.ReportEngine openReportDocument
DETALLADO: ReportEngine.openReportDocument: systemId=/usr/share/tomcat/webapps/birt2/proveedores.rptdesign, file=/usr/share/tomcat/webapps/birt2/documents/BIRTDOCE9043BDED9F873C2F5F68014E11DBA6A/20210325_220426_056/proveedores.rptdocument, options={semanticCheck=false, resourceFolder=/usr/share/tomcat/webapps/birt2} 
mar 25, 2021 10:04:29 PM org.eclipse.birt.report.engine.api.impl.ReportEngine openReportDocument
DETALLADO: ReportEngine.openReportDocument: systemId=/usr/share/tomcat/webapps/birt2/proveedores.rptdesign, file=/usr/share/tomcat/webapps/birt2/documents/BIRTDOCE9043BDED9F873C2F5F68014E11DBA6A/20210325_220426_056/proveedores.rptdocument, options={semanticCheck=false, resourceFolder=/usr/share/tomcat/webapps/birt2} 
mar 25, 2021 10:04:29 PM org.eclipse.birt.report.engine.api.impl.ReportEngine createRenderTask
DETALLADO: ReportEngine.createRenderTask: reportDocument=org.eclipse.birt.report.engine.api.impl.ReportDocumentReader@53b3a80d 
mar 25, 2021 10:04:29 PM org.eclipse.birt.report.engine.api.impl.EngineTask setAppContext
DETALLADO: EngineTask.setAppContext: context=webapplication.projectclasspath=;PARENT_CLASSLOADER=WebappClassLoader
  context: /birt2
  delegate: false
  repositories:
----------> Parent Classloader:
java.net.URLClassLoader@7a81197d
;
mar 25, 2021 10:04:29 PM org.eclipse.birt.report.engine.api.impl.ReportEngine openReportDesign
DETALLADO: ReportEngine.openReportDesign: name=/usr/share/tomcat/webapps/birt2/proveedores.rptdesign, designStream=org.eclipse.birt.core.archive.compound.ArchiveEntryInputStream@50f9fe4e, options={3} 
mar 25, 2021 10:04:29 PM org.eclipse.birt.report.engine.api.impl.EngineTask setAppContext
DETALLADO: EngineTask.setAppContext: context=webapplication.projectclasspath=;CHART_RESOLUTION=null;org.eclipse.birt.data.engine.dataset.cache.option=false;birt.viewer.resource.path=/usr/share/tomcat/webapps/birt2;org.eclipse.birt.data.engine.cube.inmemory.size=0;PARENT_CLASSLOADER=WebappClassLoader
  context: /birt2
  delegate: false
  repositories:
----------> Parent Classloader:
java.net.URLClassLoader@7a81197d
;BIRT_VIEWER_HTTPSERVET_REQUEST=org.apache.catalina.connector.RequestFacade@24ded18e;
mar 25, 2021 10:04:29 PM org.eclipse.birt.report.engine.api.impl.EngineTask setLocale
DETALLADO: EngineTask.setLocale: locale=español (España)
mar 25, 2021 10:04:58 PM org.eclipse.birt.report.engine.api.impl.ReportEngine openReportDocument
DETALLADO: ReportEngine.openReportDocument: systemId=/usr/share/tomcat/webapps/birt2/test.rptdesign, file=/usr/share/tomcat/webapps/birt2/documents/BIRTDOCE9043BDED9F873C2F5F68014E11DBA6A/20210325_220458_257/test.rptdocument, options={semanticCheck=false, resourceFolder=/usr/share/tomcat/webapps/birt2} 
mar 25, 2021 10:04:58 PM org.eclipse.birt.report.engine.api.impl.ReportEngine openReportDesign
DETALLADO: ReportEngine.openReportDesign: name=file:/usr/share/tomcat/webapps/birt2/test.rptdesign, designStream=java.io.FileInputStream@2dbd940c, options={3} 
mar 25, 2021 10:04:58 PM org.eclipse.birt.report.engine.api.impl.ReportEngine createGetParameterDefinitionTask
DETALLADO: ReportEngine.createGetParameterDefinitionTask: reportRunnable=org.eclipse.birt.report.engine.api.impl.ReportRunnable@fe5e3a6 
mar 25, 2021 10:04:58 PM org.eclipse.birt.report.engine.api.impl.EngineTask setAppContext
DETALLADO: EngineTask.setAppContext: context=webapplication.projectclasspath=;PARENT_CLASSLOADER=WebappClassLoader
  context: /birt2
  delegate: false
  repositories:
----------> Parent Classloader:
java.net.URLClassLoader@7a81197d
;
mar 25, 2021 10:04:58 PM org.eclipse.birt.report.engine.api.impl.EngineTask setLocale
DETALLADO: EngineTask.setLocale: locale=español (España)
mar 25, 2021 10:04:58 PM org.eclipse.birt.report.engine.api.impl.EngineTask setAppContext
DETALLADO: EngineTask.setAppContext: context=webapplication.projectclasspath=;CHART_RESOLUTION=null;org.eclipse.birt.data.engine.dataset.cache.option=false;birt.viewer.resource.path=/usr/share/tomcat/webapps/birt2;org.eclipse.birt.data.engine.cube.inmemory.size=0;PARENT_CLASSLOADER=WebappClassLoader
  context: /birt2
  delegate: false
  repositories:
----------> Parent Classloader:
java.net.URLClassLoader@7a81197d
;BIRT_VIEWER_HTTPSERVET_REQUEST=org.apache.catalina.connector.RequestFacade@8b0d90e;
mar 25, 2021 10:04:58 PM org.eclipse.birt.report.engine.api.impl.EngineTask setAppContext
DETALLADO: EngineTask.setAppContext: context=webapplication.projectclasspath=;PARENT_CLASSLOADER=WebappClassLoader
  context: /birt2
  delegate: false
  repositories:
----------> Parent Classloader:
java.net.URLClassLoader@7a81197d
;BIRT_VIEWER_HTTPSERVET_REQUEST=org.apache.catalina.connector.RequestFacade@8b0d90e;
mar 25, 2021 10:04:58 PM org.eclipse.birt.report.engine.api.impl.ReportEngine createGetParameterDefinitionTask
DETALLADO: ReportEngine.createGetParameterDefinitionTask: reportRunnable=org.eclipse.birt.report.engine.api.impl.ReportRunnable@fe5e3a6 
mar 25, 2021 10:04:58 PM org.eclipse.birt.report.engine.api.impl.EngineTask setAppContext
DETALLADO: EngineTask.setAppContext: context=webapplication.projectclasspath=;PARENT_CLASSLOADER=WebappClassLoader
  context: /birt2
  delegate: false
  repositories:
----------> Parent Classloader:
java.net.URLClassLoader@7a81197d
;
mar 25, 2021 10:04:58 PM org.eclipse.birt.report.engine.api.impl.EngineTask setLocale
DETALLADO: EngineTask.setLocale: locale=español (España)
mar 25, 2021 10:04:58 PM org.eclipse.birt.report.engine.api.impl.EngineTask setAppContext
DETALLADO: EngineTask.setAppContext: context=webapplication.projectclasspath=;CHART_RESOLUTION=null;org.eclipse.birt.data.engine.dataset.cache.option=false;birt.viewer.resource.path=/usr/share/tomcat/webapps/birt2;org.eclipse.birt.data.engine.cube.inmemory.size=0;PARENT_CLASSLOADER=WebappClassLoader
  context: /birt2
  delegate: false
  repositories:
----------> Parent Classloader:
java.net.URLClassLoader@7a81197d
;BIRT_VIEWER_HTTPSERVET_REQUEST=org.apache.catalina.core.ApplicationHttpRequest@6450ca97;
mar 25, 2021 10:04:58 PM org.eclipse.birt.report.engine.api.impl.EngineTask setAppContext
DETALLADO: EngineTask.setAppContext: context=webapplication.projectclasspath=;PARENT_CLASSLOADER=WebappClassLoader
  context: /birt2
  delegate: false
  repositories:
----------> Parent Classloader:
java.net.URLClassLoader@7a81197d
;BIRT_VIEWER_HTTPSERVET_REQUEST=org.apache.catalina.core.ApplicationHttpRequest@6450ca97;
mar 25, 2021 10:04:58 PM org.eclipse.birt.report.engine.api.impl.ReportEngine openReportDocument
DETALLADO: ReportEngine.openReportDocument: systemId=/usr/share/tomcat/webapps/birt2/test.rptdesign, file=/usr/share/tomcat/webapps/birt2/documents/BIRTDOCE9043BDED9F873C2F5F68014E11DBA6A/20210325_220458_257/test.rptdocument, options={semanticCheck=false, resourceFolder=/usr/share/tomcat/webapps/birt2} 
mar 25, 2021 10:04:58 PM org.eclipse.birt.report.engine.api.impl.ReportEngine openReportDesign
DETALLADO: ReportEngine.openReportDesign: name=file:/usr/share/tomcat/webapps/birt2/test.rptdesign, designStream=java.io.FileInputStream@4cc031df, options={3} 
mar 25, 2021 10:04:58 PM org.eclipse.birt.report.engine.api.impl.ReportEngine createGetParameterDefinitionTask
DETALLADO: ReportEngine.createGetParameterDefinitionTask: reportRunnable=org.eclipse.birt.report.engine.api.impl.ReportRunnable@722b0464 
mar 25, 2021 10:04:58 PM org.eclipse.birt.report.engine.api.impl.EngineTask setAppContext
DETALLADO: EngineTask.setAppContext: context=webapplication.projectclasspath=;PARENT_CLASSLOADER=WebappClassLoader
  context: /birt2
  delegate: false
  repositories:
----------> Parent Classloader:
java.net.URLClassLoader@7a81197d
;
mar 25, 2021 10:04:58 PM org.eclipse.birt.report.engine.api.impl.EngineTask setLocale
DETALLADO: EngineTask.setLocale: locale=español (España)
mar 25, 2021 10:04:58 PM org.eclipse.birt.report.engine.api.impl.EngineTask setAppContext
DETALLADO: EngineTask.setAppContext: context=webapplication.projectclasspath=;CHART_RESOLUTION=null;org.eclipse.birt.data.engine.dataset.cache.option=false;birt.viewer.resource.path=/usr/share/tomcat/webapps/birt2;org.eclipse.birt.data.engine.cube.inmemory.size=0;PARENT_CLASSLOADER=WebappClassLoader
  context: /birt2
  delegate: false
  repositories:
----------> Parent Classloader:
java.net.URLClassLoader@7a81197d
;BIRT_VIEWER_HTTPSERVET_REQUEST=org.apache.catalina.connector.RequestFacade@4783d55d;
mar 25, 2021 10:04:58 PM org.eclipse.birt.report.engine.api.impl.EngineTask setAppContext
DETALLADO: EngineTask.setAppContext: context=webapplication.projectclasspath=;PARENT_CLASSLOADER=WebappClassLoader
  context: /birt2
  delegate: false
  repositories:
----------> Parent Classloader:
java.net.URLClassLoader@7a81197d
;BIRT_VIEWER_HTTPSERVET_REQUEST=org.apache.catalina.connector.RequestFacade@4783d55d;
mar 25, 2021 10:04:58 PM org.eclipse.birt.report.engine.api.impl.ReportEngine createRunTask
DETALLADO: ReportEngine.createRunTask: reportRunnable=org.eclipse.birt.report.engine.api.impl.ReportRunnable@722b0464 
mar 25, 2021 10:04:58 PM org.eclipse.birt.report.engine.api.impl.EngineTask setAppContext
DETALLADO: EngineTask.setAppContext: context=webapplication.projectclasspath=;PARENT_CLASSLOADER=WebappClassLoader
  context: /birt2
  delegate: false
  repositories:
----------> Parent Classloader:
java.net.URLClassLoader@7a81197d
;
mar 25, 2021 10:04:58 PM org.eclipse.birt.report.engine.api.impl.EngineTask setLocale
DETALLADO: EngineTask.setLocale: locale=español (España)
mar 25, 2021 10:04:58 PM org.eclipse.birt.report.engine.api.impl.EngineTask setAppContext
DETALLADO: EngineTask.setAppContext: context=webapplication.projectclasspath=;CHART_RESOLUTION=null;org.eclipse.birt.data.engine.dataset.cache.option=false;birt.viewer.resource.path=/usr/share/tomcat/webapps/birt2;org.eclipse.birt.data.engine.cube.inmemory.size=0;PARENT_CLASSLOADER=WebappClassLoader
  context: /birt2
  delegate: false
  repositories:
----------> Parent Classloader:
java.net.URLClassLoader@7a81197d
;BIRT_VIEWER_HTTPSERVET_REQUEST=org.apache.catalina.connector.RequestFacade@4783d55d;
mar 25, 2021 10:04:58 PM org.eclipse.birt.report.engine.api.impl.EngineTask loggerParamters
DETALLADO: Running the report with paramters: 
mar 25, 2021 10:04:58 PM org.eclipse.birt.report.engine.api.impl.ReportEngine openReportDocument
DETALLADO: ReportEngine.openReportDocument: systemId=/usr/share/tomcat/webapps/birt2/test.rptdesign, file=/usr/share/tomcat/webapps/birt2/documents/BIRTDOCE9043BDED9F873C2F5F68014E11DBA6A/20210325_220458_257/test.rptdocument, options={semanticCheck=false, resourceFolder=/usr/share/tomcat/webapps/birt2} 
mar 25, 2021 10:04:58 PM org.eclipse.birt.report.engine.api.impl.ReportEngine openReportDocument
DETALLADO: ReportEngine.openReportDocument: systemId=/usr/share/tomcat/webapps/birt2/test.rptdesign, file=/usr/share/tomcat/webapps/birt2/documents/BIRTDOCE9043BDED9F873C2F5F68014E11DBA6A/20210325_220458_257/test.rptdocument, options={semanticCheck=false, resourceFolder=/usr/share/tomcat/webapps/birt2} 
mar 25, 2021 10:04:58 PM org.eclipse.birt.report.engine.api.impl.ReportEngine createRenderTask
DETALLADO: ReportEngine.createRenderTask: reportDocument=org.eclipse.birt.report.engine.api.impl.ReportDocumentReader@78d55f55 
mar 25, 2021 10:04:58 PM org.eclipse.birt.report.engine.api.impl.EngineTask setAppContext
DETALLADO: EngineTask.setAppContext: context=webapplication.projectclasspath=;PARENT_CLASSLOADER=WebappClassLoader
  context: /birt2
  delegate: false
  repositories:
----------> Parent Classloader:
java.net.URLClassLoader@7a81197d
;
mar 25, 2021 10:04:58 PM org.eclipse.birt.report.engine.api.impl.ReportEngine openReportDesign
DETALLADO: ReportEngine.openReportDesign: name=/usr/share/tomcat/webapps/birt2/test.rptdesign, designStream=org.eclipse.birt.core.archive.compound.ArchiveEntryInputStream@30a550ff, options={3} 
mar 25, 2021 10:04:58 PM org.eclipse.birt.report.engine.api.impl.EngineTask setAppContext
DETALLADO: EngineTask.setAppContext: context=webapplication.projectclasspath=;CHART_RESOLUTION=null;org.eclipse.birt.data.engine.dataset.cache.option=false;birt.viewer.resource.path=/usr/share/tomcat/webapps/birt2;org.eclipse.birt.data.engine.cube.inmemory.size=0;PARENT_CLASSLOADER=WebappClassLoader
  context: /birt2
  delegate: false
  repositories:
----------> Parent Classloader:
java.net.URLClassLoader@7a81197d
;BIRT_VIEWER_HTTPSERVET_REQUEST=org.apache.catalina.connector.RequestFacade@4783d55d;
mar 25, 2021 10:04:58 PM org.eclipse.birt.report.engine.api.impl.EngineTask setLocale
DETALLADO: EngineTask.setLocale: locale=español (España)
mar 25, 2021 10:05:45 PM org.eclipse.birt.report.engine.api.impl.ReportEngine openReportDocument
DETALLADO: ReportEngine.openReportDocument: systemId=/usr/share/tomcat/webapps/birt2/proveedores.rptdesign, file=/usr/share/tomcat/webapps/birt2/documents/BIRTDOCE9043BDED9F873C2F5F68014E11DBA6A/20210325_220545_980/proveedores.rptdocument, options={semanticCheck=false, resourceFolder=/usr/share/tomcat/webapps/birt2} 
mar 25, 2021 10:05:45 PM org.eclipse.birt.report.engine.api.impl.ReportEngine openReportDesign
DETALLADO: ReportEngine.openReportDesign: name=file:/usr/share/tomcat/webapps/birt2/proveedores.rptdesign, designStream=java.io.FileInputStream@5119b374, options={3} 
mar 25, 2021 10:05:45 PM org.eclipse.birt.report.engine.api.impl.ReportEngine createGetParameterDefinitionTask
DETALLADO: ReportEngine.createGetParameterDefinitionTask: reportRunnable=org.eclipse.birt.report.engine.api.impl.ReportRunnable@4d7e524a 
mar 25, 2021 10:05:46 PM org.eclipse.birt.report.engine.api.impl.EngineTask setAppContext
DETALLADO: EngineTask.setAppContext: context=webapplication.projectclasspath=;PARENT_CLASSLOADER=WebappClassLoader
  context: /birt2
  delegate: false
  repositories:
----------> Parent Classloader:
java.net.URLClassLoader@7a81197d
;
mar 25, 2021 10:05:46 PM org.eclipse.birt.report.engine.api.impl.EngineTask setLocale
DETALLADO: EngineTask.setLocale: locale=español (España)
mar 25, 2021 10:05:46 PM org.eclipse.birt.report.engine.api.impl.EngineTask setAppContext
DETALLADO: EngineTask.setAppContext: context=webapplication.projectclasspath=;CHART_RESOLUTION=null;org.eclipse.birt.data.engine.dataset.cache.option=false;birt.viewer.resource.path=/usr/share/tomcat/webapps/birt2;org.eclipse.birt.data.engine.cube.inmemory.size=0;PARENT_CLASSLOADER=WebappClassLoader
  context: /birt2
  delegate: false
  repositories:
----------> Parent Classloader:
java.net.URLClassLoader@7a81197d
;BIRT_VIEWER_HTTPSERVET_REQUEST=org.apache.catalina.connector.RequestFacade@8b0d90e;
mar 25, 2021 10:05:46 PM org.eclipse.birt.report.engine.api.impl.EngineTask setAppContext
DETALLADO: EngineTask.setAppContext: context=webapplication.projectclasspath=;PARENT_CLASSLOADER=WebappClassLoader
  context: /birt2
  delegate: false
  repositories:
----------> Parent Classloader:
java.net.URLClassLoader@7a81197d
;BIRT_VIEWER_HTTPSERVET_REQUEST=org.apache.catalina.connector.RequestFacade@8b0d90e;
mar 25, 2021 10:05:46 PM org.eclipse.birt.report.engine.api.impl.ReportEngine createGetParameterDefinitionTask
DETALLADO: ReportEngine.createGetParameterDefinitionTask: reportRunnable=org.eclipse.birt.report.engine.api.impl.ReportRunnable@4d7e524a 
mar 25, 2021 10:05:46 PM org.eclipse.birt.report.engine.api.impl.EngineTask setAppContext
DETALLADO: EngineTask.setAppContext: context=webapplication.projectclasspath=;PARENT_CLASSLOADER=WebappClassLoader
  context: /birt2
  delegate: false
  repositories:
----------> Parent Classloader:
java.net.URLClassLoader@7a81197d
;
mar 25, 2021 10:05:46 PM org.eclipse.birt.report.engine.api.impl.EngineTask setLocale
DETALLADO: EngineTask.setLocale: locale=español (España)
mar 25, 2021 10:05:46 PM org.eclipse.birt.report.engine.api.impl.EngineTask setAppContext
DETALLADO: EngineTask.setAppContext: context=webapplication.projectclasspath=;CHART_RESOLUTION=null;org.eclipse.birt.data.engine.dataset.cache.option=false;birt.viewer.resource.path=/usr/share/tomcat/webapps/birt2;org.eclipse.birt.data.engine.cube.inmemory.size=0;PARENT_CLASSLOADER=WebappClassLoader
  context: /birt2
  delegate: false
  repositories:
----------> Parent Classloader:
java.net.URLClassLoader@7a81197d
;BIRT_VIEWER_HTTPSERVET_REQUEST=org.apache.catalina.core.ApplicationHttpRequest@3dc24077;
mar 25, 2021 10:05:46 PM org.eclipse.birt.report.engine.api.impl.EngineTask setAppContext
DETALLADO: EngineTask.setAppContext: context=webapplication.projectclasspath=;PARENT_CLASSLOADER=WebappClassLoader
  context: /birt2
  delegate: false
  repositories:
----------> Parent Classloader:
java.net.URLClassLoader@7a81197d
;BIRT_VIEWER_HTTPSERVET_REQUEST=org.apache.catalina.core.ApplicationHttpRequest@3dc24077;
mar 25, 2021 10:05:46 PM org.eclipse.birt.report.engine.api.impl.ReportEngine openReportDocument
DETALLADO: ReportEngine.openReportDocument: systemId=/usr/share/tomcat/webapps/birt2/proveedores.rptdesign, file=/usr/share/tomcat/webapps/birt2/documents/BIRTDOCE9043BDED9F873C2F5F68014E11DBA6A/20210325_220545_980/proveedores.rptdocument, options={semanticCheck=false, resourceFolder=/usr/share/tomcat/webapps/birt2} 
mar 25, 2021 10:05:46 PM org.eclipse.birt.report.engine.api.impl.ReportEngine openReportDesign
DETALLADO: ReportEngine.openReportDesign: name=file:/usr/share/tomcat/webapps/birt2/proveedores.rptdesign, designStream=java.io.FileInputStream@465f80fc, options={3} 
mar 25, 2021 10:05:46 PM org.eclipse.birt.report.engine.api.impl.ReportEngine createGetParameterDefinitionTask
DETALLADO: ReportEngine.createGetParameterDefinitionTask: reportRunnable=org.eclipse.birt.report.engine.api.impl.ReportRunnable@13048a1 
mar 25, 2021 10:05:46 PM org.eclipse.birt.report.engine.api.impl.EngineTask setAppContext
DETALLADO: EngineTask.setAppContext: context=webapplication.projectclasspath=;PARENT_CLASSLOADER=WebappClassLoader
  context: /birt2
  delegate: false
  repositories:
----------> Parent Classloader:
java.net.URLClassLoader@7a81197d
;
mar 25, 2021 10:05:46 PM org.eclipse.birt.report.engine.api.impl.EngineTask setLocale
DETALLADO: EngineTask.setLocale: locale=español (España)
mar 25, 2021 10:05:46 PM org.eclipse.birt.report.engine.api.impl.EngineTask setAppContext
DETALLADO: EngineTask.setAppContext: context=webapplication.projectclasspath=;CHART_RESOLUTION=null;org.eclipse.birt.data.engine.dataset.cache.option=false;birt.viewer.resource.path=/usr/share/tomcat/webapps/birt2;org.eclipse.birt.data.engine.cube.inmemory.size=0;PARENT_CLASSLOADER=WebappClassLoader
  context: /birt2
  delegate: false
  repositories:
----------> Parent Classloader:
java.net.URLClassLoader@7a81197d
;BIRT_VIEWER_HTTPSERVET_REQUEST=org.apache.catalina.connector.RequestFacade@4783d55d;
mar 25, 2021 10:05:46 PM org.eclipse.birt.report.engine.api.impl.EngineTask setAppContext
DETALLADO: EngineTask.setAppContext: context=webapplication.projectclasspath=;PARENT_CLASSLOADER=WebappClassLoader
  context: /birt2
  delegate: false
  repositories:
----------> Parent Classloader:
java.net.URLClassLoader@7a81197d
;BIRT_VIEWER_HTTPSERVET_REQUEST=org.apache.catalina.connector.RequestFacade@4783d55d;
mar 25, 2021 10:05:46 PM org.eclipse.birt.report.engine.api.impl.ReportEngine createRunTask
DETALLADO: ReportEngine.createRunTask: reportRunnable=org.eclipse.birt.report.engine.api.impl.ReportRunnable@13048a1 
mar 25, 2021 10:05:46 PM org.eclipse.birt.report.engine.api.impl.EngineTask setAppContext
DETALLADO: EngineTask.setAppContext: context=webapplication.projectclasspath=;PARENT_CLASSLOADER=WebappClassLoader
  context: /birt2
  delegate: false
  repositories:
----------> Parent Classloader:
java.net.URLClassLoader@7a81197d
;
mar 25, 2021 10:05:46 PM org.eclipse.birt.report.engine.api.impl.EngineTask setLocale
DETALLADO: EngineTask.setLocale: locale=español (España)
mar 25, 2021 10:05:46 PM org.eclipse.birt.report.engine.api.impl.EngineTask setAppContext
DETALLADO: EngineTask.setAppContext: context=webapplication.projectclasspath=;CHART_RESOLUTION=null;org.eclipse.birt.data.engine.dataset.cache.option=false;birt.viewer.resource.path=/usr/share/tomcat/webapps/birt2;org.eclipse.birt.data.engine.cube.inmemory.size=0;PARENT_CLASSLOADER=WebappClassLoader
  context: /birt2
  delegate: false
  repositories:
----------> Parent Classloader:
java.net.URLClassLoader@7a81197d
;BIRT_VIEWER_HTTPSERVET_REQUEST=org.apache.catalina.connector.RequestFacade@4783d55d;
mar 25, 2021 10:05:46 PM org.eclipse.birt.report.engine.api.impl.EngineTask loggerParamters
DETALLADO: Running the report with paramters: 
mar 25, 2021 10:05:46 PM org.eclipse.birt.report.engine.api.impl.ReportEngine openReportDocument
DETALLADO: ReportEngine.openReportDocument: systemId=/usr/share/tomcat/webapps/birt2/proveedores.rptdesign, file=/usr/share/tomcat/webapps/birt2/documents/BIRTDOCE9043BDED9F873C2F5F68014E11DBA6A/20210325_220545_980/proveedores.rptdocument, options={semanticCheck=false, resourceFolder=/usr/share/tomcat/webapps/birt2} 
mar 25, 2021 10:05:46 PM org.eclipse.birt.report.engine.api.impl.ReportEngine openReportDocument
DETALLADO: ReportEngine.openReportDocument: systemId=/usr/share/tomcat/webapps/birt2/proveedores.rptdesign, file=/usr/share/tomcat/webapps/birt2/documents/BIRTDOCE9043BDED9F873C2F5F68014E11DBA6A/20210325_220545_980/proveedores.rptdocument, options={semanticCheck=false, resourceFolder=/usr/share/tomcat/webapps/birt2} 
mar 25, 2021 10:05:46 PM org.eclipse.birt.report.engine.api.impl.ReportEngine createRenderTask
DETALLADO: ReportEngine.createRenderTask: reportDocument=org.eclipse.birt.report.engine.api.impl.ReportDocumentReader@2fd33ff0 
mar 25, 2021 10:05:46 PM org.eclipse.birt.report.engine.api.impl.EngineTask setAppContext
DETALLADO: EngineTask.setAppContext: context=webapplication.projectclasspath=;PARENT_CLASSLOADER=WebappClassLoader
  context: /birt2
  delegate: false
  repositories:
----------> Parent Classloader:
java.net.URLClassLoader@7a81197d
;
mar 25, 2021 10:05:46 PM org.eclipse.birt.report.engine.api.impl.ReportEngine openReportDesign
DETALLADO: ReportEngine.openReportDesign: name=/usr/share/tomcat/webapps/birt2/proveedores.rptdesign, designStream=org.eclipse.birt.core.archive.compound.ArchiveEntryInputStream@1b43d985, options={3} 
mar 25, 2021 10:05:46 PM org.eclipse.birt.report.engine.api.impl.EngineTask setAppContext
DETALLADO: EngineTask.setAppContext: context=webapplication.projectclasspath=;CHART_RESOLUTION=null;org.eclipse.birt.data.engine.dataset.cache.option=false;birt.viewer.resource.path=/usr/share/tomcat/webapps/birt2;org.eclipse.birt.data.engine.cube.inmemory.size=0;PARENT_CLASSLOADER=WebappClassLoader
  context: /birt2
  delegate: false
  repositories:
----------> Parent Classloader:
java.net.URLClassLoader@7a81197d
;BIRT_VIEWER_HTTPSERVET_REQUEST=org.apache.catalina.connector.RequestFacade@4783d55d;
mar 25, 2021 10:05:46 PM org.eclipse.birt.report.engine.api.impl.EngineTask setLocale
DETALLADO: EngineTask.setLocale: locale=español (España)
