mar 25, 2021 10:10:06 PM org.eclipse.birt.report.engine.api.impl.ReportEngine <init>
DETALLADO: ReportEngine created. EngineConfig: EngineConfig: logDest=/usr/share/tomcat/webapps/birt2/logs;maxRowsPerQuery=-1;logLevel=ALL;org.eclipse.birt.report.engine.api.EngineConfig.scriptObjects={webapplication.projectclasspath=, PARENT_CLASSLOADER=WebappClassLoader
  context: /birt2
  delegate: false
  repositories:
----------> Parent Classloader:
java.net.URLClassLoader@7a81197d
};BIRT_HOME=;PLATFORM_CONTEXT=org.eclipse.birt.core.framework.PlatformServletContext@7232d8c5;org.eclipse.birt.report.engine.api.EngineConfig.emitterConfigs={html=org.eclipse.birt.report.engine.api.HTMLRenderOption@5e36a66}; 
mar 25, 2021 10:10:06 PM org.eclipse.birt.report.engine.extension.internal.ExtensionManager getExtensions
DETALLADO: Start load extension point: org.eclipse.birt.report.engine.reportitemGeneration
mar 25, 2021 10:10:06 PM org.eclipse.birt.report.engine.extension.internal.ExtensionManager loadGenerationExtensionDefns
DETALLADO: Load generation extension: Chart
mar 25, 2021 10:10:06 PM org.eclipse.birt.report.engine.extension.internal.ExtensionManager getExtensions
DETALLADO: Start load extension point: org.eclipse.birt.report.engine.reportitemPresentation
mar 25, 2021 10:10:06 PM org.eclipse.birt.report.engine.extension.internal.ExtensionManager loadPresentationExtensionDefns
DETALLADO: Load prsentation extension: Chart
mar 25, 2021 10:10:06 PM org.eclipse.birt.report.engine.extension.internal.ExtensionManager getExtensions
DETALLADO: Start load extension point: org.eclipse.birt.report.engine.reportitemQuery
mar 25, 2021 10:10:06 PM org.eclipse.birt.report.engine.extension.internal.ExtensionManager loadQueryExtensionDefns
DETALLADO: Load query extension: Chart
mar 25, 2021 10:10:06 PM org.eclipse.birt.report.engine.extension.internal.ExtensionManager getExtensions
DETALLADO: Start load extension point: org.eclipse.birt.report.engine.emitters
mar 25, 2021 10:10:06 PM org.eclipse.birt.report.engine.extension.internal.ExtensionManager loadEmitterExtensionDefns
DETALLADO: Load html emitter org.eclipse.birt.report.engine.emitter.html
mar 25, 2021 10:10:06 PM org.eclipse.birt.report.engine.extension.internal.ExtensionManager loadEmitterExtensionDefns
DETALLADO: Load pdf emitter org.eclipse.birt.report.engine.emitter.pdf
mar 25, 2021 10:10:06 PM org.eclipse.birt.report.engine.extension.internal.ExtensionManager loadEmitterExtensionDefns
DETALLADO: Load ppt emitter org.eclipse.birt.report.engine.emitter.ppt
mar 25, 2021 10:10:06 PM org.eclipse.birt.report.engine.extension.internal.ExtensionManager loadEmitterExtensionDefns
DETALLADO: Load postscript emitter org.eclipse.birt.report.engine.emitter.postscript
mar 25, 2021 10:10:06 PM org.eclipse.birt.report.engine.extension.internal.ExtensionManager loadEmitterExtensionDefns
DETALLADO: Load xls emitter org.eclipse.birt.report.engine.emitter.prototype.excel
mar 25, 2021 10:10:06 PM org.eclipse.birt.report.engine.extension.internal.ExtensionManager loadEmitterExtensionDefns
DETALLADO: Load doc emitter org.eclipse.birt.report.engine.emitter.word
mar 25, 2021 10:10:06 PM org.eclipse.birt.report.engine.extension.internal.ExtensionManager getExtensions
DETALLADO: Start load extension point: org.eclipse.birt.report.engine.reportEventHandler
mar 25, 2021 10:10:06 PM org.eclipse.birt.report.engine.extension.internal.ExtensionManager getExtensions
DETALLADO: Start load extension point: org.eclipse.birt.report.engine.reportItemPreparation
mar 25, 2021 10:10:06 PM org.eclipse.birt.report.engine.extension.internal.ExtensionManager getExtensions
DETALLADO: Start load extension point: org.eclipse.birt.report.engine.dataExtraction
mar 25, 2021 10:10:06 PM org.eclipse.birt.report.engine.extension.internal.ExtensionManager loadDataExtractionExtensions
DETALLADO: Load data extraction extension: org.eclipse.birt.report.engine.dataextraction.csv
mar 25, 2021 10:10:06 PM org.eclipse.birt.report.engine.extension.internal.ExtensionManager getExtensions
DETALLADO: Start load extension point: org.eclipse.birt.report.engine.extendedItemFactory
mar 25, 2021 10:10:06 PM org.eclipse.birt.report.engine.extension.internal.ExtensionManager loadExtendedItems
DETALLADO: Load extendedItem extension: Crosstab
mar 25, 2021 10:10:06 PM org.eclipse.birt.report.engine.extension.internal.ExtensionManager loadExtendedItems
DETALLADO: Load extendedItem extension: CrosstabCell
mar 25, 2021 10:10:06 PM org.eclipse.birt.report.engine.extension.internal.ExtensionManager loadExtendedItems
DETALLADO: Load extendedItem extension: AggregationCell
mar 25, 2021 10:10:18 PM org.eclipse.birt.report.engine.api.impl.ReportEngine openReportDocument
DETALLADO: ReportEngine.openReportDocument: systemId=/usr/share/tomcat/webapps/birt2/proveedores.rptdesign, file=/usr/share/tomcat/webapps/birt2/documents/BIRTDOCE9043BDED9F873C2F5F68014E11DBA6A/20210325_221018_644/proveedores.rptdocument, options={semanticCheck=false, resourceFolder=/usr/share/tomcat/webapps/birt2} 
mar 25, 2021 10:10:18 PM org.eclipse.birt.report.engine.api.impl.ReportEngine openReportDesign
DETALLADO: ReportEngine.openReportDesign: name=file:/usr/share/tomcat/webapps/birt2/proveedores.rptdesign, designStream=java.io.FileInputStream@188abb0c, options={3} 
mar 25, 2021 10:10:18 PM org.eclipse.birt.report.model.util.XMLParserPoolImpl createParser
MÁS DETALLADO: created a new SAX parser
mar 25, 2021 10:10:18 PM org.eclipse.birt.report.model.util.XMLParserPoolImpl createParser
MÁS DETALLADO: created a new SAX parser
mar 25, 2021 10:10:19 PM org.eclipse.birt.report.engine.api.impl.ReportEngine createGetParameterDefinitionTask
DETALLADO: ReportEngine.createGetParameterDefinitionTask: reportRunnable=org.eclipse.birt.report.engine.api.impl.ReportRunnable@77f90911 
mar 25, 2021 10:10:19 PM org.eclipse.birt.report.engine.api.impl.EngineTask setAppContext
DETALLADO: EngineTask.setAppContext: context=webapplication.projectclasspath=;PARENT_CLASSLOADER=WebappClassLoader
  context: /birt2
  delegate: false
  repositories:
----------> Parent Classloader:
java.net.URLClassLoader@7a81197d
;
mar 25, 2021 10:10:19 PM org.eclipse.birt.report.engine.api.impl.EngineTask setLocale
DETALLADO: EngineTask.setLocale: locale=español (España)
mar 25, 2021 10:10:19 PM org.eclipse.birt.report.engine.api.impl.EngineTask setAppContext
DETALLADO: EngineTask.setAppContext: context=webapplication.projectclasspath=;CHART_RESOLUTION=null;org.eclipse.birt.data.engine.dataset.cache.option=false;birt.viewer.resource.path=/usr/share/tomcat/webapps/birt2;org.eclipse.birt.data.engine.cube.inmemory.size=0;PARENT_CLASSLOADER=WebappClassLoader
  context: /birt2
  delegate: false
  repositories:
----------> Parent Classloader:
java.net.URLClassLoader@7a81197d
;BIRT_VIEWER_HTTPSERVET_REQUEST=org.apache.catalina.connector.RequestFacade@24ded18e;
mar 25, 2021 10:10:19 PM org.eclipse.birt.report.engine.api.impl.EngineTask setAppContext
DETALLADO: EngineTask.setAppContext: context=webapplication.projectclasspath=;PARENT_CLASSLOADER=WebappClassLoader
  context: /birt2
  delegate: false
  repositories:
----------> Parent Classloader:
java.net.URLClassLoader@7a81197d
;BIRT_VIEWER_HTTPSERVET_REQUEST=org.apache.catalina.connector.RequestFacade@24ded18e;
mar 25, 2021 10:10:19 PM org.eclipse.birt.report.engine.api.impl.ReportEngine createGetParameterDefinitionTask
DETALLADO: ReportEngine.createGetParameterDefinitionTask: reportRunnable=org.eclipse.birt.report.engine.api.impl.ReportRunnable@77f90911 
mar 25, 2021 10:10:19 PM org.eclipse.birt.report.engine.api.impl.EngineTask setAppContext
DETALLADO: EngineTask.setAppContext: context=webapplication.projectclasspath=;PARENT_CLASSLOADER=WebappClassLoader
  context: /birt2
  delegate: false
  repositories:
----------> Parent Classloader:
java.net.URLClassLoader@7a81197d
;
mar 25, 2021 10:10:19 PM org.eclipse.birt.report.engine.api.impl.EngineTask setLocale
DETALLADO: EngineTask.setLocale: locale=español (España)
mar 25, 2021 10:10:19 PM org.eclipse.birt.report.engine.api.impl.EngineTask setAppContext
DETALLADO: EngineTask.setAppContext: context=webapplication.projectclasspath=;CHART_RESOLUTION=null;org.eclipse.birt.data.engine.dataset.cache.option=false;birt.viewer.resource.path=/usr/share/tomcat/webapps/birt2;org.eclipse.birt.data.engine.cube.inmemory.size=0;PARENT_CLASSLOADER=WebappClassLoader
  context: /birt2
  delegate: false
  repositories:
----------> Parent Classloader:
java.net.URLClassLoader@7a81197d
;BIRT_VIEWER_HTTPSERVET_REQUEST=org.apache.catalina.core.ApplicationHttpRequest@7f3cd194;
mar 25, 2021 10:10:19 PM org.eclipse.birt.report.engine.api.impl.EngineTask setAppContext
DETALLADO: EngineTask.setAppContext: context=webapplication.projectclasspath=;PARENT_CLASSLOADER=WebappClassLoader
  context: /birt2
  delegate: false
  repositories:
----------> Parent Classloader:
java.net.URLClassLoader@7a81197d
;BIRT_VIEWER_HTTPSERVET_REQUEST=org.apache.catalina.core.ApplicationHttpRequest@7f3cd194;
mar 25, 2021 10:10:19 PM org.eclipse.birt.report.engine.api.impl.ReportEngine openReportDocument
DETALLADO: ReportEngine.openReportDocument: systemId=/usr/share/tomcat/webapps/birt2/proveedores.rptdesign, file=/usr/share/tomcat/webapps/birt2/documents/BIRTDOCE9043BDED9F873C2F5F68014E11DBA6A/20210325_221018_644/proveedores.rptdocument, options={semanticCheck=false, resourceFolder=/usr/share/tomcat/webapps/birt2} 
mar 25, 2021 10:10:19 PM org.eclipse.birt.report.engine.api.impl.ReportEngine openReportDesign
DETALLADO: ReportEngine.openReportDesign: name=file:/usr/share/tomcat/webapps/birt2/proveedores.rptdesign, designStream=java.io.FileInputStream@3988396, options={3} 
mar 25, 2021 10:10:19 PM org.eclipse.birt.report.engine.api.impl.ReportEngine createGetParameterDefinitionTask
DETALLADO: ReportEngine.createGetParameterDefinitionTask: reportRunnable=org.eclipse.birt.report.engine.api.impl.ReportRunnable@7943ce54 
mar 25, 2021 10:10:19 PM org.eclipse.birt.report.engine.api.impl.EngineTask setAppContext
DETALLADO: EngineTask.setAppContext: context=webapplication.projectclasspath=;PARENT_CLASSLOADER=WebappClassLoader
  context: /birt2
  delegate: false
  repositories:
----------> Parent Classloader:
java.net.URLClassLoader@7a81197d
;
mar 25, 2021 10:10:19 PM org.eclipse.birt.report.engine.api.impl.EngineTask setLocale
DETALLADO: EngineTask.setLocale: locale=español (España)
mar 25, 2021 10:10:19 PM org.eclipse.birt.report.engine.api.impl.EngineTask setAppContext
DETALLADO: EngineTask.setAppContext: context=webapplication.projectclasspath=;CHART_RESOLUTION=null;org.eclipse.birt.data.engine.dataset.cache.option=false;birt.viewer.resource.path=/usr/share/tomcat/webapps/birt2;org.eclipse.birt.data.engine.cube.inmemory.size=0;PARENT_CLASSLOADER=WebappClassLoader
  context: /birt2
  delegate: false
  repositories:
----------> Parent Classloader:
java.net.URLClassLoader@7a81197d
;BIRT_VIEWER_HTTPSERVET_REQUEST=org.apache.catalina.connector.RequestFacade@4783d55d;
mar 25, 2021 10:10:19 PM org.eclipse.birt.report.engine.api.impl.EngineTask setAppContext
DETALLADO: EngineTask.setAppContext: context=webapplication.projectclasspath=;PARENT_CLASSLOADER=WebappClassLoader
  context: /birt2
  delegate: false
  repositories:
----------> Parent Classloader:
java.net.URLClassLoader@7a81197d
;BIRT_VIEWER_HTTPSERVET_REQUEST=org.apache.catalina.connector.RequestFacade@4783d55d;
mar 25, 2021 10:10:19 PM org.eclipse.birt.report.engine.api.impl.ReportEngine createRunTask
DETALLADO: ReportEngine.createRunTask: reportRunnable=org.eclipse.birt.report.engine.api.impl.ReportRunnable@7943ce54 
mar 25, 2021 10:10:19 PM org.eclipse.birt.report.engine.api.impl.EngineTask setAppContext
DETALLADO: EngineTask.setAppContext: context=webapplication.projectclasspath=;PARENT_CLASSLOADER=WebappClassLoader
  context: /birt2
  delegate: false
  repositories:
----------> Parent Classloader:
java.net.URLClassLoader@7a81197d
;
mar 25, 2021 10:10:19 PM org.eclipse.birt.report.engine.api.impl.EngineTask setLocale
DETALLADO: EngineTask.setLocale: locale=español (España)
mar 25, 2021 10:10:19 PM org.eclipse.birt.report.engine.api.impl.EngineTask setAppContext
DETALLADO: EngineTask.setAppContext: context=webapplication.projectclasspath=;CHART_RESOLUTION=null;org.eclipse.birt.data.engine.dataset.cache.option=false;birt.viewer.resource.path=/usr/share/tomcat/webapps/birt2;org.eclipse.birt.data.engine.cube.inmemory.size=0;PARENT_CLASSLOADER=WebappClassLoader
  context: /birt2
  delegate: false
  repositories:
----------> Parent Classloader:
java.net.URLClassLoader@7a81197d
;BIRT_VIEWER_HTTPSERVET_REQUEST=org.apache.catalina.connector.RequestFacade@4783d55d;
mar 25, 2021 10:10:19 PM org.eclipse.birt.report.engine.api.impl.EngineTask loggerParamters
DETALLADO: Running the report with paramters: 
mar 25, 2021 10:10:20 PM org.eclipse.birt.report.engine.api.impl.ReportEngine openReportDocument
DETALLADO: ReportEngine.openReportDocument: systemId=/usr/share/tomcat/webapps/birt2/proveedores.rptdesign, file=/usr/share/tomcat/webapps/birt2/documents/BIRTDOCE9043BDED9F873C2F5F68014E11DBA6A/20210325_221018_644/proveedores.rptdocument, options={semanticCheck=false, resourceFolder=/usr/share/tomcat/webapps/birt2} 
mar 25, 2021 10:10:20 PM org.eclipse.birt.report.engine.api.impl.ReportEngine openReportDocument
DETALLADO: ReportEngine.openReportDocument: systemId=/usr/share/tomcat/webapps/birt2/proveedores.rptdesign, file=/usr/share/tomcat/webapps/birt2/documents/BIRTDOCE9043BDED9F873C2F5F68014E11DBA6A/20210325_221018_644/proveedores.rptdocument, options={semanticCheck=false, resourceFolder=/usr/share/tomcat/webapps/birt2} 
mar 25, 2021 10:10:20 PM org.eclipse.birt.report.engine.api.impl.ReportEngine createRenderTask
DETALLADO: ReportEngine.createRenderTask: reportDocument=org.eclipse.birt.report.engine.api.impl.ReportDocumentReader@cf192e6 
mar 25, 2021 10:10:20 PM org.eclipse.birt.report.engine.api.impl.EngineTask setAppContext
DETALLADO: EngineTask.setAppContext: context=webapplication.projectclasspath=;PARENT_CLASSLOADER=WebappClassLoader
  context: /birt2
  delegate: false
  repositories:
----------> Parent Classloader:
java.net.URLClassLoader@7a81197d
;
mar 25, 2021 10:10:20 PM org.eclipse.birt.report.engine.api.impl.ReportEngine openReportDesign
DETALLADO: ReportEngine.openReportDesign: name=/usr/share/tomcat/webapps/birt2/proveedores.rptdesign, designStream=org.eclipse.birt.core.archive.compound.ArchiveEntryInputStream@2bc50b7f, options={3} 
mar 25, 2021 10:10:20 PM org.eclipse.birt.report.engine.api.impl.EngineTask setAppContext
DETALLADO: EngineTask.setAppContext: context=webapplication.projectclasspath=;CHART_RESOLUTION=null;org.eclipse.birt.data.engine.dataset.cache.option=false;birt.viewer.resource.path=/usr/share/tomcat/webapps/birt2;org.eclipse.birt.data.engine.cube.inmemory.size=0;PARENT_CLASSLOADER=WebappClassLoader
  context: /birt2
  delegate: false
  repositories:
----------> Parent Classloader:
java.net.URLClassLoader@7a81197d
;BIRT_VIEWER_HTTPSERVET_REQUEST=org.apache.catalina.connector.RequestFacade@4783d55d;
mar 25, 2021 10:10:20 PM org.eclipse.birt.report.engine.api.impl.EngineTask setLocale
DETALLADO: EngineTask.setLocale: locale=español (España)
mar 25, 2021 10:15:08 PM org.eclipse.birt.report.engine.api.impl.ReportEngine openReportDocument
DETALLADO: ReportEngine.openReportDocument: systemId=/usr/share/tomcat/webapps/birt2/proveedores.rptdesign, file=/usr/share/tomcat/webapps/birt2/documents/BIRTDOCE9043BDED9F873C2F5F68014E11DBA6A/20210325_221508_015/proveedores.rptdocument, options={semanticCheck=false, resourceFolder=/usr/share/tomcat/webapps/birt2} 
mar 25, 2021 10:15:08 PM org.eclipse.birt.report.engine.api.impl.ReportEngine openReportDesign
DETALLADO: ReportEngine.openReportDesign: name=file:/usr/share/tomcat/webapps/birt2/proveedores.rptdesign, designStream=java.io.FileInputStream@65045157, options={3} 
mar 25, 2021 10:15:08 PM org.eclipse.birt.report.engine.api.impl.ReportEngine createGetParameterDefinitionTask
DETALLADO: ReportEngine.createGetParameterDefinitionTask: reportRunnable=org.eclipse.birt.report.engine.api.impl.ReportRunnable@27990bbf 
mar 25, 2021 10:15:08 PM org.eclipse.birt.report.engine.api.impl.EngineTask setAppContext
DETALLADO: EngineTask.setAppContext: context=webapplication.projectclasspath=;PARENT_CLASSLOADER=WebappClassLoader
  context: /birt2
  delegate: false
  repositories:
----------> Parent Classloader:
java.net.URLClassLoader@7a81197d
;
mar 25, 2021 10:15:08 PM org.eclipse.birt.report.engine.api.impl.EngineTask setLocale
DETALLADO: EngineTask.setLocale: locale=español (España)
mar 25, 2021 10:15:08 PM org.eclipse.birt.report.engine.api.impl.EngineTask setAppContext
DETALLADO: EngineTask.setAppContext: context=webapplication.projectclasspath=;CHART_RESOLUTION=null;org.eclipse.birt.data.engine.dataset.cache.option=false;birt.viewer.resource.path=/usr/share/tomcat/webapps/birt2;org.eclipse.birt.data.engine.cube.inmemory.size=0;PARENT_CLASSLOADER=WebappClassLoader
  context: /birt2
  delegate: false
  repositories:
----------> Parent Classloader:
java.net.URLClassLoader@7a81197d
;BIRT_VIEWER_HTTPSERVET_REQUEST=org.apache.catalina.connector.RequestFacade@2c0f4fdd;
mar 25, 2021 10:15:08 PM org.eclipse.birt.report.engine.api.impl.EngineTask setAppContext
DETALLADO: EngineTask.setAppContext: context=webapplication.projectclasspath=;PARENT_CLASSLOADER=WebappClassLoader
  context: /birt2
  delegate: false
  repositories:
----------> Parent Classloader:
java.net.URLClassLoader@7a81197d
;BIRT_VIEWER_HTTPSERVET_REQUEST=org.apache.catalina.connector.RequestFacade@2c0f4fdd;
mar 25, 2021 10:15:08 PM org.eclipse.birt.report.engine.api.impl.ReportEngine createGetParameterDefinitionTask
DETALLADO: ReportEngine.createGetParameterDefinitionTask: reportRunnable=org.eclipse.birt.report.engine.api.impl.ReportRunnable@27990bbf 
mar 25, 2021 10:15:08 PM org.eclipse.birt.report.engine.api.impl.EngineTask setAppContext
DETALLADO: EngineTask.setAppContext: context=webapplication.projectclasspath=;PARENT_CLASSLOADER=WebappClassLoader
  context: /birt2
  delegate: false
  repositories:
----------> Parent Classloader:
java.net.URLClassLoader@7a81197d
;
mar 25, 2021 10:15:08 PM org.eclipse.birt.report.engine.api.impl.EngineTask setLocale
DETALLADO: EngineTask.setLocale: locale=español (España)
mar 25, 2021 10:15:08 PM org.eclipse.birt.report.engine.api.impl.EngineTask setAppContext
DETALLADO: EngineTask.setAppContext: context=webapplication.projectclasspath=;CHART_RESOLUTION=null;org.eclipse.birt.data.engine.dataset.cache.option=false;birt.viewer.resource.path=/usr/share/tomcat/webapps/birt2;org.eclipse.birt.data.engine.cube.inmemory.size=0;PARENT_CLASSLOADER=WebappClassLoader
  context: /birt2
  delegate: false
  repositories:
----------> Parent Classloader:
java.net.URLClassLoader@7a81197d
;BIRT_VIEWER_HTTPSERVET_REQUEST=org.apache.catalina.core.ApplicationHttpRequest@71dcac10;
mar 25, 2021 10:15:08 PM org.eclipse.birt.report.engine.api.impl.EngineTask setAppContext
DETALLADO: EngineTask.setAppContext: context=webapplication.projectclasspath=;PARENT_CLASSLOADER=WebappClassLoader
  context: /birt2
  delegate: false
  repositories:
----------> Parent Classloader:
java.net.URLClassLoader@7a81197d
;BIRT_VIEWER_HTTPSERVET_REQUEST=org.apache.catalina.core.ApplicationHttpRequest@71dcac10;
mar 25, 2021 10:15:08 PM org.eclipse.birt.report.engine.api.impl.ReportEngine openReportDocument
DETALLADO: ReportEngine.openReportDocument: systemId=/usr/share/tomcat/webapps/birt2/proveedores.rptdesign, file=/usr/share/tomcat/webapps/birt2/documents/BIRTDOCE9043BDED9F873C2F5F68014E11DBA6A/20210325_221508_015/proveedores.rptdocument, options={semanticCheck=false, resourceFolder=/usr/share/tomcat/webapps/birt2} 
mar 25, 2021 10:15:08 PM org.eclipse.birt.report.engine.api.impl.ReportEngine openReportDesign
DETALLADO: ReportEngine.openReportDesign: name=file:/usr/share/tomcat/webapps/birt2/proveedores.rptdesign, designStream=java.io.FileInputStream@54a38e37, options={3} 
mar 25, 2021 10:15:08 PM org.eclipse.birt.report.engine.api.impl.ReportEngine createGetParameterDefinitionTask
DETALLADO: ReportEngine.createGetParameterDefinitionTask: reportRunnable=org.eclipse.birt.report.engine.api.impl.ReportRunnable@659d52b0 
mar 25, 2021 10:15:08 PM org.eclipse.birt.report.engine.api.impl.EngineTask setAppContext
DETALLADO: EngineTask.setAppContext: context=webapplication.projectclasspath=;PARENT_CLASSLOADER=WebappClassLoader
  context: /birt2
  delegate: false
  repositories:
----------> Parent Classloader:
java.net.URLClassLoader@7a81197d
;
mar 25, 2021 10:15:08 PM org.eclipse.birt.report.engine.api.impl.EngineTask setLocale
DETALLADO: EngineTask.setLocale: locale=español (España)
mar 25, 2021 10:15:08 PM org.eclipse.birt.report.engine.api.impl.EngineTask setAppContext
DETALLADO: EngineTask.setAppContext: context=webapplication.projectclasspath=;CHART_RESOLUTION=null;org.eclipse.birt.data.engine.dataset.cache.option=false;birt.viewer.resource.path=/usr/share/tomcat/webapps/birt2;org.eclipse.birt.data.engine.cube.inmemory.size=0;PARENT_CLASSLOADER=WebappClassLoader
  context: /birt2
  delegate: false
  repositories:
----------> Parent Classloader:
java.net.URLClassLoader@7a81197d
;BIRT_VIEWER_HTTPSERVET_REQUEST=org.apache.catalina.connector.RequestFacade@1a25766f;
mar 25, 2021 10:15:08 PM org.eclipse.birt.report.engine.api.impl.EngineTask setAppContext
DETALLADO: EngineTask.setAppContext: context=webapplication.projectclasspath=;PARENT_CLASSLOADER=WebappClassLoader
  context: /birt2
  delegate: false
  repositories:
----------> Parent Classloader:
java.net.URLClassLoader@7a81197d
;BIRT_VIEWER_HTTPSERVET_REQUEST=org.apache.catalina.connector.RequestFacade@1a25766f;
mar 25, 2021 10:15:08 PM org.eclipse.birt.report.engine.api.impl.ReportEngine createRunTask
DETALLADO: ReportEngine.createRunTask: reportRunnable=org.eclipse.birt.report.engine.api.impl.ReportRunnable@659d52b0 
mar 25, 2021 10:15:08 PM org.eclipse.birt.report.engine.api.impl.EngineTask setAppContext
DETALLADO: EngineTask.setAppContext: context=webapplication.projectclasspath=;PARENT_CLASSLOADER=WebappClassLoader
  context: /birt2
  delegate: false
  repositories:
----------> Parent Classloader:
java.net.URLClassLoader@7a81197d
;
mar 25, 2021 10:15:08 PM org.eclipse.birt.report.engine.api.impl.EngineTask setLocale
DETALLADO: EngineTask.setLocale: locale=español (España)
mar 25, 2021 10:15:08 PM org.eclipse.birt.report.engine.api.impl.EngineTask setAppContext
DETALLADO: EngineTask.setAppContext: context=webapplication.projectclasspath=;CHART_RESOLUTION=null;org.eclipse.birt.data.engine.dataset.cache.option=false;birt.viewer.resource.path=/usr/share/tomcat/webapps/birt2;org.eclipse.birt.data.engine.cube.inmemory.size=0;PARENT_CLASSLOADER=WebappClassLoader
  context: /birt2
  delegate: false
  repositories:
----------> Parent Classloader:
java.net.URLClassLoader@7a81197d
;BIRT_VIEWER_HTTPSERVET_REQUEST=org.apache.catalina.connector.RequestFacade@1a25766f;
mar 25, 2021 10:15:08 PM org.eclipse.birt.report.engine.api.impl.EngineTask loggerParamters
DETALLADO: Running the report with paramters: 
mar 25, 2021 10:15:08 PM org.eclipse.birt.report.engine.api.impl.ReportEngine openReportDocument
DETALLADO: ReportEngine.openReportDocument: systemId=/usr/share/tomcat/webapps/birt2/proveedores.rptdesign, file=/usr/share/tomcat/webapps/birt2/documents/BIRTDOCE9043BDED9F873C2F5F68014E11DBA6A/20210325_221508_015/proveedores.rptdocument, options={semanticCheck=false, resourceFolder=/usr/share/tomcat/webapps/birt2} 
mar 25, 2021 10:15:08 PM org.eclipse.birt.report.engine.api.impl.ReportEngine openReportDocument
DETALLADO: ReportEngine.openReportDocument: systemId=/usr/share/tomcat/webapps/birt2/proveedores.rptdesign, file=/usr/share/tomcat/webapps/birt2/documents/BIRTDOCE9043BDED9F873C2F5F68014E11DBA6A/20210325_221508_015/proveedores.rptdocument, options={semanticCheck=false, resourceFolder=/usr/share/tomcat/webapps/birt2} 
mar 25, 2021 10:15:08 PM org.eclipse.birt.report.engine.api.impl.ReportEngine createRenderTask
DETALLADO: ReportEngine.createRenderTask: reportDocument=org.eclipse.birt.report.engine.api.impl.ReportDocumentReader@426d4a26 
mar 25, 2021 10:15:08 PM org.eclipse.birt.report.engine.api.impl.EngineTask setAppContext
DETALLADO: EngineTask.setAppContext: context=webapplication.projectclasspath=;PARENT_CLASSLOADER=WebappClassLoader
  context: /birt2
  delegate: false
  repositories:
----------> Parent Classloader:
java.net.URLClassLoader@7a81197d
;
mar 25, 2021 10:15:08 PM org.eclipse.birt.report.engine.api.impl.ReportEngine openReportDesign
DETALLADO: ReportEngine.openReportDesign: name=/usr/share/tomcat/webapps/birt2/proveedores.rptdesign, designStream=org.eclipse.birt.core.archive.compound.ArchiveEntryInputStream@6336fe23, options={3} 
mar 25, 2021 10:15:08 PM org.eclipse.birt.report.engine.api.impl.EngineTask setAppContext
DETALLADO: EngineTask.setAppContext: context=webapplication.projectclasspath=;CHART_RESOLUTION=null;org.eclipse.birt.data.engine.dataset.cache.option=false;birt.viewer.resource.path=/usr/share/tomcat/webapps/birt2;org.eclipse.birt.data.engine.cube.inmemory.size=0;PARENT_CLASSLOADER=WebappClassLoader
  context: /birt2
  delegate: false
  repositories:
----------> Parent Classloader:
java.net.URLClassLoader@7a81197d
;BIRT_VIEWER_HTTPSERVET_REQUEST=org.apache.catalina.connector.RequestFacade@1a25766f;
mar 25, 2021 10:15:08 PM org.eclipse.birt.report.engine.api.impl.EngineTask setLocale
DETALLADO: EngineTask.setLocale: locale=español (España)
mar 25, 2021 10:29:07 PM org.eclipse.birt.report.engine.api.impl.ReportEngine openReportDocument
DETALLADO: ReportEngine.openReportDocument: systemId=/usr/share/tomcat/webapps/birt2/proveedores.rptdesign, file=/usr/share/tomcat/webapps/birt2/documents/BIRTDOCE9043BDED9F873C2F5F68014E11DBA6A/20210325_222907_000/proveedores.rptdocument, options={semanticCheck=false, resourceFolder=/usr/share/tomcat/webapps/birt2} 
mar 25, 2021 10:29:07 PM org.eclipse.birt.report.engine.api.impl.ReportEngine openReportDesign
DETALLADO: ReportEngine.openReportDesign: name=file:/usr/share/tomcat/webapps/birt2/proveedores.rptdesign, designStream=java.io.FileInputStream@3b451e4e, options={3} 
mar 25, 2021 10:29:07 PM org.eclipse.birt.report.engine.api.impl.ReportEngine createGetParameterDefinitionTask
DETALLADO: ReportEngine.createGetParameterDefinitionTask: reportRunnable=org.eclipse.birt.report.engine.api.impl.ReportRunnable@6a8d4e91 
mar 25, 2021 10:29:07 PM org.eclipse.birt.report.engine.api.impl.EngineTask setAppContext
DETALLADO: EngineTask.setAppContext: context=webapplication.projectclasspath=;PARENT_CLASSLOADER=WebappClassLoader
  context: /birt2
  delegate: false
  repositories:
----------> Parent Classloader:
java.net.URLClassLoader@7a81197d
;
mar 25, 2021 10:29:07 PM org.eclipse.birt.report.engine.api.impl.EngineTask setLocale
DETALLADO: EngineTask.setLocale: locale=español (España)
mar 25, 2021 10:29:07 PM org.eclipse.birt.report.engine.api.impl.EngineTask setAppContext
DETALLADO: EngineTask.setAppContext: context=webapplication.projectclasspath=;CHART_RESOLUTION=null;org.eclipse.birt.data.engine.dataset.cache.option=false;birt.viewer.resource.path=/usr/share/tomcat/webapps/birt2;org.eclipse.birt.data.engine.cube.inmemory.size=0;PARENT_CLASSLOADER=WebappClassLoader
  context: /birt2
  delegate: false
  repositories:
----------> Parent Classloader:
java.net.URLClassLoader@7a81197d
;BIRT_VIEWER_HTTPSERVET_REQUEST=org.apache.catalina.connector.RequestFacade@4783d55d;
mar 25, 2021 10:29:07 PM org.eclipse.birt.report.engine.api.impl.EngineTask setAppContext
DETALLADO: EngineTask.setAppContext: context=webapplication.projectclasspath=;PARENT_CLASSLOADER=WebappClassLoader
  context: /birt2
  delegate: false
  repositories:
----------> Parent Classloader:
java.net.URLClassLoader@7a81197d
;BIRT_VIEWER_HTTPSERVET_REQUEST=org.apache.catalina.connector.RequestFacade@4783d55d;
mar 25, 2021 10:29:07 PM org.eclipse.birt.report.engine.api.impl.ReportEngine createGetParameterDefinitionTask
DETALLADO: ReportEngine.createGetParameterDefinitionTask: reportRunnable=org.eclipse.birt.report.engine.api.impl.ReportRunnable@6a8d4e91 
mar 25, 2021 10:29:07 PM org.eclipse.birt.report.engine.api.impl.EngineTask setAppContext
DETALLADO: EngineTask.setAppContext: context=webapplication.projectclasspath=;PARENT_CLASSLOADER=WebappClassLoader
  context: /birt2
  delegate: false
  repositories:
----------> Parent Classloader:
java.net.URLClassLoader@7a81197d
;
mar 25, 2021 10:29:07 PM org.eclipse.birt.report.engine.api.impl.EngineTask setLocale
DETALLADO: EngineTask.setLocale: locale=español (España)
mar 25, 2021 10:29:07 PM org.eclipse.birt.report.engine.api.impl.EngineTask setAppContext
DETALLADO: EngineTask.setAppContext: context=webapplication.projectclasspath=;CHART_RESOLUTION=null;org.eclipse.birt.data.engine.dataset.cache.option=false;birt.viewer.resource.path=/usr/share/tomcat/webapps/birt2;org.eclipse.birt.data.engine.cube.inmemory.size=0;PARENT_CLASSLOADER=WebappClassLoader
  context: /birt2
  delegate: false
  repositories:
----------> Parent Classloader:
java.net.URLClassLoader@7a81197d
;BIRT_VIEWER_HTTPSERVET_REQUEST=org.apache.catalina.core.ApplicationHttpRequest@695f774d;
mar 25, 2021 10:29:07 PM org.eclipse.birt.report.engine.api.impl.EngineTask setAppContext
DETALLADO: EngineTask.setAppContext: context=webapplication.projectclasspath=;PARENT_CLASSLOADER=WebappClassLoader
  context: /birt2
  delegate: false
  repositories:
----------> Parent Classloader:
java.net.URLClassLoader@7a81197d
;BIRT_VIEWER_HTTPSERVET_REQUEST=org.apache.catalina.core.ApplicationHttpRequest@695f774d;
mar 25, 2021 10:29:07 PM org.eclipse.birt.report.engine.api.impl.ReportEngine openReportDocument
DETALLADO: ReportEngine.openReportDocument: systemId=/usr/share/tomcat/webapps/birt2/proveedores.rptdesign, file=/usr/share/tomcat/webapps/birt2/documents/BIRTDOCE9043BDED9F873C2F5F68014E11DBA6A/20210325_222907_000/proveedores.rptdocument, options={semanticCheck=false, resourceFolder=/usr/share/tomcat/webapps/birt2} 
mar 25, 2021 10:29:07 PM org.eclipse.birt.report.engine.api.impl.ReportEngine openReportDesign
DETALLADO: ReportEngine.openReportDesign: name=file:/usr/share/tomcat/webapps/birt2/proveedores.rptdesign, designStream=java.io.FileInputStream@210d0a1e, options={3} 
mar 25, 2021 10:29:07 PM org.eclipse.birt.report.engine.api.impl.ReportEngine createGetParameterDefinitionTask
DETALLADO: ReportEngine.createGetParameterDefinitionTask: reportRunnable=org.eclipse.birt.report.engine.api.impl.ReportRunnable@673afc91 
mar 25, 2021 10:29:07 PM org.eclipse.birt.report.engine.api.impl.EngineTask setAppContext
DETALLADO: EngineTask.setAppContext: context=webapplication.projectclasspath=;PARENT_CLASSLOADER=WebappClassLoader
  context: /birt2
  delegate: false
  repositories:
----------> Parent Classloader:
java.net.URLClassLoader@7a81197d
;
mar 25, 2021 10:29:07 PM org.eclipse.birt.report.engine.api.impl.EngineTask setLocale
DETALLADO: EngineTask.setLocale: locale=español (España)
mar 25, 2021 10:29:07 PM org.eclipse.birt.report.engine.api.impl.EngineTask setAppContext
DETALLADO: EngineTask.setAppContext: context=webapplication.projectclasspath=;CHART_RESOLUTION=null;org.eclipse.birt.data.engine.dataset.cache.option=false;birt.viewer.resource.path=/usr/share/tomcat/webapps/birt2;org.eclipse.birt.data.engine.cube.inmemory.size=0;PARENT_CLASSLOADER=WebappClassLoader
  context: /birt2
  delegate: false
  repositories:
----------> Parent Classloader:
java.net.URLClassLoader@7a81197d
;BIRT_VIEWER_HTTPSERVET_REQUEST=org.apache.catalina.connector.RequestFacade@1a25766f;
mar 25, 2021 10:29:07 PM org.eclipse.birt.report.engine.api.impl.EngineTask setAppContext
DETALLADO: EngineTask.setAppContext: context=webapplication.projectclasspath=;PARENT_CLASSLOADER=WebappClassLoader
  context: /birt2
  delegate: false
  repositories:
----------> Parent Classloader:
java.net.URLClassLoader@7a81197d
;BIRT_VIEWER_HTTPSERVET_REQUEST=org.apache.catalina.connector.RequestFacade@1a25766f;
mar 25, 2021 10:29:07 PM org.eclipse.birt.report.engine.api.impl.ReportEngine createRunTask
DETALLADO: ReportEngine.createRunTask: reportRunnable=org.eclipse.birt.report.engine.api.impl.ReportRunnable@673afc91 
mar 25, 2021 10:29:07 PM org.eclipse.birt.report.engine.api.impl.EngineTask setAppContext
DETALLADO: EngineTask.setAppContext: context=webapplication.projectclasspath=;PARENT_CLASSLOADER=WebappClassLoader
  context: /birt2
  delegate: false
  repositories:
----------> Parent Classloader:
java.net.URLClassLoader@7a81197d
;
mar 25, 2021 10:29:07 PM org.eclipse.birt.report.engine.api.impl.EngineTask setLocale
DETALLADO: EngineTask.setLocale: locale=español (España)
mar 25, 2021 10:29:07 PM org.eclipse.birt.report.engine.api.impl.EngineTask setAppContext
DETALLADO: EngineTask.setAppContext: context=webapplication.projectclasspath=;CHART_RESOLUTION=null;org.eclipse.birt.data.engine.dataset.cache.option=false;birt.viewer.resource.path=/usr/share/tomcat/webapps/birt2;org.eclipse.birt.data.engine.cube.inmemory.size=0;PARENT_CLASSLOADER=WebappClassLoader
  context: /birt2
  delegate: false
  repositories:
----------> Parent Classloader:
java.net.URLClassLoader@7a81197d
;BIRT_VIEWER_HTTPSERVET_REQUEST=org.apache.catalina.connector.RequestFacade@1a25766f;
mar 25, 2021 10:29:07 PM org.eclipse.birt.report.engine.api.impl.EngineTask loggerParamters
DETALLADO: Running the report with paramters: 
mar 25, 2021 10:29:07 PM org.eclipse.birt.report.engine.api.impl.ReportEngine openReportDocument
DETALLADO: ReportEngine.openReportDocument: systemId=/usr/share/tomcat/webapps/birt2/proveedores.rptdesign, file=/usr/share/tomcat/webapps/birt2/documents/BIRTDOCE9043BDED9F873C2F5F68014E11DBA6A/20210325_222907_000/proveedores.rptdocument, options={semanticCheck=false, resourceFolder=/usr/share/tomcat/webapps/birt2} 
mar 25, 2021 10:29:07 PM org.eclipse.birt.report.engine.api.impl.ReportEngine openReportDocument
DETALLADO: ReportEngine.openReportDocument: systemId=/usr/share/tomcat/webapps/birt2/proveedores.rptdesign, file=/usr/share/tomcat/webapps/birt2/documents/BIRTDOCE9043BDED9F873C2F5F68014E11DBA6A/20210325_222907_000/proveedores.rptdocument, options={semanticCheck=false, resourceFolder=/usr/share/tomcat/webapps/birt2} 
mar 25, 2021 10:29:07 PM org.eclipse.birt.report.engine.api.impl.ReportEngine createRenderTask
DETALLADO: ReportEngine.createRenderTask: reportDocument=org.eclipse.birt.report.engine.api.impl.ReportDocumentReader@382a56db 
mar 25, 2021 10:29:07 PM org.eclipse.birt.report.engine.api.impl.EngineTask setAppContext
DETALLADO: EngineTask.setAppContext: context=webapplication.projectclasspath=;PARENT_CLASSLOADER=WebappClassLoader
  context: /birt2
  delegate: false
  repositories:
----------> Parent Classloader:
java.net.URLClassLoader@7a81197d
;
mar 25, 2021 10:29:07 PM org.eclipse.birt.report.engine.api.impl.ReportEngine openReportDesign
DETALLADO: ReportEngine.openReportDesign: name=/usr/share/tomcat/webapps/birt2/proveedores.rptdesign, designStream=org.eclipse.birt.core.archive.compound.ArchiveEntryInputStream@2b7e303b, options={3} 
mar 25, 2021 10:29:07 PM org.eclipse.birt.report.engine.api.impl.EngineTask setAppContext
DETALLADO: EngineTask.setAppContext: context=webapplication.projectclasspath=;CHART_RESOLUTION=null;org.eclipse.birt.data.engine.dataset.cache.option=false;birt.viewer.resource.path=/usr/share/tomcat/webapps/birt2;org.eclipse.birt.data.engine.cube.inmemory.size=0;PARENT_CLASSLOADER=WebappClassLoader
  context: /birt2
  delegate: false
  repositories:
----------> Parent Classloader:
java.net.URLClassLoader@7a81197d
;BIRT_VIEWER_HTTPSERVET_REQUEST=org.apache.catalina.connector.RequestFacade@1a25766f;
mar 25, 2021 10:29:07 PM org.eclipse.birt.report.engine.api.impl.EngineTask setLocale
DETALLADO: EngineTask.setLocale: locale=español (España)
mar 25, 2021 10:29:08 PM org.eclipse.birt.report.engine.api.impl.ReportEngine openReportDocument
DETALLADO: ReportEngine.openReportDocument: systemId=/usr/share/tomcat/webapps/birt2/proveedores.rptdesign, file=/usr/share/tomcat/webapps/birt2/documents/BIRTDOCE9043BDED9F873C2F5F68014E11DBA6A/20210325_222908_380/proveedores.rptdocument, options={semanticCheck=false, resourceFolder=/usr/share/tomcat/webapps/birt2} 
mar 25, 2021 10:29:08 PM org.eclipse.birt.report.engine.api.impl.ReportEngine openReportDesign
DETALLADO: ReportEngine.openReportDesign: name=file:/usr/share/tomcat/webapps/birt2/proveedores.rptdesign, designStream=java.io.FileInputStream@21225c04, options={3} 
mar 25, 2021 10:29:08 PM org.eclipse.birt.report.engine.api.impl.ReportEngine createGetParameterDefinitionTask
DETALLADO: ReportEngine.createGetParameterDefinitionTask: reportRunnable=org.eclipse.birt.report.engine.api.impl.ReportRunnable@847059 
mar 25, 2021 10:29:08 PM org.eclipse.birt.report.engine.api.impl.EngineTask setAppContext
DETALLADO: EngineTask.setAppContext: context=webapplication.projectclasspath=;PARENT_CLASSLOADER=WebappClassLoader
  context: /birt2
  delegate: false
  repositories:
----------> Parent Classloader:
java.net.URLClassLoader@7a81197d
;
mar 25, 2021 10:29:08 PM org.eclipse.birt.report.engine.api.impl.EngineTask setLocale
DETALLADO: EngineTask.setLocale: locale=español (España)
mar 25, 2021 10:29:08 PM org.eclipse.birt.report.engine.api.impl.EngineTask setAppContext
DETALLADO: EngineTask.setAppContext: context=webapplication.projectclasspath=;CHART_RESOLUTION=null;org.eclipse.birt.data.engine.dataset.cache.option=false;birt.viewer.resource.path=/usr/share/tomcat/webapps/birt2;org.eclipse.birt.data.engine.cube.inmemory.size=0;PARENT_CLASSLOADER=WebappClassLoader
  context: /birt2
  delegate: false
  repositories:
----------> Parent Classloader:
java.net.URLClassLoader@7a81197d
;BIRT_VIEWER_HTTPSERVET_REQUEST=org.apache.catalina.connector.RequestFacade@2c0f4fdd;
mar 25, 2021 10:29:08 PM org.eclipse.birt.report.engine.api.impl.EngineTask setAppContext
DETALLADO: EngineTask.setAppContext: context=webapplication.projectclasspath=;PARENT_CLASSLOADER=WebappClassLoader
  context: /birt2
  delegate: false
  repositories:
----------> Parent Classloader:
java.net.URLClassLoader@7a81197d
;BIRT_VIEWER_HTTPSERVET_REQUEST=org.apache.catalina.connector.RequestFacade@2c0f4fdd;
mar 25, 2021 10:29:08 PM org.eclipse.birt.report.engine.api.impl.ReportEngine createGetParameterDefinitionTask
DETALLADO: ReportEngine.createGetParameterDefinitionTask: reportRunnable=org.eclipse.birt.report.engine.api.impl.ReportRunnable@847059 
mar 25, 2021 10:29:08 PM org.eclipse.birt.report.engine.api.impl.EngineTask setAppContext
DETALLADO: EngineTask.setAppContext: context=webapplication.projectclasspath=;PARENT_CLASSLOADER=WebappClassLoader
  context: /birt2
  delegate: false
  repositories:
----------> Parent Classloader:
java.net.URLClassLoader@7a81197d
;
mar 25, 2021 10:29:08 PM org.eclipse.birt.report.engine.api.impl.EngineTask setLocale
DETALLADO: EngineTask.setLocale: locale=español (España)
mar 25, 2021 10:29:08 PM org.eclipse.birt.report.engine.api.impl.EngineTask setAppContext
DETALLADO: EngineTask.setAppContext: context=webapplication.projectclasspath=;CHART_RESOLUTION=null;org.eclipse.birt.data.engine.dataset.cache.option=false;birt.viewer.resource.path=/usr/share/tomcat/webapps/birt2;org.eclipse.birt.data.engine.cube.inmemory.size=0;PARENT_CLASSLOADER=WebappClassLoader
  context: /birt2
  delegate: false
  repositories:
----------> Parent Classloader:
java.net.URLClassLoader@7a81197d
;BIRT_VIEWER_HTTPSERVET_REQUEST=org.apache.catalina.core.ApplicationHttpRequest@6bb8af6d;
mar 25, 2021 10:29:08 PM org.eclipse.birt.report.engine.api.impl.EngineTask setAppContext
DETALLADO: EngineTask.setAppContext: context=webapplication.projectclasspath=;PARENT_CLASSLOADER=WebappClassLoader
  context: /birt2
  delegate: false
  repositories:
----------> Parent Classloader:
java.net.URLClassLoader@7a81197d
;BIRT_VIEWER_HTTPSERVET_REQUEST=org.apache.catalina.core.ApplicationHttpRequest@6bb8af6d;
mar 25, 2021 10:29:08 PM org.eclipse.birt.report.engine.api.impl.ReportEngine openReportDocument
DETALLADO: ReportEngine.openReportDocument: systemId=/usr/share/tomcat/webapps/birt2/proveedores.rptdesign, file=/usr/share/tomcat/webapps/birt2/documents/BIRTDOCE9043BDED9F873C2F5F68014E11DBA6A/20210325_222908_380/proveedores.rptdocument, options={semanticCheck=false, resourceFolder=/usr/share/tomcat/webapps/birt2} 
mar 25, 2021 10:29:08 PM org.eclipse.birt.report.engine.api.impl.ReportEngine openReportDesign
DETALLADO: ReportEngine.openReportDesign: name=file:/usr/share/tomcat/webapps/birt2/proveedores.rptdesign, designStream=java.io.FileInputStream@3f63817b, options={3} 
mar 25, 2021 10:29:08 PM org.eclipse.birt.report.engine.api.impl.ReportEngine createGetParameterDefinitionTask
DETALLADO: ReportEngine.createGetParameterDefinitionTask: reportRunnable=org.eclipse.birt.report.engine.api.impl.ReportRunnable@28df6b0 
mar 25, 2021 10:29:08 PM org.eclipse.birt.report.engine.api.impl.EngineTask setAppContext
DETALLADO: EngineTask.setAppContext: context=webapplication.projectclasspath=;PARENT_CLASSLOADER=WebappClassLoader
  context: /birt2
  delegate: false
  repositories:
----------> Parent Classloader:
java.net.URLClassLoader@7a81197d
;
mar 25, 2021 10:29:08 PM org.eclipse.birt.report.engine.api.impl.EngineTask setLocale
DETALLADO: EngineTask.setLocale: locale=español (España)
mar 25, 2021 10:29:08 PM org.eclipse.birt.report.engine.api.impl.EngineTask setAppContext
DETALLADO: EngineTask.setAppContext: context=webapplication.projectclasspath=;CHART_RESOLUTION=null;org.eclipse.birt.data.engine.dataset.cache.option=false;birt.viewer.resource.path=/usr/share/tomcat/webapps/birt2;org.eclipse.birt.data.engine.cube.inmemory.size=0;PARENT_CLASSLOADER=WebappClassLoader
  context: /birt2
  delegate: false
  repositories:
----------> Parent Classloader:
java.net.URLClassLoader@7a81197d
;BIRT_VIEWER_HTTPSERVET_REQUEST=org.apache.catalina.connector.RequestFacade@8b0d90e;
mar 25, 2021 10:29:08 PM org.eclipse.birt.report.engine.api.impl.EngineTask setAppContext
DETALLADO: EngineTask.setAppContext: context=webapplication.projectclasspath=;PARENT_CLASSLOADER=WebappClassLoader
  context: /birt2
  delegate: false
  repositories:
----------> Parent Classloader:
java.net.URLClassLoader@7a81197d
;BIRT_VIEWER_HTTPSERVET_REQUEST=org.apache.catalina.connector.RequestFacade@8b0d90e;
mar 25, 2021 10:29:08 PM org.eclipse.birt.report.engine.api.impl.ReportEngine createRunTask
DETALLADO: ReportEngine.createRunTask: reportRunnable=org.eclipse.birt.report.engine.api.impl.ReportRunnable@28df6b0 
mar 25, 2021 10:29:08 PM org.eclipse.birt.report.engine.api.impl.EngineTask setAppContext
DETALLADO: EngineTask.setAppContext: context=webapplication.projectclasspath=;PARENT_CLASSLOADER=WebappClassLoader
  context: /birt2
  delegate: false
  repositories:
----------> Parent Classloader:
java.net.URLClassLoader@7a81197d
;
mar 25, 2021 10:29:08 PM org.eclipse.birt.report.engine.api.impl.EngineTask setLocale
DETALLADO: EngineTask.setLocale: locale=español (España)
mar 25, 2021 10:29:08 PM org.eclipse.birt.report.engine.api.impl.EngineTask setAppContext
DETALLADO: EngineTask.setAppContext: context=webapplication.projectclasspath=;CHART_RESOLUTION=null;org.eclipse.birt.data.engine.dataset.cache.option=false;birt.viewer.resource.path=/usr/share/tomcat/webapps/birt2;org.eclipse.birt.data.engine.cube.inmemory.size=0;PARENT_CLASSLOADER=WebappClassLoader
  context: /birt2
  delegate: false
  repositories:
----------> Parent Classloader:
java.net.URLClassLoader@7a81197d
;BIRT_VIEWER_HTTPSERVET_REQUEST=org.apache.catalina.connector.RequestFacade@8b0d90e;
mar 25, 2021 10:29:08 PM org.eclipse.birt.report.engine.api.impl.EngineTask loggerParamters
DETALLADO: Running the report with paramters: 
mar 25, 2021 10:29:08 PM org.eclipse.birt.report.engine.api.impl.ReportEngine openReportDocument
DETALLADO: ReportEngine.openReportDocument: systemId=/usr/share/tomcat/webapps/birt2/proveedores.rptdesign, file=/usr/share/tomcat/webapps/birt2/documents/BIRTDOCE9043BDED9F873C2F5F68014E11DBA6A/20210325_222908_380/proveedores.rptdocument, options={semanticCheck=false, resourceFolder=/usr/share/tomcat/webapps/birt2} 
mar 25, 2021 10:29:08 PM org.eclipse.birt.report.engine.api.impl.ReportEngine openReportDocument
DETALLADO: ReportEngine.openReportDocument: systemId=/usr/share/tomcat/webapps/birt2/proveedores.rptdesign, file=/usr/share/tomcat/webapps/birt2/documents/BIRTDOCE9043BDED9F873C2F5F68014E11DBA6A/20210325_222908_380/proveedores.rptdocument, options={semanticCheck=false, resourceFolder=/usr/share/tomcat/webapps/birt2} 
mar 25, 2021 10:29:08 PM org.eclipse.birt.report.engine.api.impl.ReportEngine createRenderTask
DETALLADO: ReportEngine.createRenderTask: reportDocument=org.eclipse.birt.report.engine.api.impl.ReportDocumentReader@7d7e0d28 
mar 25, 2021 10:29:08 PM org.eclipse.birt.report.engine.api.impl.EngineTask setAppContext
DETALLADO: EngineTask.setAppContext: context=webapplication.projectclasspath=;PARENT_CLASSLOADER=WebappClassLoader
  context: /birt2
  delegate: false
  repositories:
----------> Parent Classloader:
java.net.URLClassLoader@7a81197d
;
mar 25, 2021 10:29:08 PM org.eclipse.birt.report.engine.api.impl.ReportEngine openReportDesign
DETALLADO: ReportEngine.openReportDesign: name=/usr/share/tomcat/webapps/birt2/proveedores.rptdesign, designStream=org.eclipse.birt.core.archive.compound.ArchiveEntryInputStream@4d149ec9, options={3} 
mar 25, 2021 10:29:08 PM org.eclipse.birt.report.engine.api.impl.EngineTask setAppContext
DETALLADO: EngineTask.setAppContext: context=webapplication.projectclasspath=;CHART_RESOLUTION=null;org.eclipse.birt.data.engine.dataset.cache.option=false;birt.viewer.resource.path=/usr/share/tomcat/webapps/birt2;org.eclipse.birt.data.engine.cube.inmemory.size=0;PARENT_CLASSLOADER=WebappClassLoader
  context: /birt2
  delegate: false
  repositories:
----------> Parent Classloader:
java.net.URLClassLoader@7a81197d
;BIRT_VIEWER_HTTPSERVET_REQUEST=org.apache.catalina.connector.RequestFacade@8b0d90e;
mar 25, 2021 10:29:08 PM org.eclipse.birt.report.engine.api.impl.EngineTask setLocale
DETALLADO: EngineTask.setLocale: locale=español (España)
