mar 23, 2021 9:23:29 PM org.eclipse.birt.report.engine.api.impl.ReportEngine <init>
DETALLADO: ReportEngine created. EngineConfig: EngineConfig: logDest=/usr/share/tomcat/webapps/birt2/logs;maxRowsPerQuery=-1;logLevel=ALL;org.eclipse.birt.report.engine.api.EngineConfig.scriptObjects={webapplication.projectclasspath=, PARENT_CLASSLOADER=WebappClassLoader
  context: /birt2
  delegate: false
  repositories:
----------> Parent Classloader:
java.net.URLClassLoader@7a81197d
};BIRT_HOME=;PLATFORM_CONTEXT=org.eclipse.birt.core.framework.PlatformServletContext@3448bf3a;org.eclipse.birt.report.engine.api.EngineConfig.emitterConfigs={html=org.eclipse.birt.report.engine.api.HTMLRenderOption@48a03675}; 
mar 23, 2021 9:23:29 PM org.eclipse.birt.report.engine.extension.internal.ExtensionManager getExtensions
DETALLADO: Start load extension point: org.eclipse.birt.report.engine.reportitemGeneration
mar 23, 2021 9:23:29 PM org.eclipse.birt.report.engine.extension.internal.ExtensionManager loadGenerationExtensionDefns
DETALLADO: Load generation extension: Chart
mar 23, 2021 9:23:29 PM org.eclipse.birt.report.engine.extension.internal.ExtensionManager getExtensions
DETALLADO: Start load extension point: org.eclipse.birt.report.engine.reportitemPresentation
mar 23, 2021 9:23:29 PM org.eclipse.birt.report.engine.extension.internal.ExtensionManager loadPresentationExtensionDefns
DETALLADO: Load prsentation extension: Chart
mar 23, 2021 9:23:29 PM org.eclipse.birt.report.engine.extension.internal.ExtensionManager getExtensions
DETALLADO: Start load extension point: org.eclipse.birt.report.engine.reportitemQuery
mar 23, 2021 9:23:29 PM org.eclipse.birt.report.engine.extension.internal.ExtensionManager loadQueryExtensionDefns
DETALLADO: Load query extension: Chart
mar 23, 2021 9:23:29 PM org.eclipse.birt.report.engine.extension.internal.ExtensionManager getExtensions
DETALLADO: Start load extension point: org.eclipse.birt.report.engine.emitters
mar 23, 2021 9:23:29 PM org.eclipse.birt.report.engine.extension.internal.ExtensionManager loadEmitterExtensionDefns
DETALLADO: Load html emitter org.eclipse.birt.report.engine.emitter.html
mar 23, 2021 9:23:29 PM org.eclipse.birt.report.engine.extension.internal.ExtensionManager loadEmitterExtensionDefns
DETALLADO: Load pdf emitter org.eclipse.birt.report.engine.emitter.pdf
mar 23, 2021 9:23:29 PM org.eclipse.birt.report.engine.extension.internal.ExtensionManager loadEmitterExtensionDefns
DETALLADO: Load ppt emitter org.eclipse.birt.report.engine.emitter.ppt
mar 23, 2021 9:23:29 PM org.eclipse.birt.report.engine.extension.internal.ExtensionManager loadEmitterExtensionDefns
DETALLADO: Load postscript emitter org.eclipse.birt.report.engine.emitter.postscript
mar 23, 2021 9:23:29 PM org.eclipse.birt.report.engine.extension.internal.ExtensionManager loadEmitterExtensionDefns
DETALLADO: Load xls emitter org.eclipse.birt.report.engine.emitter.prototype.excel
mar 23, 2021 9:23:29 PM org.eclipse.birt.report.engine.extension.internal.ExtensionManager loadEmitterExtensionDefns
DETALLADO: Load doc emitter org.eclipse.birt.report.engine.emitter.word
mar 23, 2021 9:23:29 PM org.eclipse.birt.report.engine.extension.internal.ExtensionManager getExtensions
DETALLADO: Start load extension point: org.eclipse.birt.report.engine.reportEventHandler
mar 23, 2021 9:23:29 PM org.eclipse.birt.report.engine.extension.internal.ExtensionManager getExtensions
DETALLADO: Start load extension point: org.eclipse.birt.report.engine.reportItemPreparation
mar 23, 2021 9:23:29 PM org.eclipse.birt.report.engine.extension.internal.ExtensionManager getExtensions
DETALLADO: Start load extension point: org.eclipse.birt.report.engine.dataExtraction
mar 23, 2021 9:23:29 PM org.eclipse.birt.report.engine.extension.internal.ExtensionManager loadDataExtractionExtensions
DETALLADO: Load data extraction extension: org.eclipse.birt.report.engine.dataextraction.csv
mar 23, 2021 9:23:29 PM org.eclipse.birt.report.engine.extension.internal.ExtensionManager getExtensions
DETALLADO: Start load extension point: org.eclipse.birt.report.engine.extendedItemFactory
mar 23, 2021 9:23:29 PM org.eclipse.birt.report.engine.extension.internal.ExtensionManager loadExtendedItems
DETALLADO: Load extendedItem extension: Crosstab
mar 23, 2021 9:23:29 PM org.eclipse.birt.report.engine.extension.internal.ExtensionManager loadExtendedItems
DETALLADO: Load extendedItem extension: CrosstabCell
mar 23, 2021 9:23:29 PM org.eclipse.birt.report.engine.extension.internal.ExtensionManager loadExtendedItems
DETALLADO: Load extendedItem extension: AggregationCell
mar 23, 2021 9:23:33 PM org.eclipse.birt.report.engine.api.impl.ReportEngine openReportDocument
DETALLADO: ReportEngine.openReportDocument: systemId=/usr/share/tomcat/webapps/birt2/depositos.rptdesign, file=/usr/share/tomcat/webapps/birt2/documents/BIRTDOCF9A1F886E55CD7F02E0809D53C5DB46A/20210323_212333_960/depositos.rptdocument, options={semanticCheck=false, resourceFolder=/usr/share/tomcat/webapps/birt2} 
mar 23, 2021 9:23:34 PM org.eclipse.birt.report.engine.api.impl.ReportEngine openReportDesign
DETALLADO: ReportEngine.openReportDesign: name=file:/usr/share/tomcat/webapps/birt2/depositos.rptdesign, designStream=java.io.FileInputStream@4719f881, options={3} 
mar 23, 2021 9:23:34 PM org.eclipse.birt.report.model.util.XMLParserPoolImpl createParser
MÁS DETALLADO: created a new SAX parser
mar 23, 2021 9:23:34 PM org.eclipse.birt.report.model.util.XMLParserPoolImpl createParser
MÁS DETALLADO: created a new SAX parser
mar 23, 2021 9:23:34 PM org.eclipse.birt.report.engine.api.impl.ReportEngine createGetParameterDefinitionTask
DETALLADO: ReportEngine.createGetParameterDefinitionTask: reportRunnable=org.eclipse.birt.report.engine.api.impl.ReportRunnable@25382605 
mar 23, 2021 9:23:34 PM org.eclipse.birt.report.engine.api.impl.EngineTask setAppContext
DETALLADO: EngineTask.setAppContext: context=webapplication.projectclasspath=;PARENT_CLASSLOADER=WebappClassLoader
  context: /birt2
  delegate: false
  repositories:
----------> Parent Classloader:
java.net.URLClassLoader@7a81197d
;
mar 23, 2021 9:23:34 PM org.eclipse.birt.report.engine.api.impl.EngineTask setLocale
DETALLADO: EngineTask.setLocale: locale=español (España)
mar 23, 2021 9:23:34 PM org.eclipse.birt.report.engine.api.impl.EngineTask setAppContext
DETALLADO: EngineTask.setAppContext: context=webapplication.projectclasspath=;CHART_RESOLUTION=null;org.eclipse.birt.data.engine.dataset.cache.option=false;birt.viewer.resource.path=/usr/share/tomcat/webapps/birt2;org.eclipse.birt.data.engine.cube.inmemory.size=0;PARENT_CLASSLOADER=WebappClassLoader
  context: /birt2
  delegate: false
  repositories:
----------> Parent Classloader:
java.net.URLClassLoader@7a81197d
;BIRT_VIEWER_HTTPSERVET_REQUEST=org.apache.catalina.connector.RequestFacade@12cb2cd9;
mar 23, 2021 9:23:34 PM org.eclipse.birt.report.engine.api.impl.EngineTask setAppContext
DETALLADO: EngineTask.setAppContext: context=webapplication.projectclasspath=;PARENT_CLASSLOADER=WebappClassLoader
  context: /birt2
  delegate: false
  repositories:
----------> Parent Classloader:
java.net.URLClassLoader@7a81197d
;BIRT_VIEWER_HTTPSERVET_REQUEST=org.apache.catalina.connector.RequestFacade@12cb2cd9;
mar 23, 2021 9:23:34 PM org.eclipse.birt.report.engine.api.impl.ReportEngine createGetParameterDefinitionTask
DETALLADO: ReportEngine.createGetParameterDefinitionTask: reportRunnable=org.eclipse.birt.report.engine.api.impl.ReportRunnable@25382605 
mar 23, 2021 9:23:34 PM org.eclipse.birt.report.engine.api.impl.EngineTask setAppContext
DETALLADO: EngineTask.setAppContext: context=webapplication.projectclasspath=;PARENT_CLASSLOADER=WebappClassLoader
  context: /birt2
  delegate: false
  repositories:
----------> Parent Classloader:
java.net.URLClassLoader@7a81197d
;
mar 23, 2021 9:23:34 PM org.eclipse.birt.report.engine.api.impl.EngineTask setLocale
DETALLADO: EngineTask.setLocale: locale=español (España)
mar 23, 2021 9:23:34 PM org.eclipse.birt.report.engine.api.impl.EngineTask setAppContext
DETALLADO: EngineTask.setAppContext: context=webapplication.projectclasspath=;CHART_RESOLUTION=null;org.eclipse.birt.data.engine.dataset.cache.option=false;birt.viewer.resource.path=/usr/share/tomcat/webapps/birt2;org.eclipse.birt.data.engine.cube.inmemory.size=0;PARENT_CLASSLOADER=WebappClassLoader
  context: /birt2
  delegate: false
  repositories:
----------> Parent Classloader:
java.net.URLClassLoader@7a81197d
;BIRT_VIEWER_HTTPSERVET_REQUEST=org.apache.catalina.core.ApplicationHttpRequest@7a1babab;
mar 23, 2021 9:23:34 PM org.eclipse.birt.report.engine.api.impl.EngineTask setAppContext
DETALLADO: EngineTask.setAppContext: context=webapplication.projectclasspath=;PARENT_CLASSLOADER=WebappClassLoader
  context: /birt2
  delegate: false
  repositories:
----------> Parent Classloader:
java.net.URLClassLoader@7a81197d
;BIRT_VIEWER_HTTPSERVET_REQUEST=org.apache.catalina.core.ApplicationHttpRequest@7a1babab;
mar 23, 2021 9:23:34 PM org.eclipse.birt.report.engine.api.impl.ReportEngine openReportDocument
DETALLADO: ReportEngine.openReportDocument: systemId=/usr/share/tomcat/webapps/birt2/depositos.rptdesign, file=/usr/share/tomcat/webapps/birt2/documents/BIRTDOCF9A1F886E55CD7F02E0809D53C5DB46A/20210323_212333_960/depositos.rptdocument, options={semanticCheck=false, resourceFolder=/usr/share/tomcat/webapps/birt2} 
mar 23, 2021 9:23:34 PM org.eclipse.birt.report.engine.api.impl.ReportEngine openReportDesign
DETALLADO: ReportEngine.openReportDesign: name=file:/usr/share/tomcat/webapps/birt2/depositos.rptdesign, designStream=java.io.FileInputStream@1536665f, options={3} 
mar 23, 2021 9:23:34 PM org.eclipse.birt.report.engine.api.impl.ReportEngine createGetParameterDefinitionTask
DETALLADO: ReportEngine.createGetParameterDefinitionTask: reportRunnable=org.eclipse.birt.report.engine.api.impl.ReportRunnable@8c89e7d 
mar 23, 2021 9:23:34 PM org.eclipse.birt.report.engine.api.impl.EngineTask setAppContext
DETALLADO: EngineTask.setAppContext: context=webapplication.projectclasspath=;PARENT_CLASSLOADER=WebappClassLoader
  context: /birt2
  delegate: false
  repositories:
----------> Parent Classloader:
java.net.URLClassLoader@7a81197d
;
mar 23, 2021 9:23:34 PM org.eclipse.birt.report.engine.api.impl.EngineTask setLocale
DETALLADO: EngineTask.setLocale: locale=español (España)
mar 23, 2021 9:23:34 PM org.eclipse.birt.report.engine.api.impl.EngineTask setAppContext
DETALLADO: EngineTask.setAppContext: context=webapplication.projectclasspath=;CHART_RESOLUTION=null;org.eclipse.birt.data.engine.dataset.cache.option=false;birt.viewer.resource.path=/usr/share/tomcat/webapps/birt2;org.eclipse.birt.data.engine.cube.inmemory.size=0;PARENT_CLASSLOADER=WebappClassLoader
  context: /birt2
  delegate: false
  repositories:
----------> Parent Classloader:
java.net.URLClassLoader@7a81197d
;BIRT_VIEWER_HTTPSERVET_REQUEST=org.apache.catalina.connector.RequestFacade@432d681a;
mar 23, 2021 9:23:34 PM org.eclipse.birt.report.engine.api.impl.EngineTask setAppContext
DETALLADO: EngineTask.setAppContext: context=webapplication.projectclasspath=;PARENT_CLASSLOADER=WebappClassLoader
  context: /birt2
  delegate: false
  repositories:
----------> Parent Classloader:
java.net.URLClassLoader@7a81197d
;BIRT_VIEWER_HTTPSERVET_REQUEST=org.apache.catalina.connector.RequestFacade@432d681a;
mar 23, 2021 9:23:34 PM org.eclipse.birt.report.engine.api.impl.ReportEngine createRunTask
DETALLADO: ReportEngine.createRunTask: reportRunnable=org.eclipse.birt.report.engine.api.impl.ReportRunnable@8c89e7d 
mar 23, 2021 9:23:34 PM org.eclipse.birt.report.engine.api.impl.EngineTask setAppContext
DETALLADO: EngineTask.setAppContext: context=webapplication.projectclasspath=;PARENT_CLASSLOADER=WebappClassLoader
  context: /birt2
  delegate: false
  repositories:
----------> Parent Classloader:
java.net.URLClassLoader@7a81197d
;
mar 23, 2021 9:23:34 PM org.eclipse.birt.report.engine.api.impl.EngineTask setLocale
DETALLADO: EngineTask.setLocale: locale=español (España)
mar 23, 2021 9:23:34 PM org.eclipse.birt.report.engine.api.impl.EngineTask setAppContext
DETALLADO: EngineTask.setAppContext: context=webapplication.projectclasspath=;CHART_RESOLUTION=null;org.eclipse.birt.data.engine.dataset.cache.option=false;birt.viewer.resource.path=/usr/share/tomcat/webapps/birt2;org.eclipse.birt.data.engine.cube.inmemory.size=0;PARENT_CLASSLOADER=WebappClassLoader
  context: /birt2
  delegate: false
  repositories:
----------> Parent Classloader:
java.net.URLClassLoader@7a81197d
;BIRT_VIEWER_HTTPSERVET_REQUEST=org.apache.catalina.connector.RequestFacade@432d681a;
mar 23, 2021 9:23:34 PM org.eclipse.birt.report.engine.api.impl.EngineTask loggerParamters
DETALLADO: Running the report with paramters: 
mar 23, 2021 9:23:35 PM org.eclipse.birt.report.engine.api.impl.ReportEngine openReportDocument
DETALLADO: ReportEngine.openReportDocument: systemId=/usr/share/tomcat/webapps/birt2/depositos.rptdesign, file=/usr/share/tomcat/webapps/birt2/documents/BIRTDOCF9A1F886E55CD7F02E0809D53C5DB46A/20210323_212333_960/depositos.rptdocument, options={semanticCheck=false, resourceFolder=/usr/share/tomcat/webapps/birt2} 
mar 23, 2021 9:23:35 PM org.eclipse.birt.report.engine.api.impl.ReportEngine openReportDocument
DETALLADO: ReportEngine.openReportDocument: systemId=/usr/share/tomcat/webapps/birt2/depositos.rptdesign, file=/usr/share/tomcat/webapps/birt2/documents/BIRTDOCF9A1F886E55CD7F02E0809D53C5DB46A/20210323_212333_960/depositos.rptdocument, options={semanticCheck=false, resourceFolder=/usr/share/tomcat/webapps/birt2} 
mar 23, 2021 9:23:35 PM org.eclipse.birt.report.engine.api.impl.ReportEngine createRenderTask
DETALLADO: ReportEngine.createRenderTask: reportDocument=org.eclipse.birt.report.engine.api.impl.ReportDocumentReader@2f151c60 
mar 23, 2021 9:23:35 PM org.eclipse.birt.report.engine.api.impl.EngineTask setAppContext
DETALLADO: EngineTask.setAppContext: context=webapplication.projectclasspath=;PARENT_CLASSLOADER=WebappClassLoader
  context: /birt2
  delegate: false
  repositories:
----------> Parent Classloader:
java.net.URLClassLoader@7a81197d
;
mar 23, 2021 9:23:35 PM org.eclipse.birt.report.engine.api.impl.ReportEngine openReportDesign
DETALLADO: ReportEngine.openReportDesign: name=/usr/share/tomcat/webapps/birt2/depositos.rptdesign, designStream=org.eclipse.birt.core.archive.compound.ArchiveEntryInputStream@7e39729c, options={3} 
mar 23, 2021 9:23:35 PM org.eclipse.birt.report.engine.api.impl.EngineTask setAppContext
DETALLADO: EngineTask.setAppContext: context=webapplication.projectclasspath=;CHART_RESOLUTION=null;org.eclipse.birt.data.engine.dataset.cache.option=false;birt.viewer.resource.path=/usr/share/tomcat/webapps/birt2;org.eclipse.birt.data.engine.cube.inmemory.size=0;PARENT_CLASSLOADER=WebappClassLoader
  context: /birt2
  delegate: false
  repositories:
----------> Parent Classloader:
java.net.URLClassLoader@7a81197d
;BIRT_VIEWER_HTTPSERVET_REQUEST=org.apache.catalina.connector.RequestFacade@432d681a;
mar 23, 2021 9:23:35 PM org.eclipse.birt.report.engine.api.impl.EngineTask setLocale
DETALLADO: EngineTask.setLocale: locale=español (España)
mar 23, 2021 9:28:36 PM org.eclipse.birt.report.engine.api.impl.ReportEngine openReportDocument
DETALLADO: ReportEngine.openReportDocument: systemId=/usr/share/tomcat/webapps/birt2/depositos.rptdesign, file=/usr/share/tomcat/webapps/birt2/documents/BIRTDOCF9A1F886E55CD7F02E0809D53C5DB46A/20210323_212836_318/depositos.rptdocument, options={semanticCheck=false, resourceFolder=/usr/share/tomcat/webapps/birt2} 
mar 23, 2021 9:28:36 PM org.eclipse.birt.report.engine.api.impl.ReportEngine openReportDesign
DETALLADO: ReportEngine.openReportDesign: name=file:/usr/share/tomcat/webapps/birt2/depositos.rptdesign, designStream=java.io.FileInputStream@736409e, options={3} 
mar 23, 2021 9:28:36 PM org.eclipse.birt.report.engine.api.impl.ReportEngine createGetParameterDefinitionTask
DETALLADO: ReportEngine.createGetParameterDefinitionTask: reportRunnable=org.eclipse.birt.report.engine.api.impl.ReportRunnable@5185dd33 
mar 23, 2021 9:28:36 PM org.eclipse.birt.report.engine.api.impl.EngineTask setAppContext
DETALLADO: EngineTask.setAppContext: context=webapplication.projectclasspath=;PARENT_CLASSLOADER=WebappClassLoader
  context: /birt2
  delegate: false
  repositories:
----------> Parent Classloader:
java.net.URLClassLoader@7a81197d
;
mar 23, 2021 9:28:36 PM org.eclipse.birt.report.engine.api.impl.EngineTask setLocale
DETALLADO: EngineTask.setLocale: locale=español (España)
mar 23, 2021 9:28:36 PM org.eclipse.birt.report.engine.api.impl.EngineTask setAppContext
DETALLADO: EngineTask.setAppContext: context=webapplication.projectclasspath=;CHART_RESOLUTION=null;org.eclipse.birt.data.engine.dataset.cache.option=false;birt.viewer.resource.path=/usr/share/tomcat/webapps/birt2;org.eclipse.birt.data.engine.cube.inmemory.size=0;PARENT_CLASSLOADER=WebappClassLoader
  context: /birt2
  delegate: false
  repositories:
----------> Parent Classloader:
java.net.URLClassLoader@7a81197d
;BIRT_VIEWER_HTTPSERVET_REQUEST=org.apache.catalina.connector.RequestFacade@432d681a;
mar 23, 2021 9:28:36 PM org.eclipse.birt.report.engine.api.impl.EngineTask setAppContext
DETALLADO: EngineTask.setAppContext: context=webapplication.projectclasspath=;PARENT_CLASSLOADER=WebappClassLoader
  context: /birt2
  delegate: false
  repositories:
----------> Parent Classloader:
java.net.URLClassLoader@7a81197d
;BIRT_VIEWER_HTTPSERVET_REQUEST=org.apache.catalina.connector.RequestFacade@432d681a;
mar 23, 2021 9:28:36 PM org.eclipse.birt.report.engine.api.impl.ReportEngine createGetParameterDefinitionTask
DETALLADO: ReportEngine.createGetParameterDefinitionTask: reportRunnable=org.eclipse.birt.report.engine.api.impl.ReportRunnable@5185dd33 
mar 23, 2021 9:28:36 PM org.eclipse.birt.report.engine.api.impl.EngineTask setAppContext
DETALLADO: EngineTask.setAppContext: context=webapplication.projectclasspath=;PARENT_CLASSLOADER=WebappClassLoader
  context: /birt2
  delegate: false
  repositories:
----------> Parent Classloader:
java.net.URLClassLoader@7a81197d
;
mar 23, 2021 9:28:36 PM org.eclipse.birt.report.engine.api.impl.EngineTask setLocale
DETALLADO: EngineTask.setLocale: locale=español (España)
mar 23, 2021 9:28:36 PM org.eclipse.birt.report.engine.api.impl.EngineTask setAppContext
DETALLADO: EngineTask.setAppContext: context=webapplication.projectclasspath=;CHART_RESOLUTION=null;org.eclipse.birt.data.engine.dataset.cache.option=false;birt.viewer.resource.path=/usr/share/tomcat/webapps/birt2;org.eclipse.birt.data.engine.cube.inmemory.size=0;PARENT_CLASSLOADER=WebappClassLoader
  context: /birt2
  delegate: false
  repositories:
----------> Parent Classloader:
java.net.URLClassLoader@7a81197d
;BIRT_VIEWER_HTTPSERVET_REQUEST=org.apache.catalina.core.ApplicationHttpRequest@1ebd140d;
mar 23, 2021 9:28:36 PM org.eclipse.birt.report.engine.api.impl.EngineTask setAppContext
DETALLADO: EngineTask.setAppContext: context=webapplication.projectclasspath=;PARENT_CLASSLOADER=WebappClassLoader
  context: /birt2
  delegate: false
  repositories:
----------> Parent Classloader:
java.net.URLClassLoader@7a81197d
;BIRT_VIEWER_HTTPSERVET_REQUEST=org.apache.catalina.core.ApplicationHttpRequest@1ebd140d;
mar 23, 2021 9:28:36 PM org.eclipse.birt.report.engine.api.impl.ReportEngine openReportDocument
DETALLADO: ReportEngine.openReportDocument: systemId=/usr/share/tomcat/webapps/birt2/depositos.rptdesign, file=/usr/share/tomcat/webapps/birt2/documents/BIRTDOCF9A1F886E55CD7F02E0809D53C5DB46A/20210323_212836_318/depositos.rptdocument, options={semanticCheck=false, resourceFolder=/usr/share/tomcat/webapps/birt2} 
mar 23, 2021 9:28:36 PM org.eclipse.birt.report.engine.api.impl.ReportEngine openReportDesign
DETALLADO: ReportEngine.openReportDesign: name=file:/usr/share/tomcat/webapps/birt2/depositos.rptdesign, designStream=java.io.FileInputStream@46bbd43c, options={3} 
mar 23, 2021 9:28:36 PM org.eclipse.birt.report.engine.api.impl.ReportEngine createGetParameterDefinitionTask
DETALLADO: ReportEngine.createGetParameterDefinitionTask: reportRunnable=org.eclipse.birt.report.engine.api.impl.ReportRunnable@592c8d4d 
mar 23, 2021 9:28:36 PM org.eclipse.birt.report.engine.api.impl.EngineTask setAppContext
DETALLADO: EngineTask.setAppContext: context=webapplication.projectclasspath=;PARENT_CLASSLOADER=WebappClassLoader
  context: /birt2
  delegate: false
  repositories:
----------> Parent Classloader:
java.net.URLClassLoader@7a81197d
;
mar 23, 2021 9:28:36 PM org.eclipse.birt.report.engine.api.impl.EngineTask setLocale
DETALLADO: EngineTask.setLocale: locale=español (España)
mar 23, 2021 9:28:36 PM org.eclipse.birt.report.engine.api.impl.EngineTask setAppContext
DETALLADO: EngineTask.setAppContext: context=webapplication.projectclasspath=;CHART_RESOLUTION=null;org.eclipse.birt.data.engine.dataset.cache.option=false;birt.viewer.resource.path=/usr/share/tomcat/webapps/birt2;org.eclipse.birt.data.engine.cube.inmemory.size=0;PARENT_CLASSLOADER=WebappClassLoader
  context: /birt2
  delegate: false
  repositories:
----------> Parent Classloader:
java.net.URLClassLoader@7a81197d
;BIRT_VIEWER_HTTPSERVET_REQUEST=org.apache.catalina.connector.RequestFacade@68639bb7;
mar 23, 2021 9:28:36 PM org.eclipse.birt.report.engine.api.impl.EngineTask setAppContext
DETALLADO: EngineTask.setAppContext: context=webapplication.projectclasspath=;PARENT_CLASSLOADER=WebappClassLoader
  context: /birt2
  delegate: false
  repositories:
----------> Parent Classloader:
java.net.URLClassLoader@7a81197d
;BIRT_VIEWER_HTTPSERVET_REQUEST=org.apache.catalina.connector.RequestFacade@68639bb7;
mar 23, 2021 9:28:36 PM org.eclipse.birt.report.engine.api.impl.ReportEngine createRunTask
DETALLADO: ReportEngine.createRunTask: reportRunnable=org.eclipse.birt.report.engine.api.impl.ReportRunnable@592c8d4d 
mar 23, 2021 9:28:36 PM org.eclipse.birt.report.engine.api.impl.EngineTask setAppContext
DETALLADO: EngineTask.setAppContext: context=webapplication.projectclasspath=;PARENT_CLASSLOADER=WebappClassLoader
  context: /birt2
  delegate: false
  repositories:
----------> Parent Classloader:
java.net.URLClassLoader@7a81197d
;
mar 23, 2021 9:28:36 PM org.eclipse.birt.report.engine.api.impl.EngineTask setLocale
DETALLADO: EngineTask.setLocale: locale=español (España)
mar 23, 2021 9:28:36 PM org.eclipse.birt.report.engine.api.impl.EngineTask setAppContext
DETALLADO: EngineTask.setAppContext: context=webapplication.projectclasspath=;CHART_RESOLUTION=null;org.eclipse.birt.data.engine.dataset.cache.option=false;birt.viewer.resource.path=/usr/share/tomcat/webapps/birt2;org.eclipse.birt.data.engine.cube.inmemory.size=0;PARENT_CLASSLOADER=WebappClassLoader
  context: /birt2
  delegate: false
  repositories:
----------> Parent Classloader:
java.net.URLClassLoader@7a81197d
;BIRT_VIEWER_HTTPSERVET_REQUEST=org.apache.catalina.connector.RequestFacade@68639bb7;
mar 23, 2021 9:28:36 PM org.eclipse.birt.report.engine.api.impl.EngineTask loggerParamters
DETALLADO: Running the report with paramters: 
mar 23, 2021 9:28:36 PM org.eclipse.birt.report.engine.api.impl.ReportEngine openReportDocument
DETALLADO: ReportEngine.openReportDocument: systemId=/usr/share/tomcat/webapps/birt2/depositos.rptdesign, file=/usr/share/tomcat/webapps/birt2/documents/BIRTDOCF9A1F886E55CD7F02E0809D53C5DB46A/20210323_212836_318/depositos.rptdocument, options={semanticCheck=false, resourceFolder=/usr/share/tomcat/webapps/birt2} 
mar 23, 2021 9:28:36 PM org.eclipse.birt.report.engine.api.impl.ReportEngine openReportDocument
DETALLADO: ReportEngine.openReportDocument: systemId=/usr/share/tomcat/webapps/birt2/depositos.rptdesign, file=/usr/share/tomcat/webapps/birt2/documents/BIRTDOCF9A1F886E55CD7F02E0809D53C5DB46A/20210323_212836_318/depositos.rptdocument, options={semanticCheck=false, resourceFolder=/usr/share/tomcat/webapps/birt2} 
mar 23, 2021 9:28:36 PM org.eclipse.birt.report.engine.api.impl.ReportEngine createRenderTask
DETALLADO: ReportEngine.createRenderTask: reportDocument=org.eclipse.birt.report.engine.api.impl.ReportDocumentReader@6c0456f8 
mar 23, 2021 9:28:36 PM org.eclipse.birt.report.engine.api.impl.EngineTask setAppContext
DETALLADO: EngineTask.setAppContext: context=webapplication.projectclasspath=;PARENT_CLASSLOADER=WebappClassLoader
  context: /birt2
  delegate: false
  repositories:
----------> Parent Classloader:
java.net.URLClassLoader@7a81197d
;
mar 23, 2021 9:28:36 PM org.eclipse.birt.report.engine.api.impl.ReportEngine openReportDesign
DETALLADO: ReportEngine.openReportDesign: name=/usr/share/tomcat/webapps/birt2/depositos.rptdesign, designStream=org.eclipse.birt.core.archive.compound.ArchiveEntryInputStream@118e1ac1, options={3} 
mar 23, 2021 9:28:36 PM org.eclipse.birt.report.engine.api.impl.EngineTask setAppContext
DETALLADO: EngineTask.setAppContext: context=webapplication.projectclasspath=;CHART_RESOLUTION=null;org.eclipse.birt.data.engine.dataset.cache.option=false;birt.viewer.resource.path=/usr/share/tomcat/webapps/birt2;org.eclipse.birt.data.engine.cube.inmemory.size=0;PARENT_CLASSLOADER=WebappClassLoader
  context: /birt2
  delegate: false
  repositories:
----------> Parent Classloader:
java.net.URLClassLoader@7a81197d
;BIRT_VIEWER_HTTPSERVET_REQUEST=org.apache.catalina.connector.RequestFacade@68639bb7;
mar 23, 2021 9:28:36 PM org.eclipse.birt.report.engine.api.impl.EngineTask setLocale
DETALLADO: EngineTask.setLocale: locale=español (España)
mar 24, 2021 8:16:12 AM org.eclipse.birt.report.engine.api.impl.ReportEngine openReportDocument
DETALLADO: ReportEngine.openReportDocument: systemId=/usr/share/tomcat/webapps/birt2/depositos.rptdesign, file=/usr/share/tomcat/webapps/birt2/documents/BIRTDOC3488B50C318288181C6F9958D819720C/20210324_081612_528/depositos.rptdocument, options={semanticCheck=false, resourceFolder=/usr/share/tomcat/webapps/birt2} 
mar 24, 2021 8:16:12 AM org.eclipse.birt.report.engine.api.impl.ReportEngine openReportDesign
DETALLADO: ReportEngine.openReportDesign: name=file:/usr/share/tomcat/webapps/birt2/depositos.rptdesign, designStream=java.io.FileInputStream@17982562, options={3} 
mar 24, 2021 8:16:12 AM org.eclipse.birt.report.engine.api.impl.ReportEngine createGetParameterDefinitionTask
DETALLADO: ReportEngine.createGetParameterDefinitionTask: reportRunnable=org.eclipse.birt.report.engine.api.impl.ReportRunnable@1a76dd93 
mar 24, 2021 8:16:12 AM org.eclipse.birt.report.engine.api.impl.EngineTask setAppContext
DETALLADO: EngineTask.setAppContext: context=webapplication.projectclasspath=;PARENT_CLASSLOADER=WebappClassLoader
  context: /birt2
  delegate: false
  repositories:
----------> Parent Classloader:
java.net.URLClassLoader@7a81197d
;
mar 24, 2021 8:16:12 AM org.eclipse.birt.report.engine.api.impl.EngineTask setLocale
DETALLADO: EngineTask.setLocale: locale=español (España)
mar 24, 2021 8:16:12 AM org.eclipse.birt.report.engine.api.impl.EngineTask setAppContext
DETALLADO: EngineTask.setAppContext: context=webapplication.projectclasspath=;CHART_RESOLUTION=null;org.eclipse.birt.data.engine.dataset.cache.option=false;birt.viewer.resource.path=/usr/share/tomcat/webapps/birt2;org.eclipse.birt.data.engine.cube.inmemory.size=0;PARENT_CLASSLOADER=WebappClassLoader
  context: /birt2
  delegate: false
  repositories:
----------> Parent Classloader:
java.net.URLClassLoader@7a81197d
;BIRT_VIEWER_HTTPSERVET_REQUEST=org.apache.catalina.connector.RequestFacade@798417f0;
mar 24, 2021 8:16:12 AM org.eclipse.birt.report.engine.api.impl.EngineTask setAppContext
DETALLADO: EngineTask.setAppContext: context=webapplication.projectclasspath=;PARENT_CLASSLOADER=WebappClassLoader
  context: /birt2
  delegate: false
  repositories:
----------> Parent Classloader:
java.net.URLClassLoader@7a81197d
;BIRT_VIEWER_HTTPSERVET_REQUEST=org.apache.catalina.connector.RequestFacade@798417f0;
mar 24, 2021 8:16:12 AM org.eclipse.birt.report.engine.api.impl.ReportEngine createGetParameterDefinitionTask
DETALLADO: ReportEngine.createGetParameterDefinitionTask: reportRunnable=org.eclipse.birt.report.engine.api.impl.ReportRunnable@1a76dd93 
mar 24, 2021 8:16:12 AM org.eclipse.birt.report.engine.api.impl.EngineTask setAppContext
DETALLADO: EngineTask.setAppContext: context=webapplication.projectclasspath=;PARENT_CLASSLOADER=WebappClassLoader
  context: /birt2
  delegate: false
  repositories:
----------> Parent Classloader:
java.net.URLClassLoader@7a81197d
;
mar 24, 2021 8:16:12 AM org.eclipse.birt.report.engine.api.impl.EngineTask setLocale
DETALLADO: EngineTask.setLocale: locale=español (España)
mar 24, 2021 8:16:12 AM org.eclipse.birt.report.engine.api.impl.EngineTask setAppContext
DETALLADO: EngineTask.setAppContext: context=webapplication.projectclasspath=;CHART_RESOLUTION=null;org.eclipse.birt.data.engine.dataset.cache.option=false;birt.viewer.resource.path=/usr/share/tomcat/webapps/birt2;org.eclipse.birt.data.engine.cube.inmemory.size=0;PARENT_CLASSLOADER=WebappClassLoader
  context: /birt2
  delegate: false
  repositories:
----------> Parent Classloader:
java.net.URLClassLoader@7a81197d
;BIRT_VIEWER_HTTPSERVET_REQUEST=org.apache.catalina.core.ApplicationHttpRequest@12079795;
mar 24, 2021 8:16:12 AM org.eclipse.birt.report.engine.api.impl.EngineTask setAppContext
DETALLADO: EngineTask.setAppContext: context=webapplication.projectclasspath=;PARENT_CLASSLOADER=WebappClassLoader
  context: /birt2
  delegate: false
  repositories:
----------> Parent Classloader:
java.net.URLClassLoader@7a81197d
;BIRT_VIEWER_HTTPSERVET_REQUEST=org.apache.catalina.core.ApplicationHttpRequest@12079795;
mar 24, 2021 8:16:12 AM org.eclipse.birt.report.engine.api.impl.ReportEngine openReportDocument
DETALLADO: ReportEngine.openReportDocument: systemId=/usr/share/tomcat/webapps/birt2/depositos.rptdesign, file=/usr/share/tomcat/webapps/birt2/documents/BIRTDOC3488B50C318288181C6F9958D819720C/20210324_081612_528/depositos.rptdocument, options={semanticCheck=false, resourceFolder=/usr/share/tomcat/webapps/birt2} 
mar 24, 2021 8:16:12 AM org.eclipse.birt.report.engine.api.impl.ReportEngine openReportDesign
DETALLADO: ReportEngine.openReportDesign: name=file:/usr/share/tomcat/webapps/birt2/depositos.rptdesign, designStream=java.io.FileInputStream@2809b1d5, options={3} 
mar 24, 2021 8:16:12 AM org.eclipse.birt.report.engine.api.impl.ReportEngine createGetParameterDefinitionTask
DETALLADO: ReportEngine.createGetParameterDefinitionTask: reportRunnable=org.eclipse.birt.report.engine.api.impl.ReportRunnable@618c9a99 
mar 24, 2021 8:16:12 AM org.eclipse.birt.report.engine.api.impl.EngineTask setAppContext
DETALLADO: EngineTask.setAppContext: context=webapplication.projectclasspath=;PARENT_CLASSLOADER=WebappClassLoader
  context: /birt2
  delegate: false
  repositories:
----------> Parent Classloader:
java.net.URLClassLoader@7a81197d
;
mar 24, 2021 8:16:12 AM org.eclipse.birt.report.engine.api.impl.EngineTask setLocale
DETALLADO: EngineTask.setLocale: locale=español (España)
mar 24, 2021 8:16:12 AM org.eclipse.birt.report.engine.api.impl.EngineTask setAppContext
DETALLADO: EngineTask.setAppContext: context=webapplication.projectclasspath=;CHART_RESOLUTION=null;org.eclipse.birt.data.engine.dataset.cache.option=false;birt.viewer.resource.path=/usr/share/tomcat/webapps/birt2;org.eclipse.birt.data.engine.cube.inmemory.size=0;PARENT_CLASSLOADER=WebappClassLoader
  context: /birt2
  delegate: false
  repositories:
----------> Parent Classloader:
java.net.URLClassLoader@7a81197d
;BIRT_VIEWER_HTTPSERVET_REQUEST=org.apache.catalina.connector.RequestFacade@432d681a;
mar 24, 2021 8:16:12 AM org.eclipse.birt.report.engine.api.impl.EngineTask setAppContext
DETALLADO: EngineTask.setAppContext: context=webapplication.projectclasspath=;PARENT_CLASSLOADER=WebappClassLoader
  context: /birt2
  delegate: false
  repositories:
----------> Parent Classloader:
java.net.URLClassLoader@7a81197d
;BIRT_VIEWER_HTTPSERVET_REQUEST=org.apache.catalina.connector.RequestFacade@432d681a;
mar 24, 2021 8:16:12 AM org.eclipse.birt.report.engine.api.impl.ReportEngine createRunTask
DETALLADO: ReportEngine.createRunTask: reportRunnable=org.eclipse.birt.report.engine.api.impl.ReportRunnable@618c9a99 
mar 24, 2021 8:16:12 AM org.eclipse.birt.report.engine.api.impl.EngineTask setAppContext
DETALLADO: EngineTask.setAppContext: context=webapplication.projectclasspath=;PARENT_CLASSLOADER=WebappClassLoader
  context: /birt2
  delegate: false
  repositories:
----------> Parent Classloader:
java.net.URLClassLoader@7a81197d
;
mar 24, 2021 8:16:12 AM org.eclipse.birt.report.engine.api.impl.EngineTask setLocale
DETALLADO: EngineTask.setLocale: locale=español (España)
mar 24, 2021 8:16:12 AM org.eclipse.birt.report.engine.api.impl.EngineTask setAppContext
DETALLADO: EngineTask.setAppContext: context=webapplication.projectclasspath=;CHART_RESOLUTION=null;org.eclipse.birt.data.engine.dataset.cache.option=false;birt.viewer.resource.path=/usr/share/tomcat/webapps/birt2;org.eclipse.birt.data.engine.cube.inmemory.size=0;PARENT_CLASSLOADER=WebappClassLoader
  context: /birt2
  delegate: false
  repositories:
----------> Parent Classloader:
java.net.URLClassLoader@7a81197d
;BIRT_VIEWER_HTTPSERVET_REQUEST=org.apache.catalina.connector.RequestFacade@432d681a;
mar 24, 2021 8:16:12 AM org.eclipse.birt.report.engine.api.impl.EngineTask loggerParamters
DETALLADO: Running the report with paramters: 
mar 24, 2021 8:16:12 AM org.eclipse.birt.report.engine.api.impl.ReportEngine openReportDocument
DETALLADO: ReportEngine.openReportDocument: systemId=/usr/share/tomcat/webapps/birt2/depositos.rptdesign, file=/usr/share/tomcat/webapps/birt2/documents/BIRTDOC3488B50C318288181C6F9958D819720C/20210324_081612_528/depositos.rptdocument, options={semanticCheck=false, resourceFolder=/usr/share/tomcat/webapps/birt2} 
mar 24, 2021 8:16:12 AM org.eclipse.birt.report.engine.api.impl.ReportEngine openReportDocument
DETALLADO: ReportEngine.openReportDocument: systemId=/usr/share/tomcat/webapps/birt2/depositos.rptdesign, file=/usr/share/tomcat/webapps/birt2/documents/BIRTDOC3488B50C318288181C6F9958D819720C/20210324_081612_528/depositos.rptdocument, options={semanticCheck=false, resourceFolder=/usr/share/tomcat/webapps/birt2} 
mar 24, 2021 8:16:12 AM org.eclipse.birt.report.engine.api.impl.ReportEngine createRenderTask
DETALLADO: ReportEngine.createRenderTask: reportDocument=org.eclipse.birt.report.engine.api.impl.ReportDocumentReader@5a88b028 
mar 24, 2021 8:16:12 AM org.eclipse.birt.report.engine.api.impl.EngineTask setAppContext
DETALLADO: EngineTask.setAppContext: context=webapplication.projectclasspath=;PARENT_CLASSLOADER=WebappClassLoader
  context: /birt2
  delegate: false
  repositories:
----------> Parent Classloader:
java.net.URLClassLoader@7a81197d
;
mar 24, 2021 8:16:12 AM org.eclipse.birt.report.engine.api.impl.ReportEngine openReportDesign
DETALLADO: ReportEngine.openReportDesign: name=/usr/share/tomcat/webapps/birt2/depositos.rptdesign, designStream=org.eclipse.birt.core.archive.compound.ArchiveEntryInputStream@24ce5fd1, options={3} 
mar 24, 2021 8:16:12 AM org.eclipse.birt.report.engine.api.impl.EngineTask setAppContext
DETALLADO: EngineTask.setAppContext: context=webapplication.projectclasspath=;CHART_RESOLUTION=null;org.eclipse.birt.data.engine.dataset.cache.option=false;birt.viewer.resource.path=/usr/share/tomcat/webapps/birt2;org.eclipse.birt.data.engine.cube.inmemory.size=0;PARENT_CLASSLOADER=WebappClassLoader
  context: /birt2
  delegate: false
  repositories:
----------> Parent Classloader:
java.net.URLClassLoader@7a81197d
;BIRT_VIEWER_HTTPSERVET_REQUEST=org.apache.catalina.connector.RequestFacade@432d681a;
mar 24, 2021 8:16:12 AM org.eclipse.birt.report.engine.api.impl.EngineTask setLocale
DETALLADO: EngineTask.setLocale: locale=español (España)
mar 24, 2021 8:39:24 AM org.eclipse.birt.report.engine.api.impl.ReportEngine openReportDocument
DETALLADO: ReportEngine.openReportDocument: systemId=/usr/share/tomcat/webapps/birt2/depositos.rptdesign, file=/usr/share/tomcat/webapps/birt2/documents/BIRTDOC3488B50C318288181C6F9958D819720C/20210324_083924_913/depositos.rptdocument, options={semanticCheck=false, resourceFolder=/usr/share/tomcat/webapps/birt2} 
mar 24, 2021 8:39:24 AM org.eclipse.birt.report.engine.api.impl.ReportEngine openReportDesign
DETALLADO: ReportEngine.openReportDesign: name=file:/usr/share/tomcat/webapps/birt2/depositos.rptdesign, designStream=java.io.FileInputStream@5410763e, options={3} 
mar 24, 2021 8:39:24 AM org.eclipse.birt.report.engine.api.impl.ReportEngine createGetParameterDefinitionTask
DETALLADO: ReportEngine.createGetParameterDefinitionTask: reportRunnable=org.eclipse.birt.report.engine.api.impl.ReportRunnable@396b2e7f 
mar 24, 2021 8:39:24 AM org.eclipse.birt.report.engine.api.impl.EngineTask setAppContext
DETALLADO: EngineTask.setAppContext: context=webapplication.projectclasspath=;PARENT_CLASSLOADER=WebappClassLoader
  context: /birt2
  delegate: false
  repositories:
----------> Parent Classloader:
java.net.URLClassLoader@7a81197d
;
mar 24, 2021 8:39:24 AM org.eclipse.birt.report.engine.api.impl.EngineTask setLocale
DETALLADO: EngineTask.setLocale: locale=español (España)
mar 24, 2021 8:39:24 AM org.eclipse.birt.report.engine.api.impl.EngineTask setAppContext
DETALLADO: EngineTask.setAppContext: context=webapplication.projectclasspath=;CHART_RESOLUTION=null;org.eclipse.birt.data.engine.dataset.cache.option=false;birt.viewer.resource.path=/usr/share/tomcat/webapps/birt2;org.eclipse.birt.data.engine.cube.inmemory.size=0;PARENT_CLASSLOADER=WebappClassLoader
  context: /birt2
  delegate: false
  repositories:
----------> Parent Classloader:
java.net.URLClassLoader@7a81197d
;BIRT_VIEWER_HTTPSERVET_REQUEST=org.apache.catalina.connector.RequestFacade@798417f0;
mar 24, 2021 8:39:24 AM org.eclipse.birt.report.engine.api.impl.EngineTask setAppContext
DETALLADO: EngineTask.setAppContext: context=webapplication.projectclasspath=;PARENT_CLASSLOADER=WebappClassLoader
  context: /birt2
  delegate: false
  repositories:
----------> Parent Classloader:
java.net.URLClassLoader@7a81197d
;BIRT_VIEWER_HTTPSERVET_REQUEST=org.apache.catalina.connector.RequestFacade@798417f0;
mar 24, 2021 8:39:24 AM org.eclipse.birt.report.engine.api.impl.ReportEngine createGetParameterDefinitionTask
DETALLADO: ReportEngine.createGetParameterDefinitionTask: reportRunnable=org.eclipse.birt.report.engine.api.impl.ReportRunnable@396b2e7f 
mar 24, 2021 8:39:24 AM org.eclipse.birt.report.engine.api.impl.EngineTask setAppContext
DETALLADO: EngineTask.setAppContext: context=webapplication.projectclasspath=;PARENT_CLASSLOADER=WebappClassLoader
  context: /birt2
  delegate: false
  repositories:
----------> Parent Classloader:
java.net.URLClassLoader@7a81197d
;
mar 24, 2021 8:39:24 AM org.eclipse.birt.report.engine.api.impl.EngineTask setLocale
DETALLADO: EngineTask.setLocale: locale=español (España)
mar 24, 2021 8:39:24 AM org.eclipse.birt.report.engine.api.impl.EngineTask setAppContext
DETALLADO: EngineTask.setAppContext: context=webapplication.projectclasspath=;CHART_RESOLUTION=null;org.eclipse.birt.data.engine.dataset.cache.option=false;birt.viewer.resource.path=/usr/share/tomcat/webapps/birt2;org.eclipse.birt.data.engine.cube.inmemory.size=0;PARENT_CLASSLOADER=WebappClassLoader
  context: /birt2
  delegate: false
  repositories:
----------> Parent Classloader:
java.net.URLClassLoader@7a81197d
;BIRT_VIEWER_HTTPSERVET_REQUEST=org.apache.catalina.core.ApplicationHttpRequest@1f92b2fe;
mar 24, 2021 8:39:24 AM org.eclipse.birt.report.engine.api.impl.EngineTask setAppContext
DETALLADO: EngineTask.setAppContext: context=webapplication.projectclasspath=;PARENT_CLASSLOADER=WebappClassLoader
  context: /birt2
  delegate: false
  repositories:
----------> Parent Classloader:
java.net.URLClassLoader@7a81197d
;BIRT_VIEWER_HTTPSERVET_REQUEST=org.apache.catalina.core.ApplicationHttpRequest@1f92b2fe;
mar 24, 2021 8:39:25 AM org.eclipse.birt.report.engine.api.impl.ReportEngine openReportDocument
DETALLADO: ReportEngine.openReportDocument: systemId=/usr/share/tomcat/webapps/birt2/depositos.rptdesign, file=/usr/share/tomcat/webapps/birt2/documents/BIRTDOC3488B50C318288181C6F9958D819720C/20210324_083924_913/depositos.rptdocument, options={semanticCheck=false, resourceFolder=/usr/share/tomcat/webapps/birt2} 
mar 24, 2021 8:39:25 AM org.eclipse.birt.report.engine.api.impl.ReportEngine openReportDesign
DETALLADO: ReportEngine.openReportDesign: name=file:/usr/share/tomcat/webapps/birt2/depositos.rptdesign, designStream=java.io.FileInputStream@529e35d9, options={3} 
mar 24, 2021 8:39:25 AM org.eclipse.birt.report.engine.api.impl.ReportEngine createGetParameterDefinitionTask
DETALLADO: ReportEngine.createGetParameterDefinitionTask: reportRunnable=org.eclipse.birt.report.engine.api.impl.ReportRunnable@c70331f 
mar 24, 2021 8:39:25 AM org.eclipse.birt.report.engine.api.impl.EngineTask setAppContext
DETALLADO: EngineTask.setAppContext: context=webapplication.projectclasspath=;PARENT_CLASSLOADER=WebappClassLoader
  context: /birt2
  delegate: false
  repositories:
----------> Parent Classloader:
java.net.URLClassLoader@7a81197d
;
mar 24, 2021 8:39:25 AM org.eclipse.birt.report.engine.api.impl.EngineTask setLocale
DETALLADO: EngineTask.setLocale: locale=español (España)
mar 24, 2021 8:39:25 AM org.eclipse.birt.report.engine.api.impl.EngineTask setAppContext
DETALLADO: EngineTask.setAppContext: context=webapplication.projectclasspath=;CHART_RESOLUTION=null;org.eclipse.birt.data.engine.dataset.cache.option=false;birt.viewer.resource.path=/usr/share/tomcat/webapps/birt2;org.eclipse.birt.data.engine.cube.inmemory.size=0;PARENT_CLASSLOADER=WebappClassLoader
  context: /birt2
  delegate: false
  repositories:
----------> Parent Classloader:
java.net.URLClassLoader@7a81197d
;BIRT_VIEWER_HTTPSERVET_REQUEST=org.apache.catalina.connector.RequestFacade@68639bb7;
mar 24, 2021 8:39:25 AM org.eclipse.birt.report.engine.api.impl.EngineTask setAppContext
DETALLADO: EngineTask.setAppContext: context=webapplication.projectclasspath=;PARENT_CLASSLOADER=WebappClassLoader
  context: /birt2
  delegate: false
  repositories:
----------> Parent Classloader:
java.net.URLClassLoader@7a81197d
;BIRT_VIEWER_HTTPSERVET_REQUEST=org.apache.catalina.connector.RequestFacade@68639bb7;
mar 24, 2021 8:39:25 AM org.eclipse.birt.report.engine.api.impl.ReportEngine createRunTask
DETALLADO: ReportEngine.createRunTask: reportRunnable=org.eclipse.birt.report.engine.api.impl.ReportRunnable@c70331f 
mar 24, 2021 8:39:25 AM org.eclipse.birt.report.engine.api.impl.EngineTask setAppContext
DETALLADO: EngineTask.setAppContext: context=webapplication.projectclasspath=;PARENT_CLASSLOADER=WebappClassLoader
  context: /birt2
  delegate: false
  repositories:
----------> Parent Classloader:
java.net.URLClassLoader@7a81197d
;
mar 24, 2021 8:39:25 AM org.eclipse.birt.report.engine.api.impl.EngineTask setLocale
DETALLADO: EngineTask.setLocale: locale=español (España)
mar 24, 2021 8:39:25 AM org.eclipse.birt.report.engine.api.impl.EngineTask setAppContext
DETALLADO: EngineTask.setAppContext: context=webapplication.projectclasspath=;CHART_RESOLUTION=null;org.eclipse.birt.data.engine.dataset.cache.option=false;birt.viewer.resource.path=/usr/share/tomcat/webapps/birt2;org.eclipse.birt.data.engine.cube.inmemory.size=0;PARENT_CLASSLOADER=WebappClassLoader
  context: /birt2
  delegate: false
  repositories:
----------> Parent Classloader:
java.net.URLClassLoader@7a81197d
;BIRT_VIEWER_HTTPSERVET_REQUEST=org.apache.catalina.connector.RequestFacade@68639bb7;
mar 24, 2021 8:39:25 AM org.eclipse.birt.report.engine.api.impl.EngineTask loggerParamters
DETALLADO: Running the report with paramters: 
mar 24, 2021 8:39:25 AM org.eclipse.birt.report.engine.api.impl.ReportEngine openReportDocument
DETALLADO: ReportEngine.openReportDocument: systemId=/usr/share/tomcat/webapps/birt2/depositos.rptdesign, file=/usr/share/tomcat/webapps/birt2/documents/BIRTDOC3488B50C318288181C6F9958D819720C/20210324_083924_913/depositos.rptdocument, options={semanticCheck=false, resourceFolder=/usr/share/tomcat/webapps/birt2} 
mar 24, 2021 8:39:25 AM org.eclipse.birt.report.engine.api.impl.ReportEngine openReportDocument
DETALLADO: ReportEngine.openReportDocument: systemId=/usr/share/tomcat/webapps/birt2/depositos.rptdesign, file=/usr/share/tomcat/webapps/birt2/documents/BIRTDOC3488B50C318288181C6F9958D819720C/20210324_083924_913/depositos.rptdocument, options={semanticCheck=false, resourceFolder=/usr/share/tomcat/webapps/birt2} 
mar 24, 2021 8:39:25 AM org.eclipse.birt.report.engine.api.impl.ReportEngine createRenderTask
DETALLADO: ReportEngine.createRenderTask: reportDocument=org.eclipse.birt.report.engine.api.impl.ReportDocumentReader@1d953f3d 
mar 24, 2021 8:39:25 AM org.eclipse.birt.report.engine.api.impl.EngineTask setAppContext
DETALLADO: EngineTask.setAppContext: context=webapplication.projectclasspath=;PARENT_CLASSLOADER=WebappClassLoader
  context: /birt2
  delegate: false
  repositories:
----------> Parent Classloader:
java.net.URLClassLoader@7a81197d
;
mar 24, 2021 8:39:25 AM org.eclipse.birt.report.engine.api.impl.ReportEngine openReportDesign
DETALLADO: ReportEngine.openReportDesign: name=/usr/share/tomcat/webapps/birt2/depositos.rptdesign, designStream=org.eclipse.birt.core.archive.compound.ArchiveEntryInputStream@77df4edf, options={3} 
mar 24, 2021 8:39:25 AM org.eclipse.birt.report.engine.api.impl.EngineTask setAppContext
DETALLADO: EngineTask.setAppContext: context=webapplication.projectclasspath=;CHART_RESOLUTION=null;org.eclipse.birt.data.engine.dataset.cache.option=false;birt.viewer.resource.path=/usr/share/tomcat/webapps/birt2;org.eclipse.birt.data.engine.cube.inmemory.size=0;PARENT_CLASSLOADER=WebappClassLoader
  context: /birt2
  delegate: false
  repositories:
----------> Parent Classloader:
java.net.URLClassLoader@7a81197d
;BIRT_VIEWER_HTTPSERVET_REQUEST=org.apache.catalina.connector.RequestFacade@68639bb7;
mar 24, 2021 8:39:25 AM org.eclipse.birt.report.engine.api.impl.EngineTask setLocale
DETALLADO: EngineTask.setLocale: locale=español (España)
