mar 23, 2021 8:42:22 PM org.eclipse.birt.report.engine.api.impl.ReportEngine <init>
DETALLADO: ReportEngine created. EngineConfig: EngineConfig: logDest=/usr/share/tomcat/webapps/birt2/logs;maxRowsPerQuery=-1;logLevel=ALL;org.eclipse.birt.report.engine.api.EngineConfig.scriptObjects={webapplication.projectclasspath=, PARENT_CLASSLOADER=WebappClassLoader
  context: /birt2
  delegate: false
  repositories:
----------> Parent Classloader:
java.net.URLClassLoader@7a81197d
};BIRT_HOME=;PLATFORM_CONTEXT=org.eclipse.birt.core.framework.PlatformServletContext@33853aaf;org.eclipse.birt.report.engine.api.EngineConfig.emitterConfigs={html=org.eclipse.birt.report.engine.api.HTMLRenderOption@1e2274fc}; 
mar 23, 2021 8:42:22 PM org.eclipse.birt.report.engine.extension.internal.ExtensionManager getExtensions
DETALLADO: Start load extension point: org.eclipse.birt.report.engine.reportitemGeneration
mar 23, 2021 8:42:22 PM org.eclipse.birt.report.engine.extension.internal.ExtensionManager loadGenerationExtensionDefns
DETALLADO: Load generation extension: Chart
mar 23, 2021 8:42:22 PM org.eclipse.birt.report.engine.extension.internal.ExtensionManager getExtensions
DETALLADO: Start load extension point: org.eclipse.birt.report.engine.reportitemPresentation
mar 23, 2021 8:42:22 PM org.eclipse.birt.report.engine.extension.internal.ExtensionManager loadPresentationExtensionDefns
DETALLADO: Load prsentation extension: Chart
mar 23, 2021 8:42:22 PM org.eclipse.birt.report.engine.extension.internal.ExtensionManager getExtensions
DETALLADO: Start load extension point: org.eclipse.birt.report.engine.reportitemQuery
mar 23, 2021 8:42:22 PM org.eclipse.birt.report.engine.extension.internal.ExtensionManager loadQueryExtensionDefns
DETALLADO: Load query extension: Chart
mar 23, 2021 8:42:22 PM org.eclipse.birt.report.engine.extension.internal.ExtensionManager getExtensions
DETALLADO: Start load extension point: org.eclipse.birt.report.engine.emitters
mar 23, 2021 8:42:22 PM org.eclipse.birt.report.engine.extension.internal.ExtensionManager loadEmitterExtensionDefns
DETALLADO: Load html emitter org.eclipse.birt.report.engine.emitter.html
mar 23, 2021 8:42:22 PM org.eclipse.birt.report.engine.extension.internal.ExtensionManager loadEmitterExtensionDefns
DETALLADO: Load pdf emitter org.eclipse.birt.report.engine.emitter.pdf
mar 23, 2021 8:42:22 PM org.eclipse.birt.report.engine.extension.internal.ExtensionManager loadEmitterExtensionDefns
DETALLADO: Load ppt emitter org.eclipse.birt.report.engine.emitter.ppt
mar 23, 2021 8:42:22 PM org.eclipse.birt.report.engine.extension.internal.ExtensionManager loadEmitterExtensionDefns
DETALLADO: Load postscript emitter org.eclipse.birt.report.engine.emitter.postscript
mar 23, 2021 8:42:22 PM org.eclipse.birt.report.engine.extension.internal.ExtensionManager loadEmitterExtensionDefns
DETALLADO: Load xls emitter org.eclipse.birt.report.engine.emitter.prototype.excel
mar 23, 2021 8:42:22 PM org.eclipse.birt.report.engine.extension.internal.ExtensionManager loadEmitterExtensionDefns
DETALLADO: Load doc emitter org.eclipse.birt.report.engine.emitter.word
mar 23, 2021 8:42:22 PM org.eclipse.birt.report.engine.extension.internal.ExtensionManager getExtensions
DETALLADO: Start load extension point: org.eclipse.birt.report.engine.reportEventHandler
mar 23, 2021 8:42:22 PM org.eclipse.birt.report.engine.extension.internal.ExtensionManager getExtensions
DETALLADO: Start load extension point: org.eclipse.birt.report.engine.reportItemPreparation
mar 23, 2021 8:42:22 PM org.eclipse.birt.report.engine.extension.internal.ExtensionManager getExtensions
DETALLADO: Start load extension point: org.eclipse.birt.report.engine.dataExtraction
mar 23, 2021 8:42:22 PM org.eclipse.birt.report.engine.extension.internal.ExtensionManager loadDataExtractionExtensions
DETALLADO: Load data extraction extension: org.eclipse.birt.report.engine.dataextraction.csv
mar 23, 2021 8:42:22 PM org.eclipse.birt.report.engine.extension.internal.ExtensionManager getExtensions
DETALLADO: Start load extension point: org.eclipse.birt.report.engine.extendedItemFactory
mar 23, 2021 8:42:22 PM org.eclipse.birt.report.engine.extension.internal.ExtensionManager loadExtendedItems
DETALLADO: Load extendedItem extension: Crosstab
mar 23, 2021 8:42:22 PM org.eclipse.birt.report.engine.extension.internal.ExtensionManager loadExtendedItems
DETALLADO: Load extendedItem extension: CrosstabCell
mar 23, 2021 8:42:22 PM org.eclipse.birt.report.engine.extension.internal.ExtensionManager loadExtendedItems
DETALLADO: Load extendedItem extension: AggregationCell
mar 23, 2021 8:42:39 PM org.eclipse.birt.report.engine.api.impl.ReportEngine openReportDocument
DETALLADO: ReportEngine.openReportDocument: systemId=/usr/share/tomcat/webapps/birt2/depositos.rptdesign, file=/usr/share/tomcat/webapps/birt2/documents/BIRTDOCF9A1F886E55CD7F02E0809D53C5DB46A/20210323_204239_022/depositos.rptdocument, options={semanticCheck=false, resourceFolder=/usr/share/tomcat/webapps/birt2} 
mar 23, 2021 8:42:39 PM org.eclipse.birt.report.engine.api.impl.ReportEngine openReportDesign
DETALLADO: ReportEngine.openReportDesign: name=file:/usr/share/tomcat/webapps/birt2/depositos.rptdesign, designStream=java.io.FileInputStream@26658c62, options={3} 
mar 23, 2021 8:42:39 PM org.eclipse.birt.report.model.util.XMLParserPoolImpl createParser
MÁS DETALLADO: created a new SAX parser
mar 23, 2021 8:42:39 PM org.eclipse.birt.report.model.util.XMLParserPoolImpl createParser
MÁS DETALLADO: created a new SAX parser
mar 23, 2021 8:42:39 PM org.eclipse.birt.report.engine.api.impl.ReportEngine createGetParameterDefinitionTask
DETALLADO: ReportEngine.createGetParameterDefinitionTask: reportRunnable=org.eclipse.birt.report.engine.api.impl.ReportRunnable@503da3e8 
mar 23, 2021 8:42:39 PM org.eclipse.birt.report.engine.api.impl.EngineTask setAppContext
DETALLADO: EngineTask.setAppContext: context=webapplication.projectclasspath=;PARENT_CLASSLOADER=WebappClassLoader
  context: /birt2
  delegate: false
  repositories:
----------> Parent Classloader:
java.net.URLClassLoader@7a81197d
;
mar 23, 2021 8:42:39 PM org.eclipse.birt.report.engine.api.impl.EngineTask setLocale
DETALLADO: EngineTask.setLocale: locale=español (España)
mar 23, 2021 8:42:39 PM org.eclipse.birt.report.engine.api.impl.EngineTask setAppContext
DETALLADO: EngineTask.setAppContext: context=webapplication.projectclasspath=;CHART_RESOLUTION=null;org.eclipse.birt.data.engine.dataset.cache.option=false;birt.viewer.resource.path=/usr/share/tomcat/webapps/birt2;org.eclipse.birt.data.engine.cube.inmemory.size=0;PARENT_CLASSLOADER=WebappClassLoader
  context: /birt2
  delegate: false
  repositories:
----------> Parent Classloader:
java.net.URLClassLoader@7a81197d
;BIRT_VIEWER_HTTPSERVET_REQUEST=org.apache.catalina.connector.RequestFacade@95b30f3;
mar 23, 2021 8:42:39 PM org.eclipse.birt.report.engine.api.impl.EngineTask setAppContext
DETALLADO: EngineTask.setAppContext: context=webapplication.projectclasspath=;PARENT_CLASSLOADER=WebappClassLoader
  context: /birt2
  delegate: false
  repositories:
----------> Parent Classloader:
java.net.URLClassLoader@7a81197d
;BIRT_VIEWER_HTTPSERVET_REQUEST=org.apache.catalina.connector.RequestFacade@95b30f3;
mar 23, 2021 8:42:39 PM org.eclipse.birt.report.engine.api.impl.ReportEngine createGetParameterDefinitionTask
DETALLADO: ReportEngine.createGetParameterDefinitionTask: reportRunnable=org.eclipse.birt.report.engine.api.impl.ReportRunnable@503da3e8 
mar 23, 2021 8:42:39 PM org.eclipse.birt.report.engine.api.impl.EngineTask setAppContext
DETALLADO: EngineTask.setAppContext: context=webapplication.projectclasspath=;PARENT_CLASSLOADER=WebappClassLoader
  context: /birt2
  delegate: false
  repositories:
----------> Parent Classloader:
java.net.URLClassLoader@7a81197d
;
mar 23, 2021 8:42:39 PM org.eclipse.birt.report.engine.api.impl.EngineTask setLocale
DETALLADO: EngineTask.setLocale: locale=español (España)
mar 23, 2021 8:42:39 PM org.eclipse.birt.report.engine.api.impl.EngineTask setAppContext
DETALLADO: EngineTask.setAppContext: context=webapplication.projectclasspath=;CHART_RESOLUTION=null;org.eclipse.birt.data.engine.dataset.cache.option=false;birt.viewer.resource.path=/usr/share/tomcat/webapps/birt2;org.eclipse.birt.data.engine.cube.inmemory.size=0;PARENT_CLASSLOADER=WebappClassLoader
  context: /birt2
  delegate: false
  repositories:
----------> Parent Classloader:
java.net.URLClassLoader@7a81197d
;BIRT_VIEWER_HTTPSERVET_REQUEST=org.apache.catalina.core.ApplicationHttpRequest@af84786;
mar 23, 2021 8:42:39 PM org.eclipse.birt.report.engine.api.impl.EngineTask setAppContext
DETALLADO: EngineTask.setAppContext: context=webapplication.projectclasspath=;PARENT_CLASSLOADER=WebappClassLoader
  context: /birt2
  delegate: false
  repositories:
----------> Parent Classloader:
java.net.URLClassLoader@7a81197d
;BIRT_VIEWER_HTTPSERVET_REQUEST=org.apache.catalina.core.ApplicationHttpRequest@af84786;
mar 23, 2021 8:42:39 PM org.eclipse.birt.report.engine.api.impl.ReportEngine openReportDocument
DETALLADO: ReportEngine.openReportDocument: systemId=/usr/share/tomcat/webapps/birt2/depositos.rptdesign, file=/usr/share/tomcat/webapps/birt2/documents/BIRTDOCF9A1F886E55CD7F02E0809D53C5DB46A/20210323_204239_022/depositos.rptdocument, options={semanticCheck=false, resourceFolder=/usr/share/tomcat/webapps/birt2} 
mar 23, 2021 8:42:39 PM org.eclipse.birt.report.engine.api.impl.ReportEngine openReportDesign
DETALLADO: ReportEngine.openReportDesign: name=file:/usr/share/tomcat/webapps/birt2/depositos.rptdesign, designStream=java.io.FileInputStream@4daee13c, options={3} 
mar 23, 2021 8:42:39 PM org.eclipse.birt.report.engine.api.impl.ReportEngine createGetParameterDefinitionTask
DETALLADO: ReportEngine.createGetParameterDefinitionTask: reportRunnable=org.eclipse.birt.report.engine.api.impl.ReportRunnable@30213e08 
mar 23, 2021 8:42:39 PM org.eclipse.birt.report.engine.api.impl.EngineTask setAppContext
DETALLADO: EngineTask.setAppContext: context=webapplication.projectclasspath=;PARENT_CLASSLOADER=WebappClassLoader
  context: /birt2
  delegate: false
  repositories:
----------> Parent Classloader:
java.net.URLClassLoader@7a81197d
;
mar 23, 2021 8:42:39 PM org.eclipse.birt.report.engine.api.impl.EngineTask setLocale
DETALLADO: EngineTask.setLocale: locale=español (España)
mar 23, 2021 8:42:39 PM org.eclipse.birt.report.engine.api.impl.EngineTask setAppContext
DETALLADO: EngineTask.setAppContext: context=webapplication.projectclasspath=;CHART_RESOLUTION=null;org.eclipse.birt.data.engine.dataset.cache.option=false;birt.viewer.resource.path=/usr/share/tomcat/webapps/birt2;org.eclipse.birt.data.engine.cube.inmemory.size=0;PARENT_CLASSLOADER=WebappClassLoader
  context: /birt2
  delegate: false
  repositories:
----------> Parent Classloader:
java.net.URLClassLoader@7a81197d
;BIRT_VIEWER_HTTPSERVET_REQUEST=org.apache.catalina.connector.RequestFacade@798417f0;
mar 23, 2021 8:42:39 PM org.eclipse.birt.report.engine.api.impl.EngineTask setAppContext
DETALLADO: EngineTask.setAppContext: context=webapplication.projectclasspath=;PARENT_CLASSLOADER=WebappClassLoader
  context: /birt2
  delegate: false
  repositories:
----------> Parent Classloader:
java.net.URLClassLoader@7a81197d
;BIRT_VIEWER_HTTPSERVET_REQUEST=org.apache.catalina.connector.RequestFacade@798417f0;
mar 23, 2021 8:42:40 PM org.eclipse.birt.report.engine.api.impl.ReportEngine createRunTask
DETALLADO: ReportEngine.createRunTask: reportRunnable=org.eclipse.birt.report.engine.api.impl.ReportRunnable@30213e08 
mar 23, 2021 8:42:40 PM org.eclipse.birt.report.engine.api.impl.EngineTask setAppContext
DETALLADO: EngineTask.setAppContext: context=webapplication.projectclasspath=;PARENT_CLASSLOADER=WebappClassLoader
  context: /birt2
  delegate: false
  repositories:
----------> Parent Classloader:
java.net.URLClassLoader@7a81197d
;
mar 23, 2021 8:42:40 PM org.eclipse.birt.report.engine.api.impl.EngineTask setLocale
DETALLADO: EngineTask.setLocale: locale=español (España)
mar 23, 2021 8:42:40 PM org.eclipse.birt.report.engine.api.impl.EngineTask setAppContext
DETALLADO: EngineTask.setAppContext: context=webapplication.projectclasspath=;CHART_RESOLUTION=null;org.eclipse.birt.data.engine.dataset.cache.option=false;birt.viewer.resource.path=/usr/share/tomcat/webapps/birt2;org.eclipse.birt.data.engine.cube.inmemory.size=0;PARENT_CLASSLOADER=WebappClassLoader
  context: /birt2
  delegate: false
  repositories:
----------> Parent Classloader:
java.net.URLClassLoader@7a81197d
;BIRT_VIEWER_HTTPSERVET_REQUEST=org.apache.catalina.connector.RequestFacade@798417f0;
mar 23, 2021 8:42:40 PM org.eclipse.birt.report.engine.api.impl.EngineTask loggerParamters
DETALLADO: Running the report with paramters: 
mar 23, 2021 8:42:40 PM org.eclipse.birt.report.engine.api.impl.ReportEngine openReportDocument
DETALLADO: ReportEngine.openReportDocument: systemId=/usr/share/tomcat/webapps/birt2/depositos.rptdesign, file=/usr/share/tomcat/webapps/birt2/documents/BIRTDOCF9A1F886E55CD7F02E0809D53C5DB46A/20210323_204239_022/depositos.rptdocument, options={semanticCheck=false, resourceFolder=/usr/share/tomcat/webapps/birt2} 
mar 23, 2021 8:42:40 PM org.eclipse.birt.report.engine.api.impl.ReportEngine openReportDocument
DETALLADO: ReportEngine.openReportDocument: systemId=/usr/share/tomcat/webapps/birt2/depositos.rptdesign, file=/usr/share/tomcat/webapps/birt2/documents/BIRTDOCF9A1F886E55CD7F02E0809D53C5DB46A/20210323_204239_022/depositos.rptdocument, options={semanticCheck=false, resourceFolder=/usr/share/tomcat/webapps/birt2} 
mar 23, 2021 8:42:40 PM org.eclipse.birt.report.engine.api.impl.ReportEngine createRenderTask
DETALLADO: ReportEngine.createRenderTask: reportDocument=org.eclipse.birt.report.engine.api.impl.ReportDocumentReader@25ba44ae 
mar 23, 2021 8:42:40 PM org.eclipse.birt.report.engine.api.impl.EngineTask setAppContext
DETALLADO: EngineTask.setAppContext: context=webapplication.projectclasspath=;PARENT_CLASSLOADER=WebappClassLoader
  context: /birt2
  delegate: false
  repositories:
----------> Parent Classloader:
java.net.URLClassLoader@7a81197d
;
mar 23, 2021 8:42:40 PM org.eclipse.birt.report.engine.api.impl.ReportEngine openReportDesign
DETALLADO: ReportEngine.openReportDesign: name=/usr/share/tomcat/webapps/birt2/depositos.rptdesign, designStream=org.eclipse.birt.core.archive.compound.ArchiveEntryInputStream@519d2007, options={3} 
mar 23, 2021 8:42:40 PM org.eclipse.birt.report.engine.api.impl.EngineTask setAppContext
DETALLADO: EngineTask.setAppContext: context=webapplication.projectclasspath=;CHART_RESOLUTION=null;org.eclipse.birt.data.engine.dataset.cache.option=false;birt.viewer.resource.path=/usr/share/tomcat/webapps/birt2;org.eclipse.birt.data.engine.cube.inmemory.size=0;PARENT_CLASSLOADER=WebappClassLoader
  context: /birt2
  delegate: false
  repositories:
----------> Parent Classloader:
java.net.URLClassLoader@7a81197d
;BIRT_VIEWER_HTTPSERVET_REQUEST=org.apache.catalina.connector.RequestFacade@798417f0;
mar 23, 2021 8:42:40 PM org.eclipse.birt.report.engine.api.impl.EngineTask setLocale
DETALLADO: EngineTask.setLocale: locale=español (España)
mar 23, 2021 8:53:37 PM org.eclipse.birt.report.engine.api.impl.ReportEngine openReportDocument
DETALLADO: ReportEngine.openReportDocument: systemId=/usr/share/tomcat/webapps/birt2/depositos.rptdesign, file=/usr/share/tomcat/webapps/birt2/documents/BIRTDOCF9A1F886E55CD7F02E0809D53C5DB46A/20210323_205337_628/depositos.rptdocument, options={semanticCheck=false, resourceFolder=/usr/share/tomcat/webapps/birt2} 
mar 23, 2021 8:53:37 PM org.eclipse.birt.report.engine.api.impl.ReportEngine openReportDesign
DETALLADO: ReportEngine.openReportDesign: name=file:/usr/share/tomcat/webapps/birt2/depositos.rptdesign, designStream=java.io.FileInputStream@33b58cb4, options={3} 
mar 23, 2021 8:53:37 PM org.eclipse.birt.report.engine.api.impl.ReportEngine createGetParameterDefinitionTask
DETALLADO: ReportEngine.createGetParameterDefinitionTask: reportRunnable=org.eclipse.birt.report.engine.api.impl.ReportRunnable@3bee8035 
mar 23, 2021 8:53:37 PM org.eclipse.birt.report.engine.api.impl.EngineTask setAppContext
DETALLADO: EngineTask.setAppContext: context=webapplication.projectclasspath=;PARENT_CLASSLOADER=WebappClassLoader
  context: /birt2
  delegate: false
  repositories:
----------> Parent Classloader:
java.net.URLClassLoader@7a81197d
;
mar 23, 2021 8:53:37 PM org.eclipse.birt.report.engine.api.impl.EngineTask setLocale
DETALLADO: EngineTask.setLocale: locale=español (España)
mar 23, 2021 8:53:37 PM org.eclipse.birt.report.engine.api.impl.EngineTask setAppContext
DETALLADO: EngineTask.setAppContext: context=webapplication.projectclasspath=;CHART_RESOLUTION=null;org.eclipse.birt.data.engine.dataset.cache.option=false;birt.viewer.resource.path=/usr/share/tomcat/webapps/birt2;org.eclipse.birt.data.engine.cube.inmemory.size=0;PARENT_CLASSLOADER=WebappClassLoader
  context: /birt2
  delegate: false
  repositories:
----------> Parent Classloader:
java.net.URLClassLoader@7a81197d
;BIRT_VIEWER_HTTPSERVET_REQUEST=org.apache.catalina.connector.RequestFacade@798417f0;
mar 23, 2021 8:53:37 PM org.eclipse.birt.report.engine.api.impl.EngineTask setAppContext
DETALLADO: EngineTask.setAppContext: context=webapplication.projectclasspath=;PARENT_CLASSLOADER=WebappClassLoader
  context: /birt2
  delegate: false
  repositories:
----------> Parent Classloader:
java.net.URLClassLoader@7a81197d
;BIRT_VIEWER_HTTPSERVET_REQUEST=org.apache.catalina.connector.RequestFacade@798417f0;
mar 23, 2021 8:53:37 PM org.eclipse.birt.report.engine.api.impl.ReportEngine createGetParameterDefinitionTask
DETALLADO: ReportEngine.createGetParameterDefinitionTask: reportRunnable=org.eclipse.birt.report.engine.api.impl.ReportRunnable@3bee8035 
mar 23, 2021 8:53:37 PM org.eclipse.birt.report.engine.api.impl.EngineTask setAppContext
DETALLADO: EngineTask.setAppContext: context=webapplication.projectclasspath=;PARENT_CLASSLOADER=WebappClassLoader
  context: /birt2
  delegate: false
  repositories:
----------> Parent Classloader:
java.net.URLClassLoader@7a81197d
;
mar 23, 2021 8:53:37 PM org.eclipse.birt.report.engine.api.impl.EngineTask setLocale
DETALLADO: EngineTask.setLocale: locale=español (España)
mar 23, 2021 8:53:37 PM org.eclipse.birt.report.engine.api.impl.EngineTask setAppContext
DETALLADO: EngineTask.setAppContext: context=webapplication.projectclasspath=;CHART_RESOLUTION=null;org.eclipse.birt.data.engine.dataset.cache.option=false;birt.viewer.resource.path=/usr/share/tomcat/webapps/birt2;org.eclipse.birt.data.engine.cube.inmemory.size=0;PARENT_CLASSLOADER=WebappClassLoader
  context: /birt2
  delegate: false
  repositories:
----------> Parent Classloader:
java.net.URLClassLoader@7a81197d
;BIRT_VIEWER_HTTPSERVET_REQUEST=org.apache.catalina.core.ApplicationHttpRequest@3c9262d3;
mar 23, 2021 8:53:37 PM org.eclipse.birt.report.engine.api.impl.EngineTask setAppContext
DETALLADO: EngineTask.setAppContext: context=webapplication.projectclasspath=;PARENT_CLASSLOADER=WebappClassLoader
  context: /birt2
  delegate: false
  repositories:
----------> Parent Classloader:
java.net.URLClassLoader@7a81197d
;BIRT_VIEWER_HTTPSERVET_REQUEST=org.apache.catalina.core.ApplicationHttpRequest@3c9262d3;
mar 23, 2021 8:53:37 PM org.eclipse.birt.report.engine.api.impl.ReportEngine openReportDocument
DETALLADO: ReportEngine.openReportDocument: systemId=/usr/share/tomcat/webapps/birt2/depositos.rptdesign, file=/usr/share/tomcat/webapps/birt2/documents/BIRTDOCF9A1F886E55CD7F02E0809D53C5DB46A/20210323_205337_628/depositos.rptdocument, options={semanticCheck=false, resourceFolder=/usr/share/tomcat/webapps/birt2} 
mar 23, 2021 8:53:37 PM org.eclipse.birt.report.engine.api.impl.ReportEngine openReportDesign
DETALLADO: ReportEngine.openReportDesign: name=file:/usr/share/tomcat/webapps/birt2/depositos.rptdesign, designStream=java.io.FileInputStream@6bbbec6c, options={3} 
mar 23, 2021 8:53:37 PM org.eclipse.birt.report.engine.api.impl.ReportEngine createGetParameterDefinitionTask
DETALLADO: ReportEngine.createGetParameterDefinitionTask: reportRunnable=org.eclipse.birt.report.engine.api.impl.ReportRunnable@1a06fa00 
mar 23, 2021 8:53:37 PM org.eclipse.birt.report.engine.api.impl.EngineTask setAppContext
DETALLADO: EngineTask.setAppContext: context=webapplication.projectclasspath=;PARENT_CLASSLOADER=WebappClassLoader
  context: /birt2
  delegate: false
  repositories:
----------> Parent Classloader:
java.net.URLClassLoader@7a81197d
;
mar 23, 2021 8:53:37 PM org.eclipse.birt.report.engine.api.impl.EngineTask setLocale
DETALLADO: EngineTask.setLocale: locale=español (España)
mar 23, 2021 8:53:37 PM org.eclipse.birt.report.engine.api.impl.EngineTask setAppContext
DETALLADO: EngineTask.setAppContext: context=webapplication.projectclasspath=;CHART_RESOLUTION=null;org.eclipse.birt.data.engine.dataset.cache.option=false;birt.viewer.resource.path=/usr/share/tomcat/webapps/birt2;org.eclipse.birt.data.engine.cube.inmemory.size=0;PARENT_CLASSLOADER=WebappClassLoader
  context: /birt2
  delegate: false
  repositories:
----------> Parent Classloader:
java.net.URLClassLoader@7a81197d
;BIRT_VIEWER_HTTPSERVET_REQUEST=org.apache.catalina.connector.RequestFacade@432d681a;
mar 23, 2021 8:53:37 PM org.eclipse.birt.report.engine.api.impl.EngineTask setAppContext
DETALLADO: EngineTask.setAppContext: context=webapplication.projectclasspath=;PARENT_CLASSLOADER=WebappClassLoader
  context: /birt2
  delegate: false
  repositories:
----------> Parent Classloader:
java.net.URLClassLoader@7a81197d
;BIRT_VIEWER_HTTPSERVET_REQUEST=org.apache.catalina.connector.RequestFacade@432d681a;
mar 23, 2021 8:53:37 PM org.eclipse.birt.report.engine.api.impl.ReportEngine createRunTask
DETALLADO: ReportEngine.createRunTask: reportRunnable=org.eclipse.birt.report.engine.api.impl.ReportRunnable@1a06fa00 
mar 23, 2021 8:53:37 PM org.eclipse.birt.report.engine.api.impl.EngineTask setAppContext
DETALLADO: EngineTask.setAppContext: context=webapplication.projectclasspath=;PARENT_CLASSLOADER=WebappClassLoader
  context: /birt2
  delegate: false
  repositories:
----------> Parent Classloader:
java.net.URLClassLoader@7a81197d
;
mar 23, 2021 8:53:37 PM org.eclipse.birt.report.engine.api.impl.EngineTask setLocale
DETALLADO: EngineTask.setLocale: locale=español (España)
mar 23, 2021 8:53:37 PM org.eclipse.birt.report.engine.api.impl.EngineTask setAppContext
DETALLADO: EngineTask.setAppContext: context=webapplication.projectclasspath=;CHART_RESOLUTION=null;org.eclipse.birt.data.engine.dataset.cache.option=false;birt.viewer.resource.path=/usr/share/tomcat/webapps/birt2;org.eclipse.birt.data.engine.cube.inmemory.size=0;PARENT_CLASSLOADER=WebappClassLoader
  context: /birt2
  delegate: false
  repositories:
----------> Parent Classloader:
java.net.URLClassLoader@7a81197d
;BIRT_VIEWER_HTTPSERVET_REQUEST=org.apache.catalina.connector.RequestFacade@432d681a;
mar 23, 2021 8:53:37 PM org.eclipse.birt.report.engine.api.impl.EngineTask loggerParamters
DETALLADO: Running the report with paramters: 
mar 23, 2021 8:53:37 PM org.eclipse.birt.report.engine.api.impl.ReportEngine openReportDocument
DETALLADO: ReportEngine.openReportDocument: systemId=/usr/share/tomcat/webapps/birt2/depositos.rptdesign, file=/usr/share/tomcat/webapps/birt2/documents/BIRTDOCF9A1F886E55CD7F02E0809D53C5DB46A/20210323_205337_628/depositos.rptdocument, options={semanticCheck=false, resourceFolder=/usr/share/tomcat/webapps/birt2} 
mar 23, 2021 8:53:37 PM org.eclipse.birt.report.engine.api.impl.ReportEngine openReportDocument
DETALLADO: ReportEngine.openReportDocument: systemId=/usr/share/tomcat/webapps/birt2/depositos.rptdesign, file=/usr/share/tomcat/webapps/birt2/documents/BIRTDOCF9A1F886E55CD7F02E0809D53C5DB46A/20210323_205337_628/depositos.rptdocument, options={semanticCheck=false, resourceFolder=/usr/share/tomcat/webapps/birt2} 
mar 23, 2021 8:53:37 PM org.eclipse.birt.report.engine.api.impl.ReportEngine createRenderTask
DETALLADO: ReportEngine.createRenderTask: reportDocument=org.eclipse.birt.report.engine.api.impl.ReportDocumentReader@e5e94c3 
mar 23, 2021 8:53:37 PM org.eclipse.birt.report.engine.api.impl.EngineTask setAppContext
DETALLADO: EngineTask.setAppContext: context=webapplication.projectclasspath=;PARENT_CLASSLOADER=WebappClassLoader
  context: /birt2
  delegate: false
  repositories:
----------> Parent Classloader:
java.net.URLClassLoader@7a81197d
;
mar 23, 2021 8:53:37 PM org.eclipse.birt.report.engine.api.impl.ReportEngine openReportDesign
DETALLADO: ReportEngine.openReportDesign: name=/usr/share/tomcat/webapps/birt2/depositos.rptdesign, designStream=org.eclipse.birt.core.archive.compound.ArchiveEntryInputStream@11035a43, options={3} 
mar 23, 2021 8:53:37 PM org.eclipse.birt.report.engine.api.impl.EngineTask setAppContext
DETALLADO: EngineTask.setAppContext: context=webapplication.projectclasspath=;CHART_RESOLUTION=null;org.eclipse.birt.data.engine.dataset.cache.option=false;birt.viewer.resource.path=/usr/share/tomcat/webapps/birt2;org.eclipse.birt.data.engine.cube.inmemory.size=0;PARENT_CLASSLOADER=WebappClassLoader
  context: /birt2
  delegate: false
  repositories:
----------> Parent Classloader:
java.net.URLClassLoader@7a81197d
;BIRT_VIEWER_HTTPSERVET_REQUEST=org.apache.catalina.connector.RequestFacade@432d681a;
mar 23, 2021 8:53:37 PM org.eclipse.birt.report.engine.api.impl.EngineTask setLocale
DETALLADO: EngineTask.setLocale: locale=español (España)
mar 23, 2021 8:53:40 PM org.eclipse.birt.report.engine.api.impl.ReportEngine openReportDocument
DETALLADO: ReportEngine.openReportDocument: systemId=/usr/share/tomcat/webapps/birt2/depositos.rptdesign, file=/usr/share/tomcat/webapps/birt2/documents/BIRTDOCF9A1F886E55CD7F02E0809D53C5DB46A/20210323_205340_764/depositos.rptdocument, options={semanticCheck=false, resourceFolder=/usr/share/tomcat/webapps/birt2} 
mar 23, 2021 8:53:40 PM org.eclipse.birt.report.engine.api.impl.ReportEngine openReportDesign
DETALLADO: ReportEngine.openReportDesign: name=file:/usr/share/tomcat/webapps/birt2/depositos.rptdesign, designStream=java.io.FileInputStream@573713e2, options={3} 
mar 23, 2021 8:53:40 PM org.eclipse.birt.report.engine.api.impl.ReportEngine createGetParameterDefinitionTask
DETALLADO: ReportEngine.createGetParameterDefinitionTask: reportRunnable=org.eclipse.birt.report.engine.api.impl.ReportRunnable@25600fbf 
mar 23, 2021 8:53:40 PM org.eclipse.birt.report.engine.api.impl.EngineTask setAppContext
DETALLADO: EngineTask.setAppContext: context=webapplication.projectclasspath=;PARENT_CLASSLOADER=WebappClassLoader
  context: /birt2
  delegate: false
  repositories:
----------> Parent Classloader:
java.net.URLClassLoader@7a81197d
;
mar 23, 2021 8:53:40 PM org.eclipse.birt.report.engine.api.impl.EngineTask setLocale
DETALLADO: EngineTask.setLocale: locale=español (España)
mar 23, 2021 8:53:40 PM org.eclipse.birt.report.engine.api.impl.EngineTask setAppContext
DETALLADO: EngineTask.setAppContext: context=webapplication.projectclasspath=;CHART_RESOLUTION=null;org.eclipse.birt.data.engine.dataset.cache.option=false;birt.viewer.resource.path=/usr/share/tomcat/webapps/birt2;org.eclipse.birt.data.engine.cube.inmemory.size=0;PARENT_CLASSLOADER=WebappClassLoader
  context: /birt2
  delegate: false
  repositories:
----------> Parent Classloader:
java.net.URLClassLoader@7a81197d
;BIRT_VIEWER_HTTPSERVET_REQUEST=org.apache.catalina.connector.RequestFacade@95b30f3;
mar 23, 2021 8:53:40 PM org.eclipse.birt.report.engine.api.impl.EngineTask setAppContext
DETALLADO: EngineTask.setAppContext: context=webapplication.projectclasspath=;PARENT_CLASSLOADER=WebappClassLoader
  context: /birt2
  delegate: false
  repositories:
----------> Parent Classloader:
java.net.URLClassLoader@7a81197d
;BIRT_VIEWER_HTTPSERVET_REQUEST=org.apache.catalina.connector.RequestFacade@95b30f3;
mar 23, 2021 8:53:40 PM org.eclipse.birt.report.engine.api.impl.ReportEngine createGetParameterDefinitionTask
DETALLADO: ReportEngine.createGetParameterDefinitionTask: reportRunnable=org.eclipse.birt.report.engine.api.impl.ReportRunnable@25600fbf 
mar 23, 2021 8:53:40 PM org.eclipse.birt.report.engine.api.impl.EngineTask setAppContext
DETALLADO: EngineTask.setAppContext: context=webapplication.projectclasspath=;PARENT_CLASSLOADER=WebappClassLoader
  context: /birt2
  delegate: false
  repositories:
----------> Parent Classloader:
java.net.URLClassLoader@7a81197d
;
mar 23, 2021 8:53:40 PM org.eclipse.birt.report.engine.api.impl.EngineTask setLocale
DETALLADO: EngineTask.setLocale: locale=español (España)
mar 23, 2021 8:53:40 PM org.eclipse.birt.report.engine.api.impl.EngineTask setAppContext
DETALLADO: EngineTask.setAppContext: context=webapplication.projectclasspath=;CHART_RESOLUTION=null;org.eclipse.birt.data.engine.dataset.cache.option=false;birt.viewer.resource.path=/usr/share/tomcat/webapps/birt2;org.eclipse.birt.data.engine.cube.inmemory.size=0;PARENT_CLASSLOADER=WebappClassLoader
  context: /birt2
  delegate: false
  repositories:
----------> Parent Classloader:
java.net.URLClassLoader@7a81197d
;BIRT_VIEWER_HTTPSERVET_REQUEST=org.apache.catalina.core.ApplicationHttpRequest@4599cf10;
mar 23, 2021 8:53:40 PM org.eclipse.birt.report.engine.api.impl.EngineTask setAppContext
DETALLADO: EngineTask.setAppContext: context=webapplication.projectclasspath=;PARENT_CLASSLOADER=WebappClassLoader
  context: /birt2
  delegate: false
  repositories:
----------> Parent Classloader:
java.net.URLClassLoader@7a81197d
;BIRT_VIEWER_HTTPSERVET_REQUEST=org.apache.catalina.core.ApplicationHttpRequest@4599cf10;
mar 23, 2021 8:53:40 PM org.eclipse.birt.report.engine.api.impl.ReportEngine openReportDocument
DETALLADO: ReportEngine.openReportDocument: systemId=/usr/share/tomcat/webapps/birt2/depositos.rptdesign, file=/usr/share/tomcat/webapps/birt2/documents/BIRTDOCF9A1F886E55CD7F02E0809D53C5DB46A/20210323_205340_764/depositos.rptdocument, options={semanticCheck=false, resourceFolder=/usr/share/tomcat/webapps/birt2} 
mar 23, 2021 8:53:40 PM org.eclipse.birt.report.engine.api.impl.ReportEngine openReportDesign
DETALLADO: ReportEngine.openReportDesign: name=file:/usr/share/tomcat/webapps/birt2/depositos.rptdesign, designStream=java.io.FileInputStream@1f3833f2, options={3} 
mar 23, 2021 8:53:40 PM org.eclipse.birt.report.engine.api.impl.ReportEngine createGetParameterDefinitionTask
DETALLADO: ReportEngine.createGetParameterDefinitionTask: reportRunnable=org.eclipse.birt.report.engine.api.impl.ReportRunnable@47e1d988 
mar 23, 2021 8:53:40 PM org.eclipse.birt.report.engine.api.impl.EngineTask setAppContext
DETALLADO: EngineTask.setAppContext: context=webapplication.projectclasspath=;PARENT_CLASSLOADER=WebappClassLoader
  context: /birt2
  delegate: false
  repositories:
----------> Parent Classloader:
java.net.URLClassLoader@7a81197d
;
mar 23, 2021 8:53:40 PM org.eclipse.birt.report.engine.api.impl.EngineTask setLocale
DETALLADO: EngineTask.setLocale: locale=español (España)
mar 23, 2021 8:53:40 PM org.eclipse.birt.report.engine.api.impl.EngineTask setAppContext
DETALLADO: EngineTask.setAppContext: context=webapplication.projectclasspath=;CHART_RESOLUTION=null;org.eclipse.birt.data.engine.dataset.cache.option=false;birt.viewer.resource.path=/usr/share/tomcat/webapps/birt2;org.eclipse.birt.data.engine.cube.inmemory.size=0;PARENT_CLASSLOADER=WebappClassLoader
  context: /birt2
  delegate: false
  repositories:
----------> Parent Classloader:
java.net.URLClassLoader@7a81197d
;BIRT_VIEWER_HTTPSERVET_REQUEST=org.apache.catalina.connector.RequestFacade@432d681a;
mar 23, 2021 8:53:40 PM org.eclipse.birt.report.engine.api.impl.EngineTask setAppContext
DETALLADO: EngineTask.setAppContext: context=webapplication.projectclasspath=;PARENT_CLASSLOADER=WebappClassLoader
  context: /birt2
  delegate: false
  repositories:
----------> Parent Classloader:
java.net.URLClassLoader@7a81197d
;BIRT_VIEWER_HTTPSERVET_REQUEST=org.apache.catalina.connector.RequestFacade@432d681a;
mar 23, 2021 8:53:40 PM org.eclipse.birt.report.engine.api.impl.ReportEngine createRunTask
DETALLADO: ReportEngine.createRunTask: reportRunnable=org.eclipse.birt.report.engine.api.impl.ReportRunnable@47e1d988 
mar 23, 2021 8:53:40 PM org.eclipse.birt.report.engine.api.impl.EngineTask setAppContext
DETALLADO: EngineTask.setAppContext: context=webapplication.projectclasspath=;PARENT_CLASSLOADER=WebappClassLoader
  context: /birt2
  delegate: false
  repositories:
----------> Parent Classloader:
java.net.URLClassLoader@7a81197d
;
mar 23, 2021 8:53:40 PM org.eclipse.birt.report.engine.api.impl.EngineTask setLocale
DETALLADO: EngineTask.setLocale: locale=español (España)
mar 23, 2021 8:53:40 PM org.eclipse.birt.report.engine.api.impl.EngineTask setAppContext
DETALLADO: EngineTask.setAppContext: context=webapplication.projectclasspath=;CHART_RESOLUTION=null;org.eclipse.birt.data.engine.dataset.cache.option=false;birt.viewer.resource.path=/usr/share/tomcat/webapps/birt2;org.eclipse.birt.data.engine.cube.inmemory.size=0;PARENT_CLASSLOADER=WebappClassLoader
  context: /birt2
  delegate: false
  repositories:
----------> Parent Classloader:
java.net.URLClassLoader@7a81197d
;BIRT_VIEWER_HTTPSERVET_REQUEST=org.apache.catalina.connector.RequestFacade@432d681a;
mar 23, 2021 8:53:40 PM org.eclipse.birt.report.engine.api.impl.EngineTask loggerParamters
DETALLADO: Running the report with paramters: 
mar 23, 2021 8:53:41 PM org.eclipse.birt.report.engine.api.impl.ReportEngine openReportDocument
DETALLADO: ReportEngine.openReportDocument: systemId=/usr/share/tomcat/webapps/birt2/depositos.rptdesign, file=/usr/share/tomcat/webapps/birt2/documents/BIRTDOCF9A1F886E55CD7F02E0809D53C5DB46A/20210323_205340_764/depositos.rptdocument, options={semanticCheck=false, resourceFolder=/usr/share/tomcat/webapps/birt2} 
mar 23, 2021 8:53:41 PM org.eclipse.birt.report.engine.api.impl.ReportEngine openReportDocument
DETALLADO: ReportEngine.openReportDocument: systemId=/usr/share/tomcat/webapps/birt2/depositos.rptdesign, file=/usr/share/tomcat/webapps/birt2/documents/BIRTDOCF9A1F886E55CD7F02E0809D53C5DB46A/20210323_205340_764/depositos.rptdocument, options={semanticCheck=false, resourceFolder=/usr/share/tomcat/webapps/birt2} 
mar 23, 2021 8:53:41 PM org.eclipse.birt.report.engine.api.impl.ReportEngine createRenderTask
DETALLADO: ReportEngine.createRenderTask: reportDocument=org.eclipse.birt.report.engine.api.impl.ReportDocumentReader@2a4db9df 
mar 23, 2021 8:53:41 PM org.eclipse.birt.report.engine.api.impl.EngineTask setAppContext
DETALLADO: EngineTask.setAppContext: context=webapplication.projectclasspath=;PARENT_CLASSLOADER=WebappClassLoader
  context: /birt2
  delegate: false
  repositories:
----------> Parent Classloader:
java.net.URLClassLoader@7a81197d
;
mar 23, 2021 8:53:41 PM org.eclipse.birt.report.engine.api.impl.ReportEngine openReportDesign
DETALLADO: ReportEngine.openReportDesign: name=/usr/share/tomcat/webapps/birt2/depositos.rptdesign, designStream=org.eclipse.birt.core.archive.compound.ArchiveEntryInputStream@3115a136, options={3} 
mar 23, 2021 8:53:41 PM org.eclipse.birt.report.engine.api.impl.EngineTask setAppContext
DETALLADO: EngineTask.setAppContext: context=webapplication.projectclasspath=;CHART_RESOLUTION=null;org.eclipse.birt.data.engine.dataset.cache.option=false;birt.viewer.resource.path=/usr/share/tomcat/webapps/birt2;org.eclipse.birt.data.engine.cube.inmemory.size=0;PARENT_CLASSLOADER=WebappClassLoader
  context: /birt2
  delegate: false
  repositories:
----------> Parent Classloader:
java.net.URLClassLoader@7a81197d
;BIRT_VIEWER_HTTPSERVET_REQUEST=org.apache.catalina.connector.RequestFacade@432d681a;
mar 23, 2021 8:53:41 PM org.eclipse.birt.report.engine.api.impl.EngineTask setLocale
DETALLADO: EngineTask.setLocale: locale=español (España)
