!SESSION 2016-10-30 08:30:38.141 -----------------------------------------------
eclipse.buildId=unknown
java.version=1.7.0_45
java.vendor=Oracle Corporation
BootLoader constants: OS=win32, ARCH=x86, WS=win32, NL=es_PY

!ENTRY org.eclipse.update.configurator 4 0 2016-10-30 08:30:38.141
!MESSAGE Could not rename configuration temp file

!ENTRY org.eclipse.update.configurator 4 0 2016-10-30 08:30:38.143
!MESSAGE Unable to save configuration file "C:\xampp\tomcat\webapps\birt\WEB-INF\platform\configuration\org.eclipse.update\platform.xml.tmp"
!STACK 0
java.io.IOException: Unable to save configuration file "C:\xampp\tomcat\webapps\birt\WEB-INF\platform\configuration\org.eclipse.update\platform.xml.tmp"
	at org.eclipse.update.internal.configurator.PlatformConfiguration.save(PlatformConfiguration.java:690)
	at org.eclipse.update.internal.configurator.PlatformConfiguration.save(PlatformConfiguration.java:574)
	at org.eclipse.update.internal.configurator.PlatformConfiguration.startup(PlatformConfiguration.java:714)
	at org.eclipse.update.internal.configurator.ConfigurationActivator.getPlatformConfiguration(ConfigurationActivator.java:404)
	at org.eclipse.update.internal.configurator.ConfigurationActivator.initialize(ConfigurationActivator.java:136)
	at org.eclipse.update.internal.configurator.ConfigurationActivator.start(ConfigurationActivator.java:69)
	at org.eclipse.osgi.framework.internal.core.BundleContextImpl$1.run(BundleContextImpl.java:783)
	at java.security.AccessController.doPrivileged(Native Method)
	at org.eclipse.osgi.framework.internal.core.BundleContextImpl.startActivator(BundleContextImpl.java:774)
	at org.eclipse.osgi.framework.internal.core.BundleContextImpl.start(BundleContextImpl.java:755)
	at org.eclipse.osgi.framework.internal.core.BundleHost.startWorker(BundleHost.java:370)
	at org.eclipse.osgi.framework.internal.core.AbstractBundle.resume(AbstractBundle.java:374)
	at org.eclipse.osgi.framework.internal.core.Framework.resumeBundle(Framework.java:1067)
	at org.eclipse.osgi.framework.internal.core.StartLevelManager.resumeBundles(StartLevelManager.java:561)
	at org.eclipse.osgi.framework.internal.core.StartLevelManager.resumeBundles(StartLevelManager.java:546)
	at org.eclipse.osgi.framework.internal.core.StartLevelManager.incFWSL(StartLevelManager.java:459)
	at org.eclipse.osgi.framework.internal.core.StartLevelManager.doSetStartLevel(StartLevelManager.java:243)
	at org.eclipse.osgi.framework.internal.core.StartLevelManager.dispatchEvent(StartLevelManager.java:440)
	at org.eclipse.osgi.framework.eventmgr.EventManager.dispatchEvent(EventManager.java:227)
	at org.eclipse.osgi.framework.eventmgr.EventManager$EventThread.run(EventManager.java:337)
